{
  "stats": {
    "suites": 7,
    "tests": 17,
    "passes": 4,
    "pending": 0,
    "failures": 13,
    "start": "2022-03-15T11:14:19.630Z",
    "end": "2022-03-15T11:15:24.075Z",
    "duration": 64445,
    "testsRegistered": 25,
    "passPercent": 16,
    "pendingPercent": 0,
    "other": 0,
    "hasOther": false,
    "skipped": 8,
    "hasSkipped": true
  },
  "results": [
    {
      "uuid": "bd36db66-95a1-4166-9fad-1c7c63a92135",
      "title": "",
      "fullFile": "cypress/integration/resolver_spec.js",
      "file": "cypress/integration/resolver_spec.js",
      "beforeHooks": [],
      "afterHooks": [],
      "tests": [],
      "suites": [
        {
          "uuid": "efb6e283-f8a8-4357-9bcb-11b72a0b6801",
          "title": "Test Scenario 1: DID Resolution Result overview: https://api.godiddy.com/0.1.0/universal-resolver/identifiers/",
          "fullFile": "",
          "file": "",
          "beforeHooks": [],
          "afterHooks": [],
          "tests": [
            {
              "title": "MUST return HTTP code 200",
              "fullTitle": "Test Scenario 1: DID Resolution Result overview: https://api.godiddy.com/0.1.0/universal-resolver/identifiers/ MUST return HTTP code 200",
              "timedOut": null,
              "duration": 1546,
              "state": "passed",
              "speed": "fast",
              "pass": true,
              "fail": false,
              "pending": false,
              "context": null,
              "code": "cy.get(\"@request\").then(response => {\n  expect(response.status).to.eq(200);\n});",
              "err": {},
              "uuid": "ab106978-889f-4db2-80b2-955d91b2b042",
              "parentUUID": "efb6e283-f8a8-4357-9bcb-11b72a0b6801",
              "isHook": false,
              "skipped": false
            },
            {
              "title": "Should have header with Content-Type with value application/ld+json;profile=\"https://w3id.org/did-resolution\" ",
              "fullTitle": "Test Scenario 1: DID Resolution Result overview: https://api.godiddy.com/0.1.0/universal-resolver/identifiers/ Should have header with Content-Type with value application/ld+json;profile=\"https://w3id.org/did-resolution\" ",
              "timedOut": null,
              "duration": 483,
              "state": "failed",
              "speed": null,
              "pass": false,
              "fail": true,
              "pending": false,
              "context": null,
              "code": "cy.get(\"@request\").then(response => {\n  expect(response.headers[\"content-type\"]).to.contain('application/ld+json;profile=\"https://w3id.org/did-resolution');\n});",
              "err": {
                "message": "AssertionError: expected 'application/ld+json; profile=\"https://w3id.org/did-resolution\";charset=utf-8' to include 'application/ld+json;profile=\"https://w3id.org/did-resolution'",
                "estack": "AssertionError: expected 'application/ld+json; profile=\"https://w3id.org/did-resolution\";charset=utf-8' to include 'application/ld+json;profile=\"https://w3id.org/did-resolution'\n    at Context.eval (http://localhost:50472/__cypress/tests?p=cypress/integration/resolver_spec.js:114:51)",
                "diff": null
              },
              "uuid": "76d3bb13-810d-4ccd-98f3-647a9b698e8c",
              "parentUUID": "efb6e283-f8a8-4357-9bcb-11b72a0b6801",
              "isHook": false,
              "skipped": false
            },
            {
              "title": "Must contain property didDocument",
              "fullTitle": "Test Scenario 1: DID Resolution Result overview: https://api.godiddy.com/0.1.0/universal-resolver/identifiers/ Must contain property didDocument",
              "timedOut": null,
              "duration": 984,
              "state": "passed",
              "speed": "fast",
              "pass": true,
              "fail": false,
              "pending": false,
              "context": null,
              "code": "cy.get(\"@request\").then(response => {\n  expect(response.body).to.have.property(\"didDocument\");\n});",
              "err": {},
              "uuid": "4fef05ac-810b-4854-832e-d328ae31f704",
              "parentUUID": "efb6e283-f8a8-4357-9bcb-11b72a0b6801",
              "isHook": false,
              "skipped": false
            },
            {
              "title": "Must contain property didResolutionMetadata",
              "fullTitle": "Test Scenario 1: DID Resolution Result overview: https://api.godiddy.com/0.1.0/universal-resolver/identifiers/ Must contain property didResolutionMetadata",
              "timedOut": null,
              "duration": 362,
              "state": "passed",
              "speed": "fast",
              "pass": true,
              "fail": false,
              "pending": false,
              "context": null,
              "code": "cy.get(\"@request\").then(response => {\n  expect(response.body).to.have.property(\"didResolutionMetadata\");\n});",
              "err": {},
              "uuid": "b5a0a069-d40e-4e5c-a8d5-30877b147d0e",
              "parentUUID": "efb6e283-f8a8-4357-9bcb-11b72a0b6801",
              "isHook": false,
              "skipped": false
            },
            {
              "title": "Must contain property didDocumentMetadata",
              "fullTitle": "Test Scenario 1: DID Resolution Result overview: https://api.godiddy.com/0.1.0/universal-resolver/identifiers/ Must contain property didDocumentMetadata",
              "timedOut": null,
              "duration": 343,
              "state": "passed",
              "speed": "fast",
              "pass": true,
              "fail": false,
              "pending": false,
              "context": null,
              "code": "cy.get(\"@request\").then(response => {\n  expect(response.body).to.have.property(\"didDocumentMetadata\");\n});",
              "err": {},
              "uuid": "1dd75b87-08be-48d4-9f0c-a95048605d7f",
              "parentUUID": "efb6e283-f8a8-4357-9bcb-11b72a0b6801",
              "isHook": false,
              "skipped": false
            }
          ],
          "suites": [],
          "passes": [
            "ab106978-889f-4db2-80b2-955d91b2b042",
            "4fef05ac-810b-4854-832e-d328ae31f704",
            "b5a0a069-d40e-4e5c-a8d5-30877b147d0e",
            "1dd75b87-08be-48d4-9f0c-a95048605d7f"
          ],
          "failures": [
            "76d3bb13-810d-4ccd-98f3-647a9b698e8c"
          ],
          "pending": [],
          "skipped": [],
          "duration": 3718,
          "root": false,
          "rootEmpty": false,
          "_timeout": 2000
        },
        {
          "uuid": "b19eea5d-0c5c-4584-9b54-65ba417f68e4",
          "title": "Test Scenario 2: JSON-LD DID document",
          "fullFile": "",
          "file": "",
          "beforeHooks": [],
          "afterHooks": [],
          "tests": [
            {
              "title": "Should have response status 200",
              "fullTitle": "Test Scenario 2: JSON-LD DID document Should have response status 200",
              "timedOut": null,
              "duration": 5012,
              "state": "failed",
              "speed": null,
              "pass": false,
              "fail": true,
              "pending": false,
              "context": null,
              "code": "cy.get(\"@headers\").then(response => {\n  expect(response.status).to.eq(200);\n});",
              "err": {
                "message": "CypressError: `cy.request()` timed out waiting `5000ms` for a response from your server.\n\nThe request we sent was:\n\nMethod: GET\nURL: https://dev.uniresolver.io/1.0/identifiers/did:sov:WRfXPg8dantKVubE3HX8pw\n\nNo response was received within the timeout.\n\nhttps://on.cypress.io/request\n\nBecause this error occurred during a `before each` hook we are skipping the remaining tests in the current suite: `Test Scenario 2: JSON-LD DI...`",
                "estack": "CypressError: `cy.request()` timed out waiting `5000ms` for a response from your server.\n\nThe request we sent was:\n\nMethod: GET\nURL: https://dev.uniresolver.io/1.0/identifiers/did:sov:WRfXPg8dantKVubE3HX8pw\n\nNo response was received within the timeout.\n\nhttps://on.cypress.io/request\n\nBecause this error occurred during a `before each` hook we are skipping the remaining tests in the current suite: `Test Scenario 2: JSON-LD DI...`\n    at http://localhost:50472/__cypress/runner/cypress_runner.js:160652:78\n    at tryCatcher (http://localhost:50472/__cypress/runner/cypress_runner.js:13022:23)\n    at http://localhost:50472/__cypress/runner/cypress_runner.js:8144:41\n    at tryCatcher (http://localhost:50472/__cypress/runner/cypress_runner.js:13022:23)\n    at Promise._settlePromiseFromHandler (http://localhost:50472/__cypress/runner/cypress_runner.js:10957:31)\n    at Promise._settlePromise (http://localhost:50472/__cypress/runner/cypress_runner.js:11014:18)\n    at Promise._settlePromise0 (http://localhost:50472/__cypress/runner/cypress_runner.js:11059:10)\n    at Promise._settlePromises (http://localhost:50472/__cypress/runner/cypress_runner.js:11135:18)\n    at _drainQueueStep (http://localhost:50472/__cypress/runner/cypress_runner.js:7729:12)\n    at _drainQueue (http://localhost:50472/__cypress/runner/cypress_runner.js:7722:9)\n    at Async.../../node_modules/bluebird/js/release/async.js.Async._drainQueues (http://localhost:50472/__cypress/runner/cypress_runner.js:7738:5)\n    at Async.drainQueues (http://localhost:50472/__cypress/runner/cypress_runner.js:7608:14)\nFrom Your Spec Code:\n    at Context.eval (http://localhost:50472/__cypress/tests?p=cypress/integration/resolver_spec.js:135:8)",
                "diff": null
              },
              "uuid": "0864a541-9046-4708-9c28-853a32f35f97",
              "parentUUID": "b19eea5d-0c5c-4584-9b54-65ba417f68e4",
              "isHook": false,
              "skipped": false
            },
            {
              "title": "Should have header with content type",
              "fullTitle": "Test Scenario 2: JSON-LD DID document Should have header with content type",
              "timedOut": null,
              "duration": 0,
              "state": "skipped",
              "speed": null,
              "pass": false,
              "fail": false,
              "pending": false,
              "context": null,
              "code": "cy.get(\"@headers\").then(response => {\n  expect(response.headers[\"content-type\"]).to.contain(\"application/did+ld+json\");\n});",
              "err": {},
              "uuid": "b0156ab6-3955-48a6-8165-c367cc6944ca",
              "parentUUID": "b19eea5d-0c5c-4584-9b54-65ba417f68e4",
              "isHook": false,
              "skipped": true
            },
            {
              "title": "Should not have property didDocument",
              "fullTitle": "Test Scenario 2: JSON-LD DID document Should not have property didDocument",
              "timedOut": null,
              "duration": 0,
              "state": "skipped",
              "speed": null,
              "pass": false,
              "fail": false,
              "pending": false,
              "context": null,
              "code": "cy.get(\"@headers\").then(response => {\n  expect(response.body).not.to.have.property(\"didDocument\");\n});",
              "err": {},
              "uuid": "bb220dca-572a-4919-85bd-78d4ffa36128",
              "parentUUID": "b19eea5d-0c5c-4584-9b54-65ba417f68e4",
              "isHook": false,
              "skipped": true
            },
            {
              "title": "Should have property @context",
              "fullTitle": "Test Scenario 2: JSON-LD DID document Should have property @context",
              "timedOut": null,
              "duration": 0,
              "state": "skipped",
              "speed": null,
              "pass": false,
              "fail": false,
              "pending": false,
              "context": null,
              "code": "cy.get(\"@headers\").then(response => {\n  expect(response.body).to.have.property(\"@context\");\n});",
              "err": {},
              "uuid": "aedae2c5-14d3-4359-b03a-ca41539837e2",
              "parentUUID": "b19eea5d-0c5c-4584-9b54-65ba417f68e4",
              "isHook": false,
              "skipped": true
            }
          ],
          "suites": [],
          "passes": [],
          "failures": [
            "0864a541-9046-4708-9c28-853a32f35f97"
          ],
          "pending": [],
          "skipped": [
            "b0156ab6-3955-48a6-8165-c367cc6944ca",
            "bb220dca-572a-4919-85bd-78d4ffa36128",
            "aedae2c5-14d3-4359-b03a-ca41539837e2"
          ],
          "duration": 5012,
          "root": false,
          "rootEmpty": false,
          "_timeout": 2000
        },
        {
          "uuid": "431dd838-6d4e-4f8c-bb9a-56a23150efef",
          "title": "Test Scenario 3: Representation not supported",
          "fullFile": "",
          "file": "",
          "beforeHooks": [],
          "afterHooks": [],
          "tests": [
            {
              "title": "MUST return HTTP code 406",
              "fullTitle": "Test Scenario 3: Representation not supported MUST return HTTP code 406",
              "timedOut": null,
              "duration": 5043,
              "state": "failed",
              "speed": null,
              "pass": false,
              "fail": true,
              "pending": false,
              "context": null,
              "code": "cy.request({\n  method: \"GET\",\n  url: \"https://dev.uniresolver.io/1.0/identifiers/did:sov:WRfXPg8dantKVubE3HX8pw\",\n  failOnStatusCode: false,\n  headers: {\n    Accept: \"image/png\"\n  }\n}).then(response => {\n  expect(response.status).to.eq(406);\n});",
              "err": {
                "message": "CypressError: `cy.request()` timed out waiting `5000ms` for a response from your server.\n\nThe request we sent was:\n\nMethod: GET\nURL: https://dev.uniresolver.io/1.0/identifiers/did:sov:WRfXPg8dantKVubE3HX8pw\n\nNo response was received within the timeout.\n\nhttps://on.cypress.io/request",
                "estack": "CypressError: `cy.request()` timed out waiting `5000ms` for a response from your server.\n\nThe request we sent was:\n\nMethod: GET\nURL: https://dev.uniresolver.io/1.0/identifiers/did:sov:WRfXPg8dantKVubE3HX8pw\n\nNo response was received within the timeout.\n\nhttps://on.cypress.io/request\n    at http://localhost:50472/__cypress/runner/cypress_runner.js:160652:78\n    at tryCatcher (http://localhost:50472/__cypress/runner/cypress_runner.js:13022:23)\n    at http://localhost:50472/__cypress/runner/cypress_runner.js:8144:41\n    at tryCatcher (http://localhost:50472/__cypress/runner/cypress_runner.js:13022:23)\n    at Promise._settlePromiseFromHandler (http://localhost:50472/__cypress/runner/cypress_runner.js:10957:31)\n    at Promise._settlePromise (http://localhost:50472/__cypress/runner/cypress_runner.js:11014:18)\n    at Promise._settlePromise0 (http://localhost:50472/__cypress/runner/cypress_runner.js:11059:10)\n    at Promise._settlePromises (http://localhost:50472/__cypress/runner/cypress_runner.js:11135:18)\n    at _drainQueueStep (http://localhost:50472/__cypress/runner/cypress_runner.js:7729:12)\n    at _drainQueue (http://localhost:50472/__cypress/runner/cypress_runner.js:7722:9)\n    at Async.../../node_modules/bluebird/js/release/async.js.Async._drainQueues (http://localhost:50472/__cypress/runner/cypress_runner.js:7738:5)\n    at Async.drainQueues (http://localhost:50472/__cypress/runner/cypress_runner.js:7608:14)\nFrom Your Spec Code:\n    at Context.eval (http://localhost:50472/__cypress/tests?p=cypress/integration/resolver_spec.js:166:8)",
                "diff": null
              },
              "uuid": "f6b26f67-6027-470e-9bdc-6b4baa353a08",
              "parentUUID": "431dd838-6d4e-4f8c-bb9a-56a23150efef",
              "isHook": false,
              "skipped": false
            }
          ],
          "suites": [],
          "passes": [],
          "failures": [
            "f6b26f67-6027-470e-9bdc-6b4baa353a08"
          ],
          "pending": [],
          "skipped": [],
          "duration": 5043,
          "root": false,
          "rootEmpty": false,
          "_timeout": 2000
        },
        {
          "uuid": "626da926-720e-4c96-a830-6be82e7346d7",
          "title": "Test Scenario 4: Deactivated",
          "fullFile": "",
          "file": "",
          "beforeHooks": [],
          "afterHooks": [],
          "tests": [
            {
              "title": "MUST return HTTP code 410",
              "fullTitle": "Test Scenario 4: Deactivated MUST return HTTP code 410",
              "timedOut": null,
              "duration": 5050,
              "state": "failed",
              "speed": null,
              "pass": false,
              "fail": true,
              "pending": false,
              "context": null,
              "code": "cy.request({\n  method: \"GET\",\n  url: \"https://dev.uniresolver.io/1.0/identifiers/did:kilt:4r6RdVMNes2eEobxyxH7aVsesUqR2X175sUAXJfo7dEWxHUS\",\n  failOnStatusCode: false\n}).then(response => {\n  expect(response.status).to.eq(410);\n});",
              "err": {
                "message": "CypressError: `cy.request()` timed out waiting `5000ms` for a response from your server.\n\nThe request we sent was:\n\nMethod: GET\nURL: https://dev.uniresolver.io/1.0/identifiers/did:kilt:4r6RdVMNes2eEobxyxH7aVsesUqR2X175sUAXJfo7dEWxHUS\n\nNo response was received within the timeout.\n\nhttps://on.cypress.io/request",
                "estack": "CypressError: `cy.request()` timed out waiting `5000ms` for a response from your server.\n\nThe request we sent was:\n\nMethod: GET\nURL: https://dev.uniresolver.io/1.0/identifiers/did:kilt:4r6RdVMNes2eEobxyxH7aVsesUqR2X175sUAXJfo7dEWxHUS\n\nNo response was received within the timeout.\n\nhttps://on.cypress.io/request\n    at http://localhost:50472/__cypress/runner/cypress_runner.js:160652:78\n    at tryCatcher (http://localhost:50472/__cypress/runner/cypress_runner.js:13022:23)\n    at http://localhost:50472/__cypress/runner/cypress_runner.js:8144:41\n    at tryCatcher (http://localhost:50472/__cypress/runner/cypress_runner.js:13022:23)\n    at Promise._settlePromiseFromHandler (http://localhost:50472/__cypress/runner/cypress_runner.js:10957:31)\n    at Promise._settlePromise (http://localhost:50472/__cypress/runner/cypress_runner.js:11014:18)\n    at Promise._settlePromise0 (http://localhost:50472/__cypress/runner/cypress_runner.js:11059:10)\n    at Promise._settlePromises (http://localhost:50472/__cypress/runner/cypress_runner.js:11135:18)\n    at _drainQueueStep (http://localhost:50472/__cypress/runner/cypress_runner.js:7729:12)\n    at _drainQueue (http://localhost:50472/__cypress/runner/cypress_runner.js:7722:9)\n    at Async.../../node_modules/bluebird/js/release/async.js.Async._drainQueues (http://localhost:50472/__cypress/runner/cypress_runner.js:7738:5)\n    at Async.drainQueues (http://localhost:50472/__cypress/runner/cypress_runner.js:7608:14)\nFrom Your Spec Code:\n    at Context.eval (http://localhost:50472/__cypress/tests?p=cypress/integration/resolver_spec.js:180:8)",
                "diff": null
              },
              "uuid": "dc113efd-8019-4c19-8008-32cc906f2a57",
              "parentUUID": "626da926-720e-4c96-a830-6be82e7346d7",
              "isHook": false,
              "skipped": false
            },
            {
              "title": "MUST return HTTP header Content-Type",
              "fullTitle": "Test Scenario 4: Deactivated MUST return HTTP header Content-Type",
              "timedOut": null,
              "duration": 5050,
              "state": "failed",
              "speed": null,
              "pass": false,
              "fail": true,
              "pending": false,
              "context": null,
              "code": "cy.request({\n  method: \"GET\",\n  url: \"https://dev.uniresolver.io/1.0/identifiers/did:kilt:4r6RdVMNes2eEobxyxH7aVsesUqR2X175sUAXJfo7dEWxHUS\",\n  failOnStatusCode: false\n}).then(response => {\n  expect(response.headers[\"content-type\"]).to.contain('application/ld+json;profile=\"https://w3id.org/did-resolution\"');\n});",
              "err": {
                "message": "CypressError: `cy.request()` timed out waiting `5000ms` for a response from your server.\n\nThe request we sent was:\n\nMethod: GET\nURL: https://dev.uniresolver.io/1.0/identifiers/did:kilt:4r6RdVMNes2eEobxyxH7aVsesUqR2X175sUAXJfo7dEWxHUS\n\nNo response was received within the timeout.\n\nhttps://on.cypress.io/request",
                "estack": "CypressError: `cy.request()` timed out waiting `5000ms` for a response from your server.\n\nThe request we sent was:\n\nMethod: GET\nURL: https://dev.uniresolver.io/1.0/identifiers/did:kilt:4r6RdVMNes2eEobxyxH7aVsesUqR2X175sUAXJfo7dEWxHUS\n\nNo response was received within the timeout.\n\nhttps://on.cypress.io/request\n    at http://localhost:50472/__cypress/runner/cypress_runner.js:160652:78\n    at tryCatcher (http://localhost:50472/__cypress/runner/cypress_runner.js:13022:23)\n    at http://localhost:50472/__cypress/runner/cypress_runner.js:8144:41\n    at tryCatcher (http://localhost:50472/__cypress/runner/cypress_runner.js:13022:23)\n    at Promise._settlePromiseFromHandler (http://localhost:50472/__cypress/runner/cypress_runner.js:10957:31)\n    at Promise._settlePromise (http://localhost:50472/__cypress/runner/cypress_runner.js:11014:18)\n    at Promise._settlePromise0 (http://localhost:50472/__cypress/runner/cypress_runner.js:11059:10)\n    at Promise._settlePromises (http://localhost:50472/__cypress/runner/cypress_runner.js:11135:18)\n    at _drainQueueStep (http://localhost:50472/__cypress/runner/cypress_runner.js:7729:12)\n    at _drainQueue (http://localhost:50472/__cypress/runner/cypress_runner.js:7722:9)\n    at Async.../../node_modules/bluebird/js/release/async.js.Async._drainQueues (http://localhost:50472/__cypress/runner/cypress_runner.js:7738:5)\n    at Async.drainQueues (http://localhost:50472/__cypress/runner/cypress_runner.js:7608:14)\nFrom Your Spec Code:\n    at Context.eval (http://localhost:50472/__cypress/tests?p=cypress/integration/resolver_spec.js:189:8)",
                "diff": null
              },
              "uuid": "59baa34a-95dc-457b-986d-5f9292d0ad19",
              "parentUUID": "626da926-720e-4c96-a830-6be82e7346d7",
              "isHook": false,
              "skipped": false
            },
            {
              "title": "JSON object MUST contain property didResolutionMetdadata.deactivated = true",
              "fullTitle": "Test Scenario 4: Deactivated JSON object MUST contain property didResolutionMetdadata.deactivated = true",
              "timedOut": null,
              "duration": 5049,
              "state": "failed",
              "speed": null,
              "pass": false,
              "fail": true,
              "pending": false,
              "context": null,
              "code": "cy.request({\n  method: \"GET\",\n  url: \"https://dev.uniresolver.io/1.0/identifiers/did:kilt:4r6RdVMNes2eEobxyxH7aVsesUqR2X175sUAXJfo7dEWxHUS\",\n  failOnStatusCode: false\n}).then(response => {\n  expect(response.body.didResolutionMetadata.deactivated).to.eq(true);\n});",
              "err": {
                "message": "CypressError: `cy.request()` timed out waiting `5000ms` for a response from your server.\n\nThe request we sent was:\n\nMethod: GET\nURL: https://dev.uniresolver.io/1.0/identifiers/did:kilt:4r6RdVMNes2eEobxyxH7aVsesUqR2X175sUAXJfo7dEWxHUS\n\nNo response was received within the timeout.\n\nhttps://on.cypress.io/request",
                "estack": "CypressError: `cy.request()` timed out waiting `5000ms` for a response from your server.\n\nThe request we sent was:\n\nMethod: GET\nURL: https://dev.uniresolver.io/1.0/identifiers/did:kilt:4r6RdVMNes2eEobxyxH7aVsesUqR2X175sUAXJfo7dEWxHUS\n\nNo response was received within the timeout.\n\nhttps://on.cypress.io/request\n    at http://localhost:50472/__cypress/runner/cypress_runner.js:160652:78\n    at tryCatcher (http://localhost:50472/__cypress/runner/cypress_runner.js:13022:23)\n    at http://localhost:50472/__cypress/runner/cypress_runner.js:8144:41\n    at tryCatcher (http://localhost:50472/__cypress/runner/cypress_runner.js:13022:23)\n    at Promise._settlePromiseFromHandler (http://localhost:50472/__cypress/runner/cypress_runner.js:10957:31)\n    at Promise._settlePromise (http://localhost:50472/__cypress/runner/cypress_runner.js:11014:18)\n    at Promise._settlePromise0 (http://localhost:50472/__cypress/runner/cypress_runner.js:11059:10)\n    at Promise._settlePromises (http://localhost:50472/__cypress/runner/cypress_runner.js:11135:18)\n    at _drainQueueStep (http://localhost:50472/__cypress/runner/cypress_runner.js:7729:12)\n    at _drainQueue (http://localhost:50472/__cypress/runner/cypress_runner.js:7722:9)\n    at Async.../../node_modules/bluebird/js/release/async.js.Async._drainQueues (http://localhost:50472/__cypress/runner/cypress_runner.js:7738:5)\n    at Async.drainQueues (http://localhost:50472/__cypress/runner/cypress_runner.js:7608:14)\nFrom Your Spec Code:\n    at Context.eval (http://localhost:50472/__cypress/tests?p=cypress/integration/resolver_spec.js:198:8)",
                "diff": null
              },
              "uuid": "9ad07592-197b-498c-b871-36bf38a6985f",
              "parentUUID": "626da926-720e-4c96-a830-6be82e7346d7",
              "isHook": false,
              "skipped": false
            }
          ],
          "suites": [],
          "passes": [],
          "failures": [
            "dc113efd-8019-4c19-8008-32cc906f2a57",
            "59baa34a-95dc-457b-986d-5f9292d0ad19",
            "9ad07592-197b-498c-b871-36bf38a6985f"
          ],
          "pending": [],
          "skipped": [],
          "duration": 15149,
          "root": false,
          "rootEmpty": false,
          "_timeout": 2000
        },
        {
          "uuid": "2820e3ed-696a-496c-ad1f-22d736577cc6",
          "title": "Test Scenario 5: Not found",
          "fullFile": "",
          "file": "",
          "beforeHooks": [],
          "afterHooks": [],
          "tests": [
            {
              "title": "MUST return HTTP code 404",
              "fullTitle": "Test Scenario 5: Not found MUST return HTTP code 404",
              "timedOut": null,
              "duration": 5050,
              "state": "failed",
              "speed": null,
              "pass": false,
              "fail": true,
              "pending": false,
              "context": null,
              "code": "cy.request({\n  method: \"GET\",\n  url: \"https://dev.uniresolver.io/1.0/identifiers/did:sov:0000000000000000000000\",\n  failOnStatusCode: false\n}).then(response => {\n  expect(response.status).to.eq(404);\n});",
              "err": {
                "message": "CypressError: `cy.request()` timed out waiting `5000ms` for a response from your server.\n\nThe request we sent was:\n\nMethod: GET\nURL: https://dev.uniresolver.io/1.0/identifiers/did:sov:0000000000000000000000\n\nNo response was received within the timeout.\n\nhttps://on.cypress.io/request",
                "estack": "CypressError: `cy.request()` timed out waiting `5000ms` for a response from your server.\n\nThe request we sent was:\n\nMethod: GET\nURL: https://dev.uniresolver.io/1.0/identifiers/did:sov:0000000000000000000000\n\nNo response was received within the timeout.\n\nhttps://on.cypress.io/request\n    at http://localhost:50472/__cypress/runner/cypress_runner.js:160652:78\n    at tryCatcher (http://localhost:50472/__cypress/runner/cypress_runner.js:13022:23)\n    at http://localhost:50472/__cypress/runner/cypress_runner.js:8144:41\n    at tryCatcher (http://localhost:50472/__cypress/runner/cypress_runner.js:13022:23)\n    at Promise._settlePromiseFromHandler (http://localhost:50472/__cypress/runner/cypress_runner.js:10957:31)\n    at Promise._settlePromise (http://localhost:50472/__cypress/runner/cypress_runner.js:11014:18)\n    at Promise._settlePromise0 (http://localhost:50472/__cypress/runner/cypress_runner.js:11059:10)\n    at Promise._settlePromises (http://localhost:50472/__cypress/runner/cypress_runner.js:11135:18)\n    at _drainQueueStep (http://localhost:50472/__cypress/runner/cypress_runner.js:7729:12)\n    at _drainQueue (http://localhost:50472/__cypress/runner/cypress_runner.js:7722:9)\n    at Async.../../node_modules/bluebird/js/release/async.js.Async._drainQueues (http://localhost:50472/__cypress/runner/cypress_runner.js:7738:5)\n    at Async.drainQueues (http://localhost:50472/__cypress/runner/cypress_runner.js:7608:14)\nFrom Your Spec Code:\n    at Context.eval (http://localhost:50472/__cypress/tests?p=cypress/integration/resolver_spec.js:209:8)",
                "diff": null
              },
              "uuid": "721148a7-4ce9-4ae0-8235-880f44f1229a",
              "parentUUID": "2820e3ed-696a-496c-ad1f-22d736577cc6",
              "isHook": false,
              "skipped": false
            },
            {
              "title": "MUST return HTTP header Content-Type with value application/ld+json;profile=\"https://w3id.org/did-resolution\"",
              "fullTitle": "Test Scenario 5: Not found MUST return HTTP header Content-Type with value application/ld+json;profile=\"https://w3id.org/did-resolution\"",
              "timedOut": null,
              "duration": 5048,
              "state": "failed",
              "speed": null,
              "pass": false,
              "fail": true,
              "pending": false,
              "context": null,
              "code": "cy.request({\n  method: \"GET\",\n  url: \"https://dev.uniresolver.io/1.0/identifiers/did:sov:0000000000000000000000\",\n  failOnStatusCode: false\n}).then(response => {\n  expect(response.headers[\"content-type\"]).to.contain('application/ld+json;profile=\"https://w3id.org/did-resolution\"');\n});",
              "err": {
                "message": "CypressError: `cy.request()` timed out waiting `5000ms` for a response from your server.\n\nThe request we sent was:\n\nMethod: GET\nURL: https://dev.uniresolver.io/1.0/identifiers/did:sov:0000000000000000000000\n\nNo response was received within the timeout.\n\nhttps://on.cypress.io/request",
                "estack": "CypressError: `cy.request()` timed out waiting `5000ms` for a response from your server.\n\nThe request we sent was:\n\nMethod: GET\nURL: https://dev.uniresolver.io/1.0/identifiers/did:sov:0000000000000000000000\n\nNo response was received within the timeout.\n\nhttps://on.cypress.io/request\n    at http://localhost:50472/__cypress/runner/cypress_runner.js:160652:78\n    at tryCatcher (http://localhost:50472/__cypress/runner/cypress_runner.js:13022:23)\n    at http://localhost:50472/__cypress/runner/cypress_runner.js:8144:41\n    at tryCatcher (http://localhost:50472/__cypress/runner/cypress_runner.js:13022:23)\n    at Promise._settlePromiseFromHandler (http://localhost:50472/__cypress/runner/cypress_runner.js:10957:31)\n    at Promise._settlePromise (http://localhost:50472/__cypress/runner/cypress_runner.js:11014:18)\n    at Promise._settlePromise0 (http://localhost:50472/__cypress/runner/cypress_runner.js:11059:10)\n    at Promise._settlePromises (http://localhost:50472/__cypress/runner/cypress_runner.js:11135:18)\n    at _drainQueueStep (http://localhost:50472/__cypress/runner/cypress_runner.js:7729:12)\n    at _drainQueue (http://localhost:50472/__cypress/runner/cypress_runner.js:7722:9)\n    at Async.../../node_modules/bluebird/js/release/async.js.Async._drainQueues (http://localhost:50472/__cypress/runner/cypress_runner.js:7738:5)\n    at Async.drainQueues (http://localhost:50472/__cypress/runner/cypress_runner.js:7608:14)\nFrom Your Spec Code:\n    at Context.eval (http://localhost:50472/__cypress/tests?p=cypress/integration/resolver_spec.js:218:8)",
                "diff": null
              },
              "uuid": "c8ad6f4d-187d-4748-9cb3-268ff9807003",
              "parentUUID": "2820e3ed-696a-496c-ad1f-22d736577cc6",
              "isHook": false,
              "skipped": false
            },
            {
              "title": "JSON object MUST contain property didResolutionMetadata.error = \"notFound\"",
              "fullTitle": "Test Scenario 5: Not found JSON object MUST contain property didResolutionMetadata.error = \"notFound\"",
              "timedOut": null,
              "duration": 5047,
              "state": "failed",
              "speed": null,
              "pass": false,
              "fail": true,
              "pending": false,
              "context": null,
              "code": "cy.request({\n  method: \"GET\",\n  url: \"https://dev.uniresolver.io/1.0/identifiers/did:sov:0000000000000000000000\",\n  failOnStatusCode: false\n}).then(response => {\n  expect(response.body.didResolutionMetadata.error).to.eq(\"notFound\");\n});",
              "err": {
                "message": "CypressError: `cy.request()` timed out waiting `5000ms` for a response from your server.\n\nThe request we sent was:\n\nMethod: GET\nURL: https://dev.uniresolver.io/1.0/identifiers/did:sov:0000000000000000000000\n\nNo response was received within the timeout.\n\nhttps://on.cypress.io/request",
                "estack": "CypressError: `cy.request()` timed out waiting `5000ms` for a response from your server.\n\nThe request we sent was:\n\nMethod: GET\nURL: https://dev.uniresolver.io/1.0/identifiers/did:sov:0000000000000000000000\n\nNo response was received within the timeout.\n\nhttps://on.cypress.io/request\n    at http://localhost:50472/__cypress/runner/cypress_runner.js:160652:78\n    at tryCatcher (http://localhost:50472/__cypress/runner/cypress_runner.js:13022:23)\n    at http://localhost:50472/__cypress/runner/cypress_runner.js:8144:41\n    at tryCatcher (http://localhost:50472/__cypress/runner/cypress_runner.js:13022:23)\n    at Promise._settlePromiseFromHandler (http://localhost:50472/__cypress/runner/cypress_runner.js:10957:31)\n    at Promise._settlePromise (http://localhost:50472/__cypress/runner/cypress_runner.js:11014:18)\n    at Promise._settlePromise0 (http://localhost:50472/__cypress/runner/cypress_runner.js:11059:10)\n    at Promise._settlePromises (http://localhost:50472/__cypress/runner/cypress_runner.js:11135:18)\n    at _drainQueueStep (http://localhost:50472/__cypress/runner/cypress_runner.js:7729:12)\n    at _drainQueue (http://localhost:50472/__cypress/runner/cypress_runner.js:7722:9)\n    at Async.../../node_modules/bluebird/js/release/async.js.Async._drainQueues (http://localhost:50472/__cypress/runner/cypress_runner.js:7738:5)\n    at Async.drainQueues (http://localhost:50472/__cypress/runner/cypress_runner.js:7608:14)\nFrom Your Spec Code:\n    at Context.eval (http://localhost:50472/__cypress/tests?p=cypress/integration/resolver_spec.js:227:8)",
                "diff": null
              },
              "uuid": "24ba114d-14fd-4794-8234-61438c58d22b",
              "parentUUID": "2820e3ed-696a-496c-ad1f-22d736577cc6",
              "isHook": false,
              "skipped": false
            }
          ],
          "suites": [],
          "passes": [],
          "failures": [
            "721148a7-4ce9-4ae0-8235-880f44f1229a",
            "c8ad6f4d-187d-4748-9cb3-268ff9807003",
            "24ba114d-14fd-4794-8234-61438c58d22b"
          ],
          "pending": [],
          "skipped": [],
          "duration": 15145,
          "root": false,
          "rootEmpty": false,
          "_timeout": 2000
        },
        {
          "uuid": "5fca44cb-1319-4f2e-a14e-cac0836278d5",
          "title": "Test Scenario 6: Invalid DID",
          "fullFile": "",
          "file": "",
          "beforeHooks": [],
          "afterHooks": [],
          "tests": [
            {
              "title": "MUST return HTTP code 400",
              "fullTitle": "Test Scenario 6: Invalid DID MUST return HTTP code 400",
              "timedOut": null,
              "duration": 5050,
              "state": "failed",
              "speed": null,
              "pass": false,
              "fail": true,
              "pending": false,
              "context": null,
              "code": "cy.request({\n  method: \"GET\",\n  url: \"https://dev.uniresolver.io/1.0/identifiers/did:example_222\",\n  failOnStatusCode: false\n}).then(response => {\n  expect(response.status).to.eq(400);\n});",
              "err": {
                "message": "CypressError: `cy.request()` timed out waiting `5000ms` for a response from your server.\n\nThe request we sent was:\n\nMethod: GET\nURL: https://dev.uniresolver.io/1.0/identifiers/did:example_222\n\nNo response was received within the timeout.\n\nhttps://on.cypress.io/request",
                "estack": "CypressError: `cy.request()` timed out waiting `5000ms` for a response from your server.\n\nThe request we sent was:\n\nMethod: GET\nURL: https://dev.uniresolver.io/1.0/identifiers/did:example_222\n\nNo response was received within the timeout.\n\nhttps://on.cypress.io/request\n    at http://localhost:50472/__cypress/runner/cypress_runner.js:160652:78\n    at tryCatcher (http://localhost:50472/__cypress/runner/cypress_runner.js:13022:23)\n    at http://localhost:50472/__cypress/runner/cypress_runner.js:8144:41\n    at tryCatcher (http://localhost:50472/__cypress/runner/cypress_runner.js:13022:23)\n    at Promise._settlePromiseFromHandler (http://localhost:50472/__cypress/runner/cypress_runner.js:10957:31)\n    at Promise._settlePromise (http://localhost:50472/__cypress/runner/cypress_runner.js:11014:18)\n    at Promise._settlePromise0 (http://localhost:50472/__cypress/runner/cypress_runner.js:11059:10)\n    at Promise._settlePromises (http://localhost:50472/__cypress/runner/cypress_runner.js:11135:18)\n    at _drainQueueStep (http://localhost:50472/__cypress/runner/cypress_runner.js:7729:12)\n    at _drainQueue (http://localhost:50472/__cypress/runner/cypress_runner.js:7722:9)\n    at Async.../../node_modules/bluebird/js/release/async.js.Async._drainQueues (http://localhost:50472/__cypress/runner/cypress_runner.js:7738:5)\n    at Async.drainQueues (http://localhost:50472/__cypress/runner/cypress_runner.js:7608:14)\nFrom Your Spec Code:\n    at Context.eval (http://localhost:50472/__cypress/tests?p=cypress/integration/resolver_spec.js:238:8)",
                "diff": null
              },
              "uuid": "097fa436-6e3d-4f73-9a86-55c0c5d1755e",
              "parentUUID": "5fca44cb-1319-4f2e-a14e-cac0836278d5",
              "isHook": false,
              "skipped": false
            },
            {
              "title": "MUST return HTTP header Content-Type with value application/ld+json;profile=\"https://w3id.org/did-resolution\"",
              "fullTitle": "Test Scenario 6: Invalid DID MUST return HTTP header Content-Type with value application/ld+json;profile=\"https://w3id.org/did-resolution\"",
              "timedOut": null,
              "duration": 5048,
              "state": "failed",
              "speed": null,
              "pass": false,
              "fail": true,
              "pending": false,
              "context": null,
              "code": "cy.request({\n  method: \"GET\",\n  url: \"https://dev.uniresolver.io/1.0/identifiers/did:example_222\",\n  failOnStatusCode: false\n}).then(response => {\n  expect(response.headers[\"content-type\"]).to.contain('application/ld+json;profile=\"https://w3id.org/did-resolution\"');\n});",
              "err": {
                "message": "CypressError: `cy.request()` timed out waiting `5000ms` for a response from your server.\n\nThe request we sent was:\n\nMethod: GET\nURL: https://dev.uniresolver.io/1.0/identifiers/did:example_222\n\nNo response was received within the timeout.\n\nhttps://on.cypress.io/request",
                "estack": "CypressError: `cy.request()` timed out waiting `5000ms` for a response from your server.\n\nThe request we sent was:\n\nMethod: GET\nURL: https://dev.uniresolver.io/1.0/identifiers/did:example_222\n\nNo response was received within the timeout.\n\nhttps://on.cypress.io/request\n    at http://localhost:50472/__cypress/runner/cypress_runner.js:160652:78\n    at tryCatcher (http://localhost:50472/__cypress/runner/cypress_runner.js:13022:23)\n    at http://localhost:50472/__cypress/runner/cypress_runner.js:8144:41\n    at tryCatcher (http://localhost:50472/__cypress/runner/cypress_runner.js:13022:23)\n    at Promise._settlePromiseFromHandler (http://localhost:50472/__cypress/runner/cypress_runner.js:10957:31)\n    at Promise._settlePromise (http://localhost:50472/__cypress/runner/cypress_runner.js:11014:18)\n    at Promise._settlePromise0 (http://localhost:50472/__cypress/runner/cypress_runner.js:11059:10)\n    at Promise._settlePromises (http://localhost:50472/__cypress/runner/cypress_runner.js:11135:18)\n    at _drainQueueStep (http://localhost:50472/__cypress/runner/cypress_runner.js:7729:12)\n    at _drainQueue (http://localhost:50472/__cypress/runner/cypress_runner.js:7722:9)\n    at Async.../../node_modules/bluebird/js/release/async.js.Async._drainQueues (http://localhost:50472/__cypress/runner/cypress_runner.js:7738:5)\n    at Async.drainQueues (http://localhost:50472/__cypress/runner/cypress_runner.js:7608:14)\nFrom Your Spec Code:\n    at Context.eval (http://localhost:50472/__cypress/tests?p=cypress/integration/resolver_spec.js:247:8)",
                "diff": null
              },
              "uuid": "71e4fae4-da19-458a-862a-5f529359c834",
              "parentUUID": "5fca44cb-1319-4f2e-a14e-cac0836278d5",
              "isHook": false,
              "skipped": false
            },
            {
              "title": "JSON object MUST contain property didResolutionMetadata.error = \"invalidDid\"",
              "fullTitle": "Test Scenario 6: Invalid DID JSON object MUST contain property didResolutionMetadata.error = \"invalidDid\"",
              "timedOut": null,
              "duration": 5051,
              "state": "failed",
              "speed": null,
              "pass": false,
              "fail": true,
              "pending": false,
              "context": null,
              "code": "cy.request({\n  method: \"GET\",\n  url: \"https://dev.uniresolver.io/1.0/identifiers/did:example_222\",\n  failOnStatusCode: false\n}).then(response => {\n  expect(response.body.didResolutionMetadata.error).to.eq(\"invalidDid\");\n});",
              "err": {
                "message": "CypressError: `cy.request()` timed out waiting `5000ms` for a response from your server.\n\nThe request we sent was:\n\nMethod: GET\nURL: https://dev.uniresolver.io/1.0/identifiers/did:example_222\n\nNo response was received within the timeout.\n\nhttps://on.cypress.io/request",
                "estack": "CypressError: `cy.request()` timed out waiting `5000ms` for a response from your server.\n\nThe request we sent was:\n\nMethod: GET\nURL: https://dev.uniresolver.io/1.0/identifiers/did:example_222\n\nNo response was received within the timeout.\n\nhttps://on.cypress.io/request\n    at http://localhost:50472/__cypress/runner/cypress_runner.js:160652:78\n    at tryCatcher (http://localhost:50472/__cypress/runner/cypress_runner.js:13022:23)\n    at http://localhost:50472/__cypress/runner/cypress_runner.js:8144:41\n    at tryCatcher (http://localhost:50472/__cypress/runner/cypress_runner.js:13022:23)\n    at Promise._settlePromiseFromHandler (http://localhost:50472/__cypress/runner/cypress_runner.js:10957:31)\n    at Promise._settlePromise (http://localhost:50472/__cypress/runner/cypress_runner.js:11014:18)\n    at Promise._settlePromise0 (http://localhost:50472/__cypress/runner/cypress_runner.js:11059:10)\n    at Promise._settlePromises (http://localhost:50472/__cypress/runner/cypress_runner.js:11135:18)\n    at _drainQueueStep (http://localhost:50472/__cypress/runner/cypress_runner.js:7729:12)\n    at _drainQueue (http://localhost:50472/__cypress/runner/cypress_runner.js:7722:9)\n    at Async.../../node_modules/bluebird/js/release/async.js.Async._drainQueues (http://localhost:50472/__cypress/runner/cypress_runner.js:7738:5)\n    at Async.drainQueues (http://localhost:50472/__cypress/runner/cypress_runner.js:7608:14)\nFrom Your Spec Code:\n    at Context.eval (http://localhost:50472/__cypress/tests?p=cypress/integration/resolver_spec.js:256:8)",
                "diff": null
              },
              "uuid": "bff681ce-983c-42ea-8694-94f4853cf7ed",
              "parentUUID": "5fca44cb-1319-4f2e-a14e-cac0836278d5",
              "isHook": false,
              "skipped": false
            }
          ],
          "suites": [],
          "passes": [],
          "failures": [
            "097fa436-6e3d-4f73-9a86-55c0c5d1755e",
            "71e4fae4-da19-458a-862a-5f529359c834",
            "bff681ce-983c-42ea-8694-94f4853cf7ed"
          ],
          "pending": [],
          "skipped": [],
          "duration": 15149,
          "root": false,
          "rootEmpty": false,
          "_timeout": 2000
        },
        {
          "uuid": "29fbed05-2ea0-496c-b3f4-004429b70d92",
          "title": "Test Scenario 7: DID URLs with fragments",
          "fullFile": "",
          "file": "",
          "beforeHooks": [],
          "afterHooks": [],
          "tests": [
            {
              "title": "Must return HTTP code 200",
              "fullTitle": "Test Scenario 7: DID URLs with fragments Must return HTTP code 200",
              "timedOut": null,
              "duration": 5048,
              "state": "failed",
              "speed": null,
              "pass": false,
              "fail": true,
              "pending": false,
              "context": null,
              "code": "cy.get(\"@headers\").then(response => {\n  expect(response.status).to.eq(200);\n});",
              "err": {
                "message": "CypressError: `cy.request()` timed out waiting `5000ms` for a response from your server.\n\nThe request we sent was:\n\nMethod: GET\nURL: https://dev.uniresolver.io/1.0/identifiers/did%3Asov%3AWRfXPg8dantKVubE3HX8pw%23key-1\n\nNo response was received within the timeout.\n\nhttps://on.cypress.io/request\n\nBecause this error occurred during a `before each` hook we are skipping the remaining tests in the current suite: `Test Scenario 7: DID URLs w...`",
                "estack": "CypressError: `cy.request()` timed out waiting `5000ms` for a response from your server.\n\nThe request we sent was:\n\nMethod: GET\nURL: https://dev.uniresolver.io/1.0/identifiers/did%3Asov%3AWRfXPg8dantKVubE3HX8pw%23key-1\n\nNo response was received within the timeout.\n\nhttps://on.cypress.io/request\n\nBecause this error occurred during a `before each` hook we are skipping the remaining tests in the current suite: `Test Scenario 7: DID URLs w...`\n    at http://localhost:50472/__cypress/runner/cypress_runner.js:160652:78\n    at tryCatcher (http://localhost:50472/__cypress/runner/cypress_runner.js:13022:23)\n    at http://localhost:50472/__cypress/runner/cypress_runner.js:8144:41\n    at tryCatcher (http://localhost:50472/__cypress/runner/cypress_runner.js:13022:23)\n    at Promise._settlePromiseFromHandler (http://localhost:50472/__cypress/runner/cypress_runner.js:10957:31)\n    at Promise._settlePromise (http://localhost:50472/__cypress/runner/cypress_runner.js:11014:18)\n    at Promise._settlePromise0 (http://localhost:50472/__cypress/runner/cypress_runner.js:11059:10)\n    at Promise._settlePromises (http://localhost:50472/__cypress/runner/cypress_runner.js:11135:18)\n    at _drainQueueStep (http://localhost:50472/__cypress/runner/cypress_runner.js:7729:12)\n    at _drainQueue (http://localhost:50472/__cypress/runner/cypress_runner.js:7722:9)\n    at Async.../../node_modules/bluebird/js/release/async.js.Async._drainQueues (http://localhost:50472/__cypress/runner/cypress_runner.js:7738:5)\n    at Async.drainQueues (http://localhost:50472/__cypress/runner/cypress_runner.js:7608:14)\nFrom Your Spec Code:\n    at Context.eval (http://localhost:50472/__cypress/tests?p=cypress/integration/resolver_spec.js:268:8)",
                "diff": null
              },
              "uuid": "82906079-a8ff-491c-b805-2eb9988f3631",
              "parentUUID": "29fbed05-2ea0-496c-b3f4-004429b70d92",
              "isHook": false,
              "skipped": false
            },
            {
              "title": "MUST return HTTP header Content-Type with value application/did+ld+json",
              "fullTitle": "Test Scenario 7: DID URLs with fragments MUST return HTTP header Content-Type with value application/did+ld+json",
              "timedOut": null,
              "duration": 0,
              "state": "skipped",
              "speed": null,
              "pass": false,
              "fail": false,
              "pending": false,
              "context": null,
              "code": "cy.get(\"@headers\").then(response => {\n  expect(response.headers[\"content-type\"]).to.contain(\"did:sov:WRfXPg8dantKVubE3HX8pw#key-1\");\n});",
              "err": {},
              "uuid": "3dcda411-19b0-4ff3-8d71-b4551e459298",
              "parentUUID": "29fbed05-2ea0-496c-b3f4-004429b70d92",
              "isHook": false,
              "skipped": true
            },
            {
              "title": "JSON object MUST NOT contain property didDocument",
              "fullTitle": "Test Scenario 7: DID URLs with fragments JSON object MUST NOT contain property didDocument",
              "timedOut": null,
              "duration": 0,
              "state": "skipped",
              "speed": null,
              "pass": false,
              "fail": false,
              "pending": false,
              "context": null,
              "code": "cy.get(\"@headers\").then(response => {\n  expect(response.body).not.to.have.property(\"didDocument\");\n});",
              "err": {},
              "uuid": "fd1f2787-68eb-4fd7-a22c-cca836cef7db",
              "parentUUID": "29fbed05-2ea0-496c-b3f4-004429b70d92",
              "isHook": false,
              "skipped": true
            },
            {
              "title": "JSON object MUST contain property @context",
              "fullTitle": "Test Scenario 7: DID URLs with fragments JSON object MUST contain property @context",
              "timedOut": null,
              "duration": 0,
              "state": "skipped",
              "speed": null,
              "pass": false,
              "fail": false,
              "pending": false,
              "context": null,
              "code": "cy.get(\"@headers\").then(response => {\n  expect(response.body).to.have.property(\"@context\");\n});",
              "err": {},
              "uuid": "39281306-8034-45c1-b565-d306cdeba551",
              "parentUUID": "29fbed05-2ea0-496c-b3f4-004429b70d92",
              "isHook": false,
              "skipped": true
            },
            {
              "title": "JSON object MUST contain property type",
              "fullTitle": "Test Scenario 7: DID URLs with fragments JSON object MUST contain property type",
              "timedOut": null,
              "duration": 0,
              "state": "skipped",
              "speed": null,
              "pass": false,
              "fail": false,
              "pending": false,
              "context": null,
              "code": "cy.get(\"@headers\").then(response => {\n  expect(response.body).to.have.property(\"type\");\n});",
              "err": {},
              "uuid": "5cf969a4-1d5a-4295-9cf9-dc6106bb85e8",
              "parentUUID": "29fbed05-2ea0-496c-b3f4-004429b70d92",
              "isHook": false,
              "skipped": true
            },
            {
              "title": "JSON object MUST contain property id with value application/did+ld+json",
              "fullTitle": "Test Scenario 7: DID URLs with fragments JSON object MUST contain property id with value application/did+ld+json",
              "timedOut": null,
              "duration": 0,
              "state": "skipped",
              "speed": null,
              "pass": false,
              "fail": false,
              "pending": false,
              "context": null,
              "code": "cy.get(\"@headers\").then(response => {\n  expect(response.body).to.have.property(\"id\");\n  expect(response.body[\"id\"]).to.contain(\"application/did+ld+json\");\n});",
              "err": {},
              "uuid": "27236b76-0d9c-45db-b44f-e3e127392a27",
              "parentUUID": "29fbed05-2ea0-496c-b3f4-004429b70d92",
              "isHook": false,
              "skipped": true
            }
          ],
          "suites": [],
          "passes": [],
          "failures": [
            "82906079-a8ff-491c-b805-2eb9988f3631"
          ],
          "pending": [],
          "skipped": [
            "3dcda411-19b0-4ff3-8d71-b4551e459298",
            "fd1f2787-68eb-4fd7-a22c-cca836cef7db",
            "39281306-8034-45c1-b565-d306cdeba551",
            "5cf969a4-1d5a-4295-9cf9-dc6106bb85e8",
            "27236b76-0d9c-45db-b44f-e3e127392a27"
          ],
          "duration": 5048,
          "root": false,
          "rootEmpty": false,
          "_timeout": 2000
        }
      ],
      "passes": [],
      "failures": [],
      "pending": [],
      "skipped": [],
      "duration": 0,
      "root": true,
      "rootEmpty": true,
      "_timeout": 2000
    }
  ],
  "meta": {
    "mocha": {
      "version": "7.0.1"
    },
    "mochawesome": {
      "options": {
        "quiet": false,
        "reportFilename": "mochawesome",
        "saveHtml": false,
        "saveJson": true,
        "consoleReporter": "spec",
        "useInlineDiffs": false,
        "code": true
      },
      "version": "7.1.2"
    },
    "marge": {
      "options": {
        "reportDir": "cypress/reports/mocha",
        "configFile": "reporterOpts.json",
        "overwrite": false,
        "html": false,
        "json": true
      },
      "version": "6.1.1"
    }
  }
}