{
  "stats": {
    "suites": 7,
    "tests": 25,
    "passes": 19,
    "pending": 0,
    "failures": 6,
    "start": "2022-03-11T15:08:36.615Z",
    "end": "2022-03-11T15:08:48.517Z",
    "duration": 11902,
    "testsRegistered": 25,
    "passPercent": 76,
    "pendingPercent": 0,
    "other": 0,
    "hasOther": false,
    "skipped": 0,
    "hasSkipped": false
  },
  "results": [
    {
      "uuid": "deef1d0d-6ed4-426c-841a-bc71c7361942",
      "title": "",
      "fullFile": "cypress/integration/resolver_spec.js",
      "file": "cypress/integration/resolver_spec.js",
      "beforeHooks": [],
      "afterHooks": [],
      "tests": [],
      "suites": [
        {
          "uuid": "cb722589-f621-450f-aadb-c6c758ac8d87",
          "title": "Test Scenario 1: DID Resolution Result overview",
          "fullFile": "",
          "file": "",
          "beforeHooks": [],
          "afterHooks": [],
          "tests": [
            {
              "title": "MUST return HTTP code 200",
              "fullTitle": "Test Scenario 1: DID Resolution Result overview MUST return HTTP code 200",
              "timedOut": null,
              "duration": 1667,
              "state": "passed",
              "speed": "fast",
              "pass": true,
              "fail": false,
              "pending": false,
              "context": null,
              "code": "cy.get(\"@request\").then(response => {\n  expect(response.status).to.eq(200);\n});",
              "err": {},
              "uuid": "cd28ff41-e998-4dba-a221-00a3da49e312",
              "parentUUID": "cb722589-f621-450f-aadb-c6c758ac8d87",
              "isHook": false,
              "skipped": false
            },
            {
              "title": "Should have header with Content-Type with value application/ld+json;profile=\"https://w3id.org/did-resolution\" ",
              "fullTitle": "Test Scenario 1: DID Resolution Result overview Should have header with Content-Type with value application/ld+json;profile=\"https://w3id.org/did-resolution\" ",
              "timedOut": null,
              "duration": 429,
              "state": "passed",
              "speed": "fast",
              "pass": true,
              "fail": false,
              "pending": false,
              "context": null,
              "code": "cy.get(\"@request\").then(response => {\n  expect(response.headers[\"content-type\"]).to.contain('application/ld+json;profile=\"https://w3id.org/did-resolution');\n});",
              "err": {},
              "uuid": "ed39e6cd-e79d-4227-aad8-086b09f90c8d",
              "parentUUID": "cb722589-f621-450f-aadb-c6c758ac8d87",
              "isHook": false,
              "skipped": false
            },
            {
              "title": "Must contain property didDocument",
              "fullTitle": "Test Scenario 1: DID Resolution Result overview Must contain property didDocument",
              "timedOut": null,
              "duration": 1056,
              "state": "passed",
              "speed": "fast",
              "pass": true,
              "fail": false,
              "pending": false,
              "context": null,
              "code": "cy.get(\"@request\").then(response => {\n  expect(response.body).to.have.property(\"didDocument\");\n});",
              "err": {},
              "uuid": "2be897a6-cf7f-46be-93f6-aad661a8dd09",
              "parentUUID": "cb722589-f621-450f-aadb-c6c758ac8d87",
              "isHook": false,
              "skipped": false
            },
            {
              "title": "Must contain property didResolutionMetadata",
              "fullTitle": "Test Scenario 1: DID Resolution Result overview Must contain property didResolutionMetadata",
              "timedOut": null,
              "duration": 388,
              "state": "passed",
              "speed": "fast",
              "pass": true,
              "fail": false,
              "pending": false,
              "context": null,
              "code": "cy.get(\"@request\").then(response => {\n  expect(response.body).to.have.property(\"didResolutionMetadata\");\n});",
              "err": {},
              "uuid": "b2fce9cd-9937-41c1-9189-762c51916a80",
              "parentUUID": "cb722589-f621-450f-aadb-c6c758ac8d87",
              "isHook": false,
              "skipped": false
            },
            {
              "title": "Must contain property didDocumentMetadata",
              "fullTitle": "Test Scenario 1: DID Resolution Result overview Must contain property didDocumentMetadata",
              "timedOut": null,
              "duration": 560,
              "state": "passed",
              "speed": "fast",
              "pass": true,
              "fail": false,
              "pending": false,
              "context": null,
              "code": "cy.get(\"@request\").then(response => {\n  expect(response.body).to.have.property(\"didDocumentMetadata\");\n});",
              "err": {},
              "uuid": "f97a0b60-891f-4ffd-8244-cd8128be0922",
              "parentUUID": "cb722589-f621-450f-aadb-c6c758ac8d87",
              "isHook": false,
              "skipped": false
            }
          ],
          "suites": [],
          "passes": [
            "cd28ff41-e998-4dba-a221-00a3da49e312",
            "ed39e6cd-e79d-4227-aad8-086b09f90c8d",
            "2be897a6-cf7f-46be-93f6-aad661a8dd09",
            "b2fce9cd-9937-41c1-9189-762c51916a80",
            "f97a0b60-891f-4ffd-8244-cd8128be0922"
          ],
          "failures": [],
          "pending": [],
          "skipped": [],
          "duration": 4100,
          "root": false,
          "rootEmpty": false,
          "_timeout": 2000
        },
        {
          "uuid": "73c4fad2-684e-46bc-afcb-05be18a3f109",
          "title": "Test Scenario 2: JSON-LD DID document",
          "fullFile": "",
          "file": "",
          "beforeHooks": [],
          "afterHooks": [],
          "tests": [
            {
              "title": "Should have response status 200",
              "fullTitle": "Test Scenario 2: JSON-LD DID document Should have response status 200",
              "timedOut": null,
              "duration": 1842,
              "state": "passed",
              "speed": "fast",
              "pass": true,
              "fail": false,
              "pending": false,
              "context": null,
              "code": "cy.get(\"@headers\").then(response => {\n  expect(response.status).to.eq(200);\n});",
              "err": {},
              "uuid": "adc4d165-5a0a-4006-9a67-4043814cf869",
              "parentUUID": "73c4fad2-684e-46bc-afcb-05be18a3f109",
              "isHook": false,
              "skipped": false
            },
            {
              "title": "Should have header with content type",
              "fullTitle": "Test Scenario 2: JSON-LD DID document Should have header with content type",
              "timedOut": null,
              "duration": 801,
              "state": "passed",
              "speed": "fast",
              "pass": true,
              "fail": false,
              "pending": false,
              "context": null,
              "code": "cy.get(\"@headers\").then(response => {\n  expect(response.headers[\"content-type\"]).to.contain(\"application/did+ld+json\");\n});",
              "err": {},
              "uuid": "19b996d2-d95d-4b3d-aba0-13baa5a279c0",
              "parentUUID": "73c4fad2-684e-46bc-afcb-05be18a3f109",
              "isHook": false,
              "skipped": false
            },
            {
              "title": "Should not have property didDocument",
              "fullTitle": "Test Scenario 2: JSON-LD DID document Should not have property didDocument",
              "timedOut": null,
              "duration": 918,
              "state": "passed",
              "speed": "fast",
              "pass": true,
              "fail": false,
              "pending": false,
              "context": null,
              "code": "cy.get(\"@headers\").then(response => {\n  expect(response.body).not.to.have.property(\"didDocument\");\n});",
              "err": {},
              "uuid": "419314d0-da73-43a8-a991-5df390ebb28b",
              "parentUUID": "73c4fad2-684e-46bc-afcb-05be18a3f109",
              "isHook": false,
              "skipped": false
            },
            {
              "title": "Should have property @context",
              "fullTitle": "Test Scenario 2: JSON-LD DID document Should have property @context",
              "timedOut": null,
              "duration": 408,
              "state": "passed",
              "speed": "fast",
              "pass": true,
              "fail": false,
              "pending": false,
              "context": null,
              "code": "cy.get(\"@headers\").then(response => {\n  expect(response.body).to.have.property(\"@context\");\n});",
              "err": {},
              "uuid": "2b659f03-a341-43ab-b5d9-9b557b823ced",
              "parentUUID": "73c4fad2-684e-46bc-afcb-05be18a3f109",
              "isHook": false,
              "skipped": false
            }
          ],
          "suites": [],
          "passes": [
            "adc4d165-5a0a-4006-9a67-4043814cf869",
            "19b996d2-d95d-4b3d-aba0-13baa5a279c0",
            "419314d0-da73-43a8-a991-5df390ebb28b",
            "2b659f03-a341-43ab-b5d9-9b557b823ced"
          ],
          "failures": [],
          "pending": [],
          "skipped": [],
          "duration": 3969,
          "root": false,
          "rootEmpty": false,
          "_timeout": 2000
        },
        {
          "uuid": "425be5dc-af69-40e8-ae29-d96ea0ce2c54",
          "title": "Test Scenario 3: Representation not supported",
          "fullFile": "",
          "file": "",
          "beforeHooks": [],
          "afterHooks": [],
          "tests": [
            {
              "title": "MUST return HTTP code 406",
              "fullTitle": "Test Scenario 3: Representation not supported MUST return HTTP code 406",
              "timedOut": null,
              "duration": 402,
              "state": "passed",
              "speed": "fast",
              "pass": true,
              "fail": false,
              "pending": false,
              "context": null,
              "code": "cy.request({\n  method: \"GET\",\n  url: \"https://dev.uniresolver.io/1.0/identifiers/did:sov:WRfXPg8dantKVubE3HX8pw\",\n  failOnStatusCode: false,\n  headers: {\n    Accept: \"image/png\"\n  }\n}).then(response => {\n  expect(response.status).to.eq(406);\n});",
              "err": {},
              "uuid": "893b900e-7a08-4d89-9b51-40b2f8151fcb",
              "parentUUID": "425be5dc-af69-40e8-ae29-d96ea0ce2c54",
              "isHook": false,
              "skipped": false
            }
          ],
          "suites": [],
          "passes": [
            "893b900e-7a08-4d89-9b51-40b2f8151fcb"
          ],
          "failures": [],
          "pending": [],
          "skipped": [],
          "duration": 402,
          "root": false,
          "rootEmpty": false,
          "_timeout": 2000
        },
        {
          "uuid": "bb69c748-3428-4abc-a0ae-8421c116c7c8",
          "title": "Test Scenario 4: Deactivated",
          "fullFile": "",
          "file": "",
          "beforeHooks": [],
          "afterHooks": [],
          "tests": [
            {
              "title": "MUST return HTTP code 410",
              "fullTitle": "Test Scenario 4: Deactivated MUST return HTTP code 410",
              "timedOut": null,
              "duration": 509,
              "state": "passed",
              "speed": "fast",
              "pass": true,
              "fail": false,
              "pending": false,
              "context": null,
              "code": "cy.request({\n  method: \"GET\",\n  url: \"https://dev.uniresolver.io/1.0/identifiers/did:kilt:4r6RdVMNes2eEobxyxH7aVsesUqR2X175sUAXJfo7dEWxHUS\",\n  failOnStatusCode: false\n}).then(response => {\n  expect(response.status).to.eq(410);\n});",
              "err": {},
              "uuid": "6fd86ea2-f716-4b3f-9bdb-b5e3d66f2f6c",
              "parentUUID": "bb69c748-3428-4abc-a0ae-8421c116c7c8",
              "isHook": false,
              "skipped": false
            },
            {
              "title": "MUST return HTTP header Content-Type",
              "fullTitle": "Test Scenario 4: Deactivated MUST return HTTP header Content-Type",
              "timedOut": null,
              "duration": 510,
              "state": "passed",
              "speed": "fast",
              "pass": true,
              "fail": false,
              "pending": false,
              "context": null,
              "code": "cy.request({\n  method: \"GET\",\n  url: \"https://dev.uniresolver.io/1.0/identifiers/did:kilt:4r6RdVMNes2eEobxyxH7aVsesUqR2X175sUAXJfo7dEWxHUS\",\n  failOnStatusCode: false\n}).then(response => {\n  expect(response.headers[\"content-type\"]).to.contain('application/ld+json;profile=\"https://w3id.org/did-resolution\"');\n});",
              "err": {},
              "uuid": "a0306cff-9c4b-422d-a814-2483e4d2972c",
              "parentUUID": "bb69c748-3428-4abc-a0ae-8421c116c7c8",
              "isHook": false,
              "skipped": false
            },
            {
              "title": "JSON object MUST contain property didDocumentMetadata.deactivated = true",
              "fullTitle": "Test Scenario 4: Deactivated JSON object MUST contain property didDocumentMetadata.deactivated = true",
              "timedOut": null,
              "duration": 368,
              "state": "failed",
              "speed": null,
              "pass": false,
              "fail": true,
              "pending": false,
              "context": null,
              "code": "cy.request({\n  method: \"GET\",\n  url: \"https://dev.uniresolver.io/1.0/identifiers/did:kilt:4r6RdVMNes2eEobxyxH7aVsesUqR2X175sUAXJfo7dEWxHUS\",\n  failOnStatusCode: false\n}).then(response => {\n  console.log(response.body.didResolutionMetadata);\n  expect(response.body.didResolutionMetadata.deactivated).to.eq(true);\n});",
              "err": {
                "message": "AssertionError: expected undefined to equal true",
                "estack": "AssertionError: expected undefined to equal true\n    at Context.eval (http://localhost:62135/__cypress/tests?p=cypress/integration/resolver_spec.js:203:66)",
                "diff": null
              },
              "uuid": "3f3e1655-c507-4cc6-92c7-8436bc001aed",
              "parentUUID": "bb69c748-3428-4abc-a0ae-8421c116c7c8",
              "isHook": false,
              "skipped": false
            }
          ],
          "suites": [],
          "passes": [
            "6fd86ea2-f716-4b3f-9bdb-b5e3d66f2f6c",
            "a0306cff-9c4b-422d-a814-2483e4d2972c"
          ],
          "failures": [
            "3f3e1655-c507-4cc6-92c7-8436bc001aed"
          ],
          "pending": [],
          "skipped": [],
          "duration": 1387,
          "root": false,
          "rootEmpty": false,
          "_timeout": 2000
        },
        {
          "uuid": "1f02c196-0dca-4531-923d-fa3df5d29549",
          "title": "Test Scenario 5: Not found",
          "fullFile": "",
          "file": "",
          "beforeHooks": [],
          "afterHooks": [],
          "tests": [
            {
              "title": "MUST return HTTP code 404",
              "fullTitle": "Test Scenario 5: Not found MUST return HTTP code 404",
              "timedOut": null,
              "duration": 173,
              "state": "passed",
              "speed": "fast",
              "pass": true,
              "fail": false,
              "pending": false,
              "context": null,
              "code": "cy.request({\n  method: \"GET\",\n  url: \"https://dev.uniresolver.io/1.0/identifiers/did:sov:0000000000000000000000\",\n  failOnStatusCode: false\n}).then(response => {\n  expect(response.status).to.eq(404);\n});",
              "err": {},
              "uuid": "06821569-eaef-419b-86b1-7c51185f15ec",
              "parentUUID": "1f02c196-0dca-4531-923d-fa3df5d29549",
              "isHook": false,
              "skipped": false
            },
            {
              "title": "MUST return HTTP header Content-Type with value application/ld+json;profile=\"https://w3id.org/did-resolution\"",
              "fullTitle": "Test Scenario 5: Not found MUST return HTTP header Content-Type with value application/ld+json;profile=\"https://w3id.org/did-resolution\"",
              "timedOut": null,
              "duration": 160,
              "state": "passed",
              "speed": "fast",
              "pass": true,
              "fail": false,
              "pending": false,
              "context": null,
              "code": "cy.request({\n  method: \"GET\",\n  url: \"https://dev.uniresolver.io/1.0/identifiers/did:sov:0000000000000000000000\",\n  failOnStatusCode: false\n}).then(response => {\n  expect(response.headers[\"content-type\"]).to.contain('application/ld+json;profile=\"https://w3id.org/did-resolution\"');\n});",
              "err": {},
              "uuid": "ca9725ac-f499-4166-82a0-50eeabaf3876",
              "parentUUID": "1f02c196-0dca-4531-923d-fa3df5d29549",
              "isHook": false,
              "skipped": false
            },
            {
              "title": "JSON object MUST contain property didResolutionMetadata.error = \"notFound\"",
              "fullTitle": "Test Scenario 5: Not found JSON object MUST contain property didResolutionMetadata.error = \"notFound\"",
              "timedOut": null,
              "duration": 152,
              "state": "passed",
              "speed": "fast",
              "pass": true,
              "fail": false,
              "pending": false,
              "context": null,
              "code": "cy.request({\n  method: \"GET\",\n  url: \"https://dev.uniresolver.io/1.0/identifiers/did:sov:0000000000000000000000\",\n  failOnStatusCode: false\n}).then(response => {\n  expect(response.body.didResolutionMetadata.error).to.eq(\"notFound\");\n});",
              "err": {},
              "uuid": "07cfb3b1-d412-491c-b951-3c4fb33fcb90",
              "parentUUID": "1f02c196-0dca-4531-923d-fa3df5d29549",
              "isHook": false,
              "skipped": false
            }
          ],
          "suites": [],
          "passes": [
            "06821569-eaef-419b-86b1-7c51185f15ec",
            "ca9725ac-f499-4166-82a0-50eeabaf3876",
            "07cfb3b1-d412-491c-b951-3c4fb33fcb90"
          ],
          "failures": [],
          "pending": [],
          "skipped": [],
          "duration": 485,
          "root": false,
          "rootEmpty": false,
          "_timeout": 2000
        },
        {
          "uuid": "de2d8bdd-9e9b-4065-9190-6940d32a3a19",
          "title": "Test Scenario 6: Invalid DID",
          "fullFile": "",
          "file": "",
          "beforeHooks": [],
          "afterHooks": [],
          "tests": [
            {
              "title": "MUST return HTTP code 400",
              "fullTitle": "Test Scenario 6: Invalid DID MUST return HTTP code 400",
              "timedOut": null,
              "duration": 148,
              "state": "passed",
              "speed": "fast",
              "pass": true,
              "fail": false,
              "pending": false,
              "context": null,
              "code": "cy.request({\n  method: \"GET\",\n  url: \"https://dev.uniresolver.io/1.0/identifiers/did:example_222\",\n  failOnStatusCode: false\n}).then(response => {\n  expect(response.status).to.eq(400);\n});",
              "err": {},
              "uuid": "c7ced1ca-8e66-4a33-a7a4-120f7919d7ef",
              "parentUUID": "de2d8bdd-9e9b-4065-9190-6940d32a3a19",
              "isHook": false,
              "skipped": false
            },
            {
              "title": "MUST return HTTP header Content-Type with value application/ld+json;profile=\"https://w3id.org/did-resolution\"",
              "fullTitle": "Test Scenario 6: Invalid DID MUST return HTTP header Content-Type with value application/ld+json;profile=\"https://w3id.org/did-resolution\"",
              "timedOut": null,
              "duration": 147,
              "state": "passed",
              "speed": "fast",
              "pass": true,
              "fail": false,
              "pending": false,
              "context": null,
              "code": "cy.request({\n  method: \"GET\",\n  url: \"https://dev.uniresolver.io/1.0/identifiers/did:example_222\",\n  failOnStatusCode: false\n}).then(response => {\n  expect(response.headers[\"content-type\"]).to.contain('application/ld+json;profile=\"https://w3id.org/did-resolution\"');\n});",
              "err": {},
              "uuid": "f074ccb7-7d95-466a-97c0-0bf607a669a7",
              "parentUUID": "de2d8bdd-9e9b-4065-9190-6940d32a3a19",
              "isHook": false,
              "skipped": false
            },
            {
              "title": "JSON object MUST contain property didResolutionMetadata.error = \"invalidDid\"",
              "fullTitle": "Test Scenario 6: Invalid DID JSON object MUST contain property didResolutionMetadata.error = \"invalidDid\"",
              "timedOut": null,
              "duration": 150,
              "state": "passed",
              "speed": "fast",
              "pass": true,
              "fail": false,
              "pending": false,
              "context": null,
              "code": "cy.request({\n  method: \"GET\",\n  url: \"https://dev.uniresolver.io/1.0/identifiers/did:example_222\",\n  failOnStatusCode: false\n}).then(response => {\n  expect(response.body.didResolutionMetadata.error).to.eq(\"invalidDid\");\n});",
              "err": {},
              "uuid": "3816674f-5c2d-4763-94ee-6cfb5cdd371e",
              "parentUUID": "de2d8bdd-9e9b-4065-9190-6940d32a3a19",
              "isHook": false,
              "skipped": false
            }
          ],
          "suites": [],
          "passes": [
            "c7ced1ca-8e66-4a33-a7a4-120f7919d7ef",
            "f074ccb7-7d95-466a-97c0-0bf607a669a7",
            "3816674f-5c2d-4763-94ee-6cfb5cdd371e"
          ],
          "failures": [],
          "pending": [],
          "skipped": [],
          "duration": 445,
          "root": false,
          "rootEmpty": false,
          "_timeout": 2000
        },
        {
          "uuid": "e0078c2f-2875-4e75-954d-7fccb454d6cd",
          "title": "Test Scenario 7: DID URLs with fragments",
          "fullFile": "",
          "file": "",
          "beforeHooks": [],
          "afterHooks": [],
          "tests": [
            {
              "title": "Must return HTTP code 200",
              "fullTitle": "Test Scenario 7: DID URLs with fragments Must return HTTP code 200",
              "timedOut": null,
              "duration": 160,
              "state": "failed",
              "speed": null,
              "pass": false,
              "fail": true,
              "pending": false,
              "context": null,
              "code": "cy.get(\"@headers\").then(response => {\n  expect(response.status).to.eq(200);\n});",
              "err": {
                "message": "AssertionError: expected 400 to equal 200",
                "estack": "AssertionError: expected 400 to equal 200\n    at Context.eval (http://localhost:62135/__cypress/tests?p=cypress/integration/resolver_spec.js:279:34)",
                "diff": "- 400\n+ 200\n"
              },
              "uuid": "727bba38-af2e-47d6-8614-8cfba0664bf3",
              "parentUUID": "e0078c2f-2875-4e75-954d-7fccb454d6cd",
              "isHook": false,
              "skipped": false
            },
            {
              "title": "MUST return HTTP header Content-Type with value application/did+ld+json",
              "fullTitle": "Test Scenario 7: DID URLs with fragments MUST return HTTP header Content-Type with value application/did+ld+json",
              "timedOut": null,
              "duration": 158,
              "state": "failed",
              "speed": null,
              "pass": false,
              "fail": true,
              "pending": false,
              "context": null,
              "code": "cy.get(\"@headers\").then(response => {\n  expect(response.headers[\"content-type\"]).to.contain(\"did:sov:WRfXPg8dantKVubE3HX8pw#key-1\");\n});",
              "err": {
                "message": "AssertionError: expected 'application/did+ld+json;charset=utf-8' to include 'did:sov:WRfXPg8dantKVubE3HX8pw#key-1'",
                "estack": "AssertionError: expected 'application/did+ld+json;charset=utf-8' to include 'did:sov:WRfXPg8dantKVubE3HX8pw#key-1'\n    at Context.eval (http://localhost:62135/__cypress/tests?p=cypress/integration/resolver_spec.js:284:51)",
                "diff": null
              },
              "uuid": "d1aea15c-2ed8-4c4c-9482-ce48b95fc6ee",
              "parentUUID": "e0078c2f-2875-4e75-954d-7fccb454d6cd",
              "isHook": false,
              "skipped": false
            },
            {
              "title": "JSON object MUST NOT contain property didDocument",
              "fullTitle": "Test Scenario 7: DID URLs with fragments JSON object MUST NOT contain property didDocument",
              "timedOut": null,
              "duration": 154,
              "state": "passed",
              "speed": "fast",
              "pass": true,
              "fail": false,
              "pending": false,
              "context": null,
              "code": "cy.get(\"@headers\").then(response => {\n  expect(response.body).not.to.have.property(\"didDocument\");\n});",
              "err": {},
              "uuid": "5bccbaf5-e13e-40a3-95a8-1efb70f91ad0",
              "parentUUID": "e0078c2f-2875-4e75-954d-7fccb454d6cd",
              "isHook": false,
              "skipped": false
            },
            {
              "title": "JSON object MUST contain property @context",
              "fullTitle": "Test Scenario 7: DID URLs with fragments JSON object MUST contain property @context",
              "timedOut": null,
              "duration": 150,
              "state": "failed",
              "speed": null,
              "pass": false,
              "fail": true,
              "pending": false,
              "context": null,
              "code": "cy.get(\"@headers\").then(response => {\n  expect(response.body).to.have.property(\"@context\");\n});",
              "err": {
                "message": "AssertionError: expected '' to have property '@context'",
                "estack": "AssertionError: expected '' to have property '@context'\n    at Context.eval (http://localhost:62135/__cypress/tests?p=cypress/integration/resolver_spec.js:294:37)",
                "diff": null
              },
              "uuid": "02ee4480-fac2-40db-aee2-f440a80e0be0",
              "parentUUID": "e0078c2f-2875-4e75-954d-7fccb454d6cd",
              "isHook": false,
              "skipped": false
            },
            {
              "title": "JSON object MUST contain property type",
              "fullTitle": "Test Scenario 7: DID URLs with fragments JSON object MUST contain property type",
              "timedOut": null,
              "duration": 156,
              "state": "failed",
              "speed": null,
              "pass": false,
              "fail": true,
              "pending": false,
              "context": null,
              "code": "cy.get(\"@headers\").then(response => {\n  expect(response.body).to.have.property(\"type\");\n});",
              "err": {
                "message": "AssertionError: expected '' to have property 'type'",
                "estack": "AssertionError: expected '' to have property 'type'\n    at Context.eval (http://localhost:62135/__cypress/tests?p=cypress/integration/resolver_spec.js:299:37)",
                "diff": null
              },
              "uuid": "eb620a9a-302e-4ea9-b242-66d3619bd3f2",
              "parentUUID": "e0078c2f-2875-4e75-954d-7fccb454d6cd",
              "isHook": false,
              "skipped": false
            },
            {
              "title": "JSON object MUST contain property id with value application/did+ld+json",
              "fullTitle": "Test Scenario 7: DID URLs with fragments JSON object MUST contain property id with value application/did+ld+json",
              "timedOut": null,
              "duration": 155,
              "state": "failed",
              "speed": null,
              "pass": false,
              "fail": true,
              "pending": false,
              "context": null,
              "code": "cy.get(\"@headers\").then(response => {\n  expect(response.body).to.have.property(\"id\");\n  expect(response.body[\"id\"]).to.contain(\"application/did+ld+json\");\n});",
              "err": {
                "message": "AssertionError: expected '' to have property 'id'",
                "estack": "AssertionError: expected '' to have property 'id'\n    at Context.eval (http://localhost:62135/__cypress/tests?p=cypress/integration/resolver_spec.js:304:37)",
                "diff": null
              },
              "uuid": "31172d45-e058-426f-a64e-0a271512e1c2",
              "parentUUID": "e0078c2f-2875-4e75-954d-7fccb454d6cd",
              "isHook": false,
              "skipped": false
            }
          ],
          "suites": [],
          "passes": [
            "5bccbaf5-e13e-40a3-95a8-1efb70f91ad0"
          ],
          "failures": [
            "727bba38-af2e-47d6-8614-8cfba0664bf3",
            "d1aea15c-2ed8-4c4c-9482-ce48b95fc6ee",
            "02ee4480-fac2-40db-aee2-f440a80e0be0",
            "eb620a9a-302e-4ea9-b242-66d3619bd3f2",
            "31172d45-e058-426f-a64e-0a271512e1c2"
          ],
          "pending": [],
          "skipped": [],
          "duration": 933,
          "root": false,
          "rootEmpty": false,
          "_timeout": 2000
        }
      ],
      "passes": [],
      "failures": [],
      "pending": [],
      "skipped": [],
      "duration": 0,
      "root": true,
      "rootEmpty": true,
      "_timeout": 2000
    }
  ],
  "meta": {
    "mocha": {
      "version": "7.0.1"
    },
    "mochawesome": {
      "options": {
        "quiet": false,
        "reportFilename": "mochawesome",
        "saveHtml": false,
        "saveJson": true,
        "consoleReporter": "spec",
        "useInlineDiffs": false,
        "code": true
      },
      "version": "7.1.2"
    },
    "marge": {
      "options": {
        "reportDir": "cypress/reports/mocha",
        "configFile": "reporterOpts.json",
        "overwrite": false,
        "html": false,
        "json": true
      },
      "version": "6.1.1"
    }
  }
}