{
  "stats": {
    "suites": 1,
    "tests": 1,
    "passes": 1,
    "pending": 0,
    "failures": 0,
    "start": "2022-03-14T09:49:17.688Z",
    "end": "2022-03-14T09:49:18.510Z",
    "duration": 822,
    "testsRegistered": 1,
    "passPercent": 100,
    "pendingPercent": 0,
    "other": 0,
    "hasOther": false,
    "skipped": 0,
    "hasSkipped": false
  },
  "results": [
    {
      "uuid": "24904949-6447-478a-8d51-2a06febe167d",
      "title": "",
      "fullFile": "cypress/integration/uniresolver_fixtures_spec.js",
      "file": "cypress/integration/uniresolver_fixtures_spec.js",
      "beforeHooks": [],
      "afterHooks": [],
      "tests": [],
      "suites": [
        {
          "uuid": "5a208b6f-68f6-4457-a818-d171316a422e",
          "title": "Test Scenario 1: DID Resolution Result fixtures",
          "fullFile": "",
          "file": "",
          "beforeHooks": [],
          "afterHooks": [],
          "tests": [
            {
              "title": "A correct DID can be resolved",
              "fullTitle": "Test Scenario 1: DID Resolution Result fixtures A correct DID can be resolved",
              "timedOut": null,
              "duration": 808,
              "state": "passed",
              "speed": "fast",
              "pass": true,
              "fail": false,
              "pending": false,
              "context": null,
              "code": "cy.fixture(\"../fixtures/example_dids.json\").its(\"normalDids\").then(list => {\n  Object.keys(list).forEach(key => {\n    const normalDid = list[key];\n    cy.request({\n      method: \"GET\",\n      url: \"https://dev.uniresolver.io/1.0/identifiers/\" + normalDid\n    }).as(\"request\");\n    cy.get(\"@request\").then(response => {\n      expect(response.status).to.eq(200);\n    }); // cy.get(\"@request\").then((response) => {\n    //   expect(response.headers[\"content-type\"]).to.contain(\n    //     'application/ld+json;profile=\"https://w3id.org/did-resolution'\n    //   );\n    // });\n    //\n    // cy.get(\"@request\").then((response) => {\n    //   expect(response.body).to.have.property(\"didDocument\");\n    // });\n    //\n    // cy.get(\"@request\").then((response) => {\n    //   expect(response.body).to.have.property(\"didResolutionMetadata\");\n    // });\n    //\n    // cy.get(\"@request\").then((response) => {\n    //   expect(response.body).to.have.property(\"didDocumentMetadata\");\n    // });\n  });\n});",
              "err": {},
              "uuid": "8a59e5aa-6d3a-46da-b33e-a10dca959ab4",
              "parentUUID": "5a208b6f-68f6-4457-a818-d171316a422e",
              "isHook": false,
              "skipped": false
            }
          ],
          "suites": [],
          "passes": [
            "8a59e5aa-6d3a-46da-b33e-a10dca959ab4"
          ],
          "failures": [],
          "pending": [],
          "skipped": [],
          "duration": 808,
          "root": false,
          "rootEmpty": false,
          "_timeout": 2000
        }
      ],
      "passes": [],
      "failures": [],
      "pending": [],
      "skipped": [],
      "duration": 0,
      "root": true,
      "rootEmpty": true,
      "_timeout": 2000
    }
  ],
  "meta": {
    "mocha": {
      "version": "7.0.1"
    },
    "mochawesome": {
      "options": {
        "quiet": false,
        "reportFilename": "mochawesome",
        "saveHtml": false,
        "saveJson": true,
        "consoleReporter": "spec",
        "useInlineDiffs": false,
        "code": true
      },
      "version": "7.1.2"
    },
    "marge": {
      "options": {
        "reportDir": "cypress/reports/mocha",
        "configFile": "reporterOpts.json",
        "overwrite": false,
        "html": false,
        "json": true
      },
      "version": "6.1.1"
    }
  }
}