{
  "stats": {
    "suites": 1,
    "tests": 1,
    "passes": 1,
    "pending": 0,
    "failures": 0,
    "start": "2022-03-14T13:51:25.494Z",
    "end": "2022-03-14T13:51:26.773Z",
    "duration": 1279,
    "testsRegistered": 1,
    "passPercent": 100,
    "pendingPercent": 0,
    "other": 0,
    "hasOther": false,
    "skipped": 0,
    "hasSkipped": false
  },
  "results": [
    {
      "uuid": "73fdb378-ccaa-4083-8b15-6657e73306e2",
      "title": "",
      "fullFile": "cypress/integration/resolver_spec.js",
      "file": "cypress/integration/resolver_spec.js",
      "beforeHooks": [],
      "afterHooks": [],
      "tests": [],
      "suites": [
        {
          "uuid": "74ea0ee7-7081-47fe-9fc0-3f8f57ac9d00",
          "title": "Test Scenario 1: DID Resolution Result overview",
          "fullFile": "",
          "file": "",
          "beforeHooks": [],
          "afterHooks": [],
          "tests": [
            {
              "title": "MUST return HTTP code 200",
              "fullTitle": "Test Scenario 1: DID Resolution Result overview MUST return HTTP code 200",
              "timedOut": null,
              "duration": 1261,
              "state": "passed",
              "speed": "fast",
              "pass": true,
              "fail": false,
              "pending": false,
              "context": null,
              "code": "cy.get(\"@request\").then(response => {\n  expect(response.status).to.eq(200);\n});",
              "err": {},
              "uuid": "eb31544a-e642-43a8-8af0-a4b498a8bd2d",
              "parentUUID": "74ea0ee7-7081-47fe-9fc0-3f8f57ac9d00",
              "isHook": false,
              "skipped": false
            }
          ],
          "suites": [],
          "passes": [
            "eb31544a-e642-43a8-8af0-a4b498a8bd2d"
          ],
          "failures": [],
          "pending": [],
          "skipped": [],
          "duration": 1261,
          "root": false,
          "rootEmpty": false,
          "_timeout": 2000
        }
      ],
      "passes": [],
      "failures": [],
      "pending": [],
      "skipped": [],
      "duration": 0,
      "root": true,
      "rootEmpty": true,
      "_timeout": 2000
    }
  ],
  "meta": {
    "mocha": {
      "version": "7.0.1"
    },
    "mochawesome": {
      "options": {
        "quiet": false,
        "reportFilename": "mochawesome",
        "saveHtml": false,
        "saveJson": true,
        "consoleReporter": "spec",
        "useInlineDiffs": false,
        "code": true
      },
      "version": "7.1.2"
    },
    "marge": {
      "options": {
        "reportDir": "cypress/reports/mocha",
        "configFile": "reporterOpts.json",
        "overwrite": false,
        "html": false,
        "json": true
      },
      "version": "6.1.1"
    }
  }
}