{
  "stats": {
    "suites": 7,
    "tests": 7,
    "passes": 0,
    "pending": 0,
    "failures": 7,
    "start": "2022-03-15T11:27:41.971Z",
    "end": "2022-03-15T11:28:13.581Z",
    "duration": 31610,
    "testsRegistered": 7,
    "passPercent": 0,
    "pendingPercent": 0,
    "other": 0,
    "hasOther": false,
    "skipped": 0,
    "hasSkipped": false
  },
  "results": [
    {
      "uuid": "06f891ec-6f3a-4022-a93d-24c201b19c67",
      "title": "",
      "fullFile": "cypress/integration/uniresolver_fixtures_spec.js",
      "file": "cypress/integration/uniresolver_fixtures_spec.js",
      "beforeHooks": [],
      "afterHooks": [],
      "tests": [],
      "suites": [
        {
          "uuid": "7a4e9895-6d37-45b4-a11b-8d660fdf8d97",
          "title": "Test Scenario 1: DID Resolution Result fixtures: https://resolver.svip.danubetech.com/1.0/identifiers/",
          "fullFile": "",
          "file": "",
          "beforeHooks": [],
          "afterHooks": [],
          "tests": [
            {
              "title": "A correct DID can be resolved",
              "fullTitle": "Test Scenario 1: DID Resolution Result fixtures: https://resolver.svip.danubetech.com/1.0/identifiers/ A correct DID can be resolved",
              "timedOut": null,
              "duration": 1151,
              "state": "failed",
              "speed": null,
              "pass": false,
              "fail": true,
              "pending": false,
              "context": null,
              "code": "cy.fixture(\"../fixtures/example_dids.json\").its(\"normalDids\").then(list => {\n  Object.keys(list).forEach(key => {\n    const normalDid = list[key];\n    cy.request({\n      method: \"GET\",\n      url: endpoint + normalDid\n    }).as(\"request\");\n    cy.get(\"@request\").then(response => {\n      cy.log(Cypress.env(\"apiUrl\"));\n      expect(response.status).to.eq(200);\n    });\n    cy.get(\"@request\").then(response => {\n      expect(response.headers[\"content-type\"]).to.contain('application/ld+json;profile=\"https://w3id.org/did-resolution');\n    });\n    cy.get(\"@request\").then(response => {\n      expect(response.body).to.have.property(\"didDocument\");\n    });\n    cy.get(\"@request\").then(response => {\n      expect(response.body).to.have.property(\"didResolutionMetadata\");\n    });\n    cy.get(\"@request\").then(response => {\n      expect(response.body).to.have.property(\"didDocumentMetadata\");\n    });\n  });\n});",
              "err": {
                "message": "CypressError: `cy.request()` failed on:\n\nhttps://resolver.svip.danubetech.com/1.0/identifiers/did:web:did.actor:alice\n\nThe response we received from your web server was:\n\n  > 500: Internal Server Error\n\nThis was considered a failure because the status code was not `2xx` or `3xx`.\n\nIf you do not want status codes to cause failures pass the option: `failOnStatusCode: false`\n\n-----------------------------------------------------------\n\nThe request we sent was:\n\nMethod: GET\nURL: https://resolver.svip.danubetech.com/1.0/identifiers/did:web:did.actor:alice\nHeaders: {\n  \"Connection\": \"keep-alive\",\n  \"user-agent\": \"Mozilla/5.0 (Macintosh; Intel Mac OS X 10_15_7) AppleWebKit/537.36 (KHTML, like Gecko) Cypress/9.5.1 Chrome/94.0.4606.81 Electron/15.3.4 Safari/537.36\",\n  \"accept\": \"*/*\",\n  \"accept-encoding\": \"gzip, deflate\"\n}\n\n-----------------------------------------------------------\n\nThe response we got was:\n\nStatus: 500 - Internal Server Error\nHeaders: {\n  \"date\": \"Tue, 15 Mar 2022 11:27:43 GMT\",\n  \"content-type\": \"application/ld+json;profile=\\\"https://w3id.org/did-resolution\\\";charset=utf-8\",\n  \"transfer-encoding\": \"chunked\",\n  \"connection\": \"keep-alive\",\n  \"access-control-allow-origin\": \"*\",\n  \"strict-transport-security\": \"max-age=15724800; includeSubDomains\"\n}\nBody: {\n  \"@context\": \"https://w3id.org/did-resolution/v1\",\n  \"didDocument\": null,\n  \"didResolutionMetadata\": {\n    \"error\": \"internalError\",\n    \"errorMessage\": \"Dereference problem for did:web:did.actor:alice: null\",\n    \"contentType\": \"application/did+ld+json\"\n  },\n  \"didDocumentMetadata\": {}\n}\n\n\nhttps://on.cypress.io/request",
                "estack": "CypressError: `cy.request()` failed on:\n\nhttps://resolver.svip.danubetech.com/1.0/identifiers/did:web:did.actor:alice\n\nThe response we received from your web server was:\n\n  > 500: Internal Server Error\n\nThis was considered a failure because the status code was not `2xx` or `3xx`.\n\nIf you do not want status codes to cause failures pass the option: `failOnStatusCode: false`\n\n-----------------------------------------------------------\n\nThe request we sent was:\n\nMethod: GET\nURL: https://resolver.svip.danubetech.com/1.0/identifiers/did:web:did.actor:alice\nHeaders: {\n  \"Connection\": \"keep-alive\",\n  \"user-agent\": \"Mozilla/5.0 (Macintosh; Intel Mac OS X 10_15_7) AppleWebKit/537.36 (KHTML, like Gecko) Cypress/9.5.1 Chrome/94.0.4606.81 Electron/15.3.4 Safari/537.36\",\n  \"accept\": \"*/*\",\n  \"accept-encoding\": \"gzip, deflate\"\n}\n\n-----------------------------------------------------------\n\nThe response we got was:\n\nStatus: 500 - Internal Server Error\nHeaders: {\n  \"date\": \"Tue, 15 Mar 2022 11:27:43 GMT\",\n  \"content-type\": \"application/ld+json;profile=\\\"https://w3id.org/did-resolution\\\";charset=utf-8\",\n  \"transfer-encoding\": \"chunked\",\n  \"connection\": \"keep-alive\",\n  \"access-control-allow-origin\": \"*\",\n  \"strict-transport-security\": \"max-age=15724800; includeSubDomains\"\n}\nBody: {\n  \"@context\": \"https://w3id.org/did-resolution/v1\",\n  \"didDocument\": null,\n  \"didResolutionMetadata\": {\n    \"error\": \"internalError\",\n    \"errorMessage\": \"Dereference problem for did:web:did.actor:alice: null\",\n    \"contentType\": \"application/did+ld+json\"\n  },\n  \"didDocumentMetadata\": {}\n}\n\n\nhttps://on.cypress.io/request\n    at http://localhost:50701/__cypress/runner/cypress_runner.js:160634:80\n    at tryCatcher (http://localhost:50701/__cypress/runner/cypress_runner.js:13022:23)\n    at Promise._settlePromiseFromHandler (http://localhost:50701/__cypress/runner/cypress_runner.js:10957:31)\n    at Promise._settlePromise (http://localhost:50701/__cypress/runner/cypress_runner.js:11014:18)\n    at Promise._settlePromise0 (http://localhost:50701/__cypress/runner/cypress_runner.js:11059:10)\n    at Promise._settlePromises (http://localhost:50701/__cypress/runner/cypress_runner.js:11139:18)\n    at _drainQueueStep (http://localhost:50701/__cypress/runner/cypress_runner.js:7729:12)\n    at _drainQueue (http://localhost:50701/__cypress/runner/cypress_runner.js:7722:9)\n    at Async.../../node_modules/bluebird/js/release/async.js.Async._drainQueues (http://localhost:50701/__cypress/runner/cypress_runner.js:7738:5)\n    at Async.drainQueues (http://localhost:50701/__cypress/runner/cypress_runner.js:7608:14)\nFrom Your Spec Code:\n    at Context.eval (http://localhost:50701/__cypress/tests?p=cypress/integration/uniresolver_fixtures_spec.js:123:11)",
                "diff": null
              },
              "uuid": "483b65a1-e312-4abd-b7f0-08f578bf00d6",
              "parentUUID": "7a4e9895-6d37-45b4-a11b-8d660fdf8d97",
              "isHook": false,
              "skipped": false
            }
          ],
          "suites": [],
          "passes": [],
          "failures": [
            "483b65a1-e312-4abd-b7f0-08f578bf00d6"
          ],
          "pending": [],
          "skipped": [],
          "duration": 1151,
          "root": false,
          "rootEmpty": false,
          "_timeout": 2000
        },
        {
          "uuid": "deebbe94-d444-474b-a6c7-deeb7284bcf6",
          "title": "Test Scenario 2: JSON-LD DID document",
          "fullFile": "",
          "file": "",
          "beforeHooks": [],
          "afterHooks": [],
          "tests": [
            {
              "title": "A correct DID can be resolved with header input",
              "fullTitle": "Test Scenario 2: JSON-LD DID document A correct DID can be resolved with header input",
              "timedOut": null,
              "duration": 5062,
              "state": "failed",
              "speed": null,
              "pass": false,
              "fail": true,
              "pending": false,
              "context": null,
              "code": "cy.fixture(\"../fixtures/example_dids.json\").its(\"normalDids\").then(list => {\n  Object.keys(list).forEach(key => {\n    const normalDid = list[key];\n    cy.request({\n      method: \"GET\",\n      url: \"https://dev.uniresolver.io/1.0/identifiers/\" + normalDid,\n      headers: {\n        Accept: \"application/did+ld+json\"\n      }\n    }).as(\"headers\");\n    cy.get(\"@headers\").then(response => {\n      expect(response.status).to.eq(200);\n      expect(response.headers[\"content-type\"]).to.contain(\"application/did+ld+json\");\n      expect(response.body).not.to.have.property(\"didDocument\");\n      expect(response.body).to.have.property(\"@context\");\n    });\n  });\n});",
              "err": {
                "message": "CypressError: `cy.request()` timed out waiting `5000ms` for a response from your server.\n\nThe request we sent was:\n\nMethod: GET\nURL: https://dev.uniresolver.io/1.0/identifiers/did:sov:WRfXPg8dantKVubE3HX8pw\n\nNo response was received within the timeout.\n\nhttps://on.cypress.io/request",
                "estack": "CypressError: `cy.request()` timed out waiting `5000ms` for a response from your server.\n\nThe request we sent was:\n\nMethod: GET\nURL: https://dev.uniresolver.io/1.0/identifiers/did:sov:WRfXPg8dantKVubE3HX8pw\n\nNo response was received within the timeout.\n\nhttps://on.cypress.io/request\n    at http://localhost:50701/__cypress/runner/cypress_runner.js:160652:78\n    at tryCatcher (http://localhost:50701/__cypress/runner/cypress_runner.js:13022:23)\n    at http://localhost:50701/__cypress/runner/cypress_runner.js:8144:41\n    at tryCatcher (http://localhost:50701/__cypress/runner/cypress_runner.js:13022:23)\n    at Promise._settlePromiseFromHandler (http://localhost:50701/__cypress/runner/cypress_runner.js:10957:31)\n    at Promise._settlePromise (http://localhost:50701/__cypress/runner/cypress_runner.js:11014:18)\n    at Promise._settlePromise0 (http://localhost:50701/__cypress/runner/cypress_runner.js:11059:10)\n    at Promise._settlePromises (http://localhost:50701/__cypress/runner/cypress_runner.js:11135:18)\n    at _drainQueueStep (http://localhost:50701/__cypress/runner/cypress_runner.js:7729:12)\n    at _drainQueue (http://localhost:50701/__cypress/runner/cypress_runner.js:7722:9)\n    at Async.../../node_modules/bluebird/js/release/async.js.Async._drainQueues (http://localhost:50701/__cypress/runner/cypress_runner.js:7738:5)\n    at Async.drainQueues (http://localhost:50701/__cypress/runner/cypress_runner.js:7608:14)\nFrom Your Spec Code:\n    at eval (http://localhost:50701/__cypress/tests?p=cypress/integration/uniresolver_fixtures_spec.js:134:12)\nat Array.forEach (<anonymous>)\n    at Context.eval (http://localhost:50701/__cypress/tests?p=cypress/integration/uniresolver_fixtures_spec.js:132:25)",
                "diff": null
              },
              "uuid": "9b24f44a-c8f0-46a9-be2a-b6b78a659bee",
              "parentUUID": "deebbe94-d444-474b-a6c7-deeb7284bcf6",
              "isHook": false,
              "skipped": false
            }
          ],
          "suites": [],
          "passes": [],
          "failures": [
            "9b24f44a-c8f0-46a9-be2a-b6b78a659bee"
          ],
          "pending": [],
          "skipped": [],
          "duration": 5062,
          "root": false,
          "rootEmpty": false,
          "_timeout": 2000
        },
        {
          "uuid": "c71e9901-594e-47ec-aecc-39f23e84ac2c",
          "title": "Test Scenario 3: Representation not supported",
          "fullFile": "",
          "file": "",
          "beforeHooks": [],
          "afterHooks": [],
          "tests": [
            {
              "title": "Shows an error when a representation is prompted",
              "fullTitle": "Test Scenario 3: Representation not supported Shows an error when a representation is prompted",
              "timedOut": null,
              "duration": 5053,
              "state": "failed",
              "speed": null,
              "pass": false,
              "fail": true,
              "pending": false,
              "context": null,
              "code": "cy.fixture(\"../fixtures/example_dids.json\").its(\"normalDids\").then(list => {\n  Object.keys(list).forEach(key => {\n    const normalDid = list[key];\n    cy.request({\n      method: \"GET\",\n      url: \"https://dev.uniresolver.io/1.0/identifiers/\" + normalDid,\n      headers: {\n        Accept: \"image/png\"\n      },\n      failOnStatusCode: false\n    }).then(response => {\n      expect(response.status).to.eq(406);\n    });\n  });\n});",
              "err": {
                "message": "CypressError: `cy.request()` timed out waiting `5000ms` for a response from your server.\n\nThe request we sent was:\n\nMethod: GET\nURL: https://dev.uniresolver.io/1.0/identifiers/did:sov:WRfXPg8dantKVubE3HX8pw\n\nNo response was received within the timeout.\n\nhttps://on.cypress.io/request",
                "estack": "CypressError: `cy.request()` timed out waiting `5000ms` for a response from your server.\n\nThe request we sent was:\n\nMethod: GET\nURL: https://dev.uniresolver.io/1.0/identifiers/did:sov:WRfXPg8dantKVubE3HX8pw\n\nNo response was received within the timeout.\n\nhttps://on.cypress.io/request\n    at http://localhost:50701/__cypress/runner/cypress_runner.js:160652:78\n    at tryCatcher (http://localhost:50701/__cypress/runner/cypress_runner.js:13022:23)\n    at http://localhost:50701/__cypress/runner/cypress_runner.js:8144:41\n    at tryCatcher (http://localhost:50701/__cypress/runner/cypress_runner.js:13022:23)\n    at Promise._settlePromiseFromHandler (http://localhost:50701/__cypress/runner/cypress_runner.js:10957:31)\n    at Promise._settlePromise (http://localhost:50701/__cypress/runner/cypress_runner.js:11014:18)\n    at Promise._settlePromise0 (http://localhost:50701/__cypress/runner/cypress_runner.js:11059:10)\n    at Promise._settlePromises (http://localhost:50701/__cypress/runner/cypress_runner.js:11135:18)\n    at _drainQueueStep (http://localhost:50701/__cypress/runner/cypress_runner.js:7729:12)\n    at _drainQueue (http://localhost:50701/__cypress/runner/cypress_runner.js:7722:9)\n    at Async.../../node_modules/bluebird/js/release/async.js.Async._drainQueues (http://localhost:50701/__cypress/runner/cypress_runner.js:7738:5)\n    at Async.drainQueues (http://localhost:50701/__cypress/runner/cypress_runner.js:7608:14)\nFrom Your Spec Code:\n    at eval (http://localhost:50701/__cypress/tests?p=cypress/integration/uniresolver_fixtures_spec.js:156:12)\nat Array.forEach (<anonymous>)\n    at Context.eval (http://localhost:50701/__cypress/tests?p=cypress/integration/uniresolver_fixtures_spec.js:154:25)",
                "diff": null
              },
              "uuid": "42cf0787-467f-4157-a01b-9aa3b416eb77",
              "parentUUID": "c71e9901-594e-47ec-aecc-39f23e84ac2c",
              "isHook": false,
              "skipped": false
            }
          ],
          "suites": [],
          "passes": [],
          "failures": [
            "42cf0787-467f-4157-a01b-9aa3b416eb77"
          ],
          "pending": [],
          "skipped": [],
          "duration": 5053,
          "root": false,
          "rootEmpty": false,
          "_timeout": 2000
        },
        {
          "uuid": "bae3c4f8-6abd-4ee8-b8cd-2d8dd30df14d",
          "title": "Test Scenario 4: Deactivated",
          "fullFile": "",
          "file": "",
          "beforeHooks": [],
          "afterHooks": [],
          "tests": [
            {
              "title": "Returns an HTTP code of 410 for deactivated DIDs",
              "fullTitle": "Test Scenario 4: Deactivated Returns an HTTP code of 410 for deactivated DIDs",
              "timedOut": null,
              "duration": 5054,
              "state": "failed",
              "speed": null,
              "pass": false,
              "fail": true,
              "pending": false,
              "context": null,
              "code": "cy.fixture(\"../fixtures/example_dids.json\").its(\"deacDids\").then(list => {\n  Object.keys(list).forEach(key => {\n    const deacDid = list[key];\n    cy.request({\n      method: \"GET\",\n      url: \"https://dev.uniresolver.io/1.0/identifiers/\" + deacDid,\n      failOnStatusCode: false\n    }).then(response => {\n      expect(response.status).to.eq(410);\n      expect(response.headers[\"content-type\"]).to.contain('application/ld+json;profile=\"https://w3id.org/did-resolution\"');\n      expect(response.body.didResolutionMetadata.deactivated).to.eq(true);\n    });\n  });\n});",
              "err": {
                "message": "CypressError: `cy.request()` timed out waiting `5000ms` for a response from your server.\n\nThe request we sent was:\n\nMethod: GET\nURL: https://dev.uniresolver.io/1.0/identifiers/did:kilt:4r6RdVMNes2eEobxyxH7aVsesUqR2X175sUAXJfo7dEWxHUS\n\nNo response was received within the timeout.\n\nhttps://on.cypress.io/request",
                "estack": "CypressError: `cy.request()` timed out waiting `5000ms` for a response from your server.\n\nThe request we sent was:\n\nMethod: GET\nURL: https://dev.uniresolver.io/1.0/identifiers/did:kilt:4r6RdVMNes2eEobxyxH7aVsesUqR2X175sUAXJfo7dEWxHUS\n\nNo response was received within the timeout.\n\nhttps://on.cypress.io/request\n    at http://localhost:50701/__cypress/runner/cypress_runner.js:160652:78\n    at tryCatcher (http://localhost:50701/__cypress/runner/cypress_runner.js:13022:23)\n    at http://localhost:50701/__cypress/runner/cypress_runner.js:8144:41\n    at tryCatcher (http://localhost:50701/__cypress/runner/cypress_runner.js:13022:23)\n    at Promise._settlePromiseFromHandler (http://localhost:50701/__cypress/runner/cypress_runner.js:10957:31)\n    at Promise._settlePromise (http://localhost:50701/__cypress/runner/cypress_runner.js:11014:18)\n    at Promise._settlePromise0 (http://localhost:50701/__cypress/runner/cypress_runner.js:11059:10)\n    at Promise._settlePromises (http://localhost:50701/__cypress/runner/cypress_runner.js:11135:18)\n    at _drainQueueStep (http://localhost:50701/__cypress/runner/cypress_runner.js:7729:12)\n    at _drainQueue (http://localhost:50701/__cypress/runner/cypress_runner.js:7722:9)\n    at Async.../../node_modules/bluebird/js/release/async.js.Async._drainQueues (http://localhost:50701/__cypress/runner/cypress_runner.js:7738:5)\n    at Async.drainQueues (http://localhost:50701/__cypress/runner/cypress_runner.js:7608:14)\nFrom Your Spec Code:\n    at eval (http://localhost:50701/__cypress/tests?p=cypress/integration/uniresolver_fixtures_spec.js:175:12)\nat Array.forEach (<anonymous>)\n    at Context.eval (http://localhost:50701/__cypress/tests?p=cypress/integration/uniresolver_fixtures_spec.js:173:25)",
                "diff": null
              },
              "uuid": "772197ac-f017-47c3-a9a2-2595bb5f8f3d",
              "parentUUID": "bae3c4f8-6abd-4ee8-b8cd-2d8dd30df14d",
              "isHook": false,
              "skipped": false
            }
          ],
          "suites": [],
          "passes": [],
          "failures": [
            "772197ac-f017-47c3-a9a2-2595bb5f8f3d"
          ],
          "pending": [],
          "skipped": [],
          "duration": 5054,
          "root": false,
          "rootEmpty": false,
          "_timeout": 2000
        },
        {
          "uuid": "195bb391-0c4a-4223-b12d-d358e2b76909",
          "title": "Test Scenario 5: Not found",
          "fullFile": "",
          "file": "",
          "beforeHooks": [],
          "afterHooks": [],
          "tests": [
            {
              "title": "Returns an HTTP code of 404 for non-existent DIDs",
              "fullTitle": "Test Scenario 5: Not found Returns an HTTP code of 404 for non-existent DIDs",
              "timedOut": null,
              "duration": 5052,
              "state": "failed",
              "speed": null,
              "pass": false,
              "fail": true,
              "pending": false,
              "context": null,
              "code": "cy.fixture(\"../fixtures/example_dids.json\").its(\"nonExisDids\").then(list => {\n  Object.keys(list).forEach(key => {\n    const nonExDid = list[key];\n    cy.request({\n      method: \"GET\",\n      url: \"https://dev.uniresolver.io/1.0/identifiers/\" + nonExDid,\n      failOnStatusCode: false\n    }).then(response => {\n      expect(response.status).to.eq(404);\n      expect(response.headers[\"content-type\"]).to.contain('application/ld+json;profile=\"https://w3id.org/did-resolution\"');\n      expect(response.body.didResolutionMetadata.error).to.eq(\"notFound\");\n    });\n  });\n});",
              "err": {
                "message": "CypressError: `cy.request()` timed out waiting `5000ms` for a response from your server.\n\nThe request we sent was:\n\nMethod: GET\nURL: https://dev.uniresolver.io/1.0/identifiers/did:sov:0000000000000000000000\n\nNo response was received within the timeout.\n\nhttps://on.cypress.io/request",
                "estack": "CypressError: `cy.request()` timed out waiting `5000ms` for a response from your server.\n\nThe request we sent was:\n\nMethod: GET\nURL: https://dev.uniresolver.io/1.0/identifiers/did:sov:0000000000000000000000\n\nNo response was received within the timeout.\n\nhttps://on.cypress.io/request\n    at http://localhost:50701/__cypress/runner/cypress_runner.js:160652:78\n    at tryCatcher (http://localhost:50701/__cypress/runner/cypress_runner.js:13022:23)\n    at http://localhost:50701/__cypress/runner/cypress_runner.js:8144:41\n    at tryCatcher (http://localhost:50701/__cypress/runner/cypress_runner.js:13022:23)\n    at Promise._settlePromiseFromHandler (http://localhost:50701/__cypress/runner/cypress_runner.js:10957:31)\n    at Promise._settlePromise (http://localhost:50701/__cypress/runner/cypress_runner.js:11014:18)\n    at Promise._settlePromise0 (http://localhost:50701/__cypress/runner/cypress_runner.js:11059:10)\n    at Promise._settlePromises (http://localhost:50701/__cypress/runner/cypress_runner.js:11135:18)\n    at _drainQueueStep (http://localhost:50701/__cypress/runner/cypress_runner.js:7729:12)\n    at _drainQueue (http://localhost:50701/__cypress/runner/cypress_runner.js:7722:9)\n    at Async.../../node_modules/bluebird/js/release/async.js.Async._drainQueues (http://localhost:50701/__cypress/runner/cypress_runner.js:7738:5)\n    at Async.drainQueues (http://localhost:50701/__cypress/runner/cypress_runner.js:7608:14)\nFrom Your Spec Code:\n    at eval (http://localhost:50701/__cypress/tests?p=cypress/integration/uniresolver_fixtures_spec.js:193:12)\nat Array.forEach (<anonymous>)\n    at Context.eval (http://localhost:50701/__cypress/tests?p=cypress/integration/uniresolver_fixtures_spec.js:191:25)",
                "diff": null
              },
              "uuid": "312bc088-c2af-4d4b-8757-a85baea05197",
              "parentUUID": "195bb391-0c4a-4223-b12d-d358e2b76909",
              "isHook": false,
              "skipped": false
            }
          ],
          "suites": [],
          "passes": [],
          "failures": [
            "312bc088-c2af-4d4b-8757-a85baea05197"
          ],
          "pending": [],
          "skipped": [],
          "duration": 5052,
          "root": false,
          "rootEmpty": false,
          "_timeout": 2000
        },
        {
          "uuid": "cd1f208e-5018-45ea-9dd4-3b7d15b9ea32",
          "title": "Test Scenario 6: Invalid DID",
          "fullFile": "",
          "file": "",
          "beforeHooks": [],
          "afterHooks": [],
          "tests": [
            {
              "title": "Returns a HTTP code of 400 for an invalid DID",
              "fullTitle": "Test Scenario 6: Invalid DID Returns a HTTP code of 400 for an invalid DID",
              "timedOut": null,
              "duration": 5043,
              "state": "failed",
              "speed": null,
              "pass": false,
              "fail": true,
              "pending": false,
              "context": null,
              "code": "cy.fixture(\"../fixtures/example_dids.json\").its(\"invalidDids\").then(list => {\n  Object.keys(list).forEach(key => {\n    const invalidDid = list[key];\n    cy.request({\n      method: \"GET\",\n      url: \"https://dev.uniresolver.io/1.0/identifiers/\" + invalidDid,\n      failOnStatusCode: false\n    }).then(response => {\n      expect(response.status).to.eq(400);\n      expect(response.headers[\"content-type\"]).to.contain('application/ld+json;profile=\"https://w3id.org/did-resolution\"');\n      expect(response.body.didResolutionMetadata.error).to.eq(\"invalidDid\");\n    });\n  });\n});",
              "err": {
                "message": "CypressError: `cy.request()` timed out waiting `5000ms` for a response from your server.\n\nThe request we sent was:\n\nMethod: GET\nURL: https://dev.uniresolver.io/1.0/identifiers/did:example_222\n\nNo response was received within the timeout.\n\nhttps://on.cypress.io/request",
                "estack": "CypressError: `cy.request()` timed out waiting `5000ms` for a response from your server.\n\nThe request we sent was:\n\nMethod: GET\nURL: https://dev.uniresolver.io/1.0/identifiers/did:example_222\n\nNo response was received within the timeout.\n\nhttps://on.cypress.io/request\n    at http://localhost:50701/__cypress/runner/cypress_runner.js:160652:78\n    at tryCatcher (http://localhost:50701/__cypress/runner/cypress_runner.js:13022:23)\n    at http://localhost:50701/__cypress/runner/cypress_runner.js:8144:41\n    at tryCatcher (http://localhost:50701/__cypress/runner/cypress_runner.js:13022:23)\n    at Promise._settlePromiseFromHandler (http://localhost:50701/__cypress/runner/cypress_runner.js:10957:31)\n    at Promise._settlePromise (http://localhost:50701/__cypress/runner/cypress_runner.js:11014:18)\n    at Promise._settlePromise0 (http://localhost:50701/__cypress/runner/cypress_runner.js:11059:10)\n    at Promise._settlePromises (http://localhost:50701/__cypress/runner/cypress_runner.js:11135:18)\n    at _drainQueueStep (http://localhost:50701/__cypress/runner/cypress_runner.js:7729:12)\n    at _drainQueue (http://localhost:50701/__cypress/runner/cypress_runner.js:7722:9)\n    at Async.../../node_modules/bluebird/js/release/async.js.Async._drainQueues (http://localhost:50701/__cypress/runner/cypress_runner.js:7738:5)\n    at Async.drainQueues (http://localhost:50701/__cypress/runner/cypress_runner.js:7608:14)\nFrom Your Spec Code:\n    at eval (http://localhost:50701/__cypress/tests?p=cypress/integration/uniresolver_fixtures_spec.js:211:12)\nat Array.forEach (<anonymous>)\n    at Context.eval (http://localhost:50701/__cypress/tests?p=cypress/integration/uniresolver_fixtures_spec.js:209:25)",
                "diff": null
              },
              "uuid": "92320bfe-3ecf-49f6-adb4-8f36334f037a",
              "parentUUID": "cd1f208e-5018-45ea-9dd4-3b7d15b9ea32",
              "isHook": false,
              "skipped": false
            }
          ],
          "suites": [],
          "passes": [],
          "failures": [
            "92320bfe-3ecf-49f6-adb4-8f36334f037a"
          ],
          "pending": [],
          "skipped": [],
          "duration": 5043,
          "root": false,
          "rootEmpty": false,
          "_timeout": 2000
        },
        {
          "uuid": "b45b583a-ea44-4f58-9d9b-18a0c5db7927",
          "title": "Test Scenario 7: DID URLs with fragments",
          "fullFile": "",
          "file": "",
          "beforeHooks": [],
          "afterHooks": [],
          "tests": [
            {
              "title": "Can resolve a DID with a fragment",
              "fullTitle": "Test Scenario 7: DID URLs with fragments Can resolve a DID with a fragment",
              "timedOut": null,
              "duration": 5050,
              "state": "failed",
              "speed": null,
              "pass": false,
              "fail": true,
              "pending": false,
              "context": null,
              "code": "cy.fixture(\"../fixtures/example_dids.json\").its(\"fragmentDids\").then(list => {\n  Object.keys(list).forEach(key => {\n    const fragmentDid = list[key];\n    cy.request({\n      method: \"GET\",\n      url: \"https://dev.uniresolver.io/1.0/identifiers/\" + fragmentDid,\n      failOnStatusCode: false,\n      headers: {\n        Accept: \"application/did+ld+json\"\n      }\n    }).as(\"request\");\n    cy.get(\"@request\").then(response => {\n      console.log(response);\n      expect(response.status).to.eq(200);\n      expect(response.headers[\"content-type\"]).to.contain(\"application/did+ld+json\");\n      expect(response.body).not.to.have.property(\"didDocument\");\n      expect(response.body).to.have.property(\"@context\"); //FAILS\n      expect(response.body).to.have.property(\"type\");\n      expect(response.body).to.have.property(\"id\"); // FAILS\n      expect(response.body[\"id\"]).to.contain(fragmentDid.split(\"#\")[0]);\n    });\n  });\n});",
              "err": {
                "message": "CypressError: `cy.request()` timed out waiting `5000ms` for a response from your server.\n\nThe request we sent was:\n\nMethod: GET\nURL: https://dev.uniresolver.io/1.0/identifiers/did%3Asov%3AWRfXPg8dantKVubE3HX8pw%23key-1\n\nNo response was received within the timeout.\n\nhttps://on.cypress.io/request",
                "estack": "CypressError: `cy.request()` timed out waiting `5000ms` for a response from your server.\n\nThe request we sent was:\n\nMethod: GET\nURL: https://dev.uniresolver.io/1.0/identifiers/did%3Asov%3AWRfXPg8dantKVubE3HX8pw%23key-1\n\nNo response was received within the timeout.\n\nhttps://on.cypress.io/request\n    at http://localhost:50701/__cypress/runner/cypress_runner.js:160652:78\n    at tryCatcher (http://localhost:50701/__cypress/runner/cypress_runner.js:13022:23)\n    at http://localhost:50701/__cypress/runner/cypress_runner.js:8144:41\n    at tryCatcher (http://localhost:50701/__cypress/runner/cypress_runner.js:13022:23)\n    at Promise._settlePromiseFromHandler (http://localhost:50701/__cypress/runner/cypress_runner.js:10957:31)\n    at Promise._settlePromise (http://localhost:50701/__cypress/runner/cypress_runner.js:11014:18)\n    at Promise._settlePromise0 (http://localhost:50701/__cypress/runner/cypress_runner.js:11059:10)\n    at Promise._settlePromises (http://localhost:50701/__cypress/runner/cypress_runner.js:11135:18)\n    at _drainQueueStep (http://localhost:50701/__cypress/runner/cypress_runner.js:7729:12)\n    at _drainQueue (http://localhost:50701/__cypress/runner/cypress_runner.js:7722:9)\n    at Async.../../node_modules/bluebird/js/release/async.js.Async._drainQueues (http://localhost:50701/__cypress/runner/cypress_runner.js:7738:5)\n    at Async.drainQueues (http://localhost:50701/__cypress/runner/cypress_runner.js:7608:14)\nFrom Your Spec Code:\n    at eval (http://localhost:50701/__cypress/tests?p=cypress/integration/uniresolver_fixtures_spec.js:229:12)\nat Array.forEach (<anonymous>)\n    at Context.eval (http://localhost:50701/__cypress/tests?p=cypress/integration/uniresolver_fixtures_spec.js:227:25)",
                "diff": null
              },
              "uuid": "925a0d2d-4ff1-4700-8cb4-2134660b4601",
              "parentUUID": "b45b583a-ea44-4f58-9d9b-18a0c5db7927",
              "isHook": false,
              "skipped": false
            }
          ],
          "suites": [],
          "passes": [],
          "failures": [
            "925a0d2d-4ff1-4700-8cb4-2134660b4601"
          ],
          "pending": [],
          "skipped": [],
          "duration": 5050,
          "root": false,
          "rootEmpty": false,
          "_timeout": 2000
        }
      ],
      "passes": [],
      "failures": [],
      "pending": [],
      "skipped": [],
      "duration": 0,
      "root": true,
      "rootEmpty": true,
      "_timeout": 2000
    }
  ],
  "meta": {
    "mocha": {
      "version": "7.0.1"
    },
    "mochawesome": {
      "options": {
        "quiet": false,
        "reportFilename": "mochawesome",
        "saveHtml": false,
        "saveJson": true,
        "consoleReporter": "spec",
        "useInlineDiffs": false,
        "code": true
      },
      "version": "7.1.2"
    },
    "marge": {
      "options": {
        "reportDir": "cypress/reports/mocha",
        "configFile": "reporterOpts.json",
        "overwrite": false,
        "html": false,
        "json": true
      },
      "version": "6.1.1"
    }
  }
}