{
  "stats": {
    "suites": 1,
    "tests": 1,
    "passes": 0,
    "pending": 0,
    "failures": 1,
    "start": "2022-03-14T10:53:23.876Z",
    "end": "2022-03-14T10:53:54.028Z",
    "duration": 30152,
    "testsRegistered": 1,
    "passPercent": 0,
    "pendingPercent": 0,
    "other": 0,
    "hasOther": false,
    "skipped": 0,
    "hasSkipped": false
  },
  "results": [
    {
      "uuid": "51e2b5f4-1fc9-4e97-b62e-5a79b7b7764a",
      "title": "",
      "fullFile": "cypress/integration/resolver_spec.js",
      "file": "cypress/integration/resolver_spec.js",
      "beforeHooks": [],
      "afterHooks": [],
      "tests": [],
      "suites": [
        {
          "uuid": "8ec12331-1f32-4064-872a-7db58779bf36",
          "title": "Test Scenario 1: DID Resolution Result overview",
          "fullFile": "",
          "file": "",
          "beforeHooks": [],
          "afterHooks": [],
          "tests": [
            {
              "title": "MUST return HTTP code 200",
              "fullTitle": "Test Scenario 1: DID Resolution Result overview MUST return HTTP code 200",
              "timedOut": null,
              "duration": 30088,
              "state": "failed",
              "speed": null,
              "pass": false,
              "fail": true,
              "pending": false,
              "context": null,
              "code": "cy.get(\"@request\").then(response => {\n  expect(response.status).to.eq(200);\n});",
              "err": {
                "message": "CypressError: `cy.request()` timed out waiting `30000ms` for a response from your server.\n\nThe request we sent was:\n\nMethod: GET\nURL: https://dev.uniresolver.io/1.0/identifiers/did:sov:WRfXPg8dantKVubE3HX8pw\n\nNo response was received within the timeout.\n\nhttps://on.cypress.io/request\n\nBecause this error occurred during a `before each` hook we are skipping the remaining tests in the current suite: `Test Scenario 1: DID Resolu...`",
                "estack": "CypressError: `cy.request()` timed out waiting `30000ms` for a response from your server.\n\nThe request we sent was:\n\nMethod: GET\nURL: https://dev.uniresolver.io/1.0/identifiers/did:sov:WRfXPg8dantKVubE3HX8pw\n\nNo response was received within the timeout.\n\nhttps://on.cypress.io/request\n\nBecause this error occurred during a `before each` hook we are skipping the remaining tests in the current suite: `Test Scenario 1: DID Resolu...`\n    at http://localhost:56173/__cypress/runner/cypress_runner.js:160652:78\n    at tryCatcher (http://localhost:56173/__cypress/runner/cypress_runner.js:13022:23)\n    at http://localhost:56173/__cypress/runner/cypress_runner.js:8144:41\n    at tryCatcher (http://localhost:56173/__cypress/runner/cypress_runner.js:13022:23)\n    at Promise._settlePromiseFromHandler (http://localhost:56173/__cypress/runner/cypress_runner.js:10957:31)\n    at Promise._settlePromise (http://localhost:56173/__cypress/runner/cypress_runner.js:11014:18)\n    at Promise._settlePromise0 (http://localhost:56173/__cypress/runner/cypress_runner.js:11059:10)\n    at Promise._settlePromises (http://localhost:56173/__cypress/runner/cypress_runner.js:11135:18)\n    at _drainQueueStep (http://localhost:56173/__cypress/runner/cypress_runner.js:7729:12)\n    at _drainQueue (http://localhost:56173/__cypress/runner/cypress_runner.js:7722:9)\n    at Async.../../node_modules/bluebird/js/release/async.js.Async._drainQueues (http://localhost:56173/__cypress/runner/cypress_runner.js:7738:5)\n    at Async.drainQueues (http://localhost:56173/__cypress/runner/cypress_runner.js:7608:14)\nFrom Your Spec Code:\n    at Context.eval (http://localhost:56173/__cypress/tests?p=cypress/integration/resolver_spec.js:101:8)",
                "diff": null
              },
              "uuid": "8275f223-6f15-40bf-ad29-7e295fb187fb",
              "parentUUID": "8ec12331-1f32-4064-872a-7db58779bf36",
              "isHook": false,
              "skipped": false
            }
          ],
          "suites": [],
          "passes": [],
          "failures": [
            "8275f223-6f15-40bf-ad29-7e295fb187fb"
          ],
          "pending": [],
          "skipped": [],
          "duration": 30088,
          "root": false,
          "rootEmpty": false,
          "_timeout": 2000
        }
      ],
      "passes": [],
      "failures": [],
      "pending": [],
      "skipped": [],
      "duration": 0,
      "root": true,
      "rootEmpty": true,
      "_timeout": 2000
    }
  ],
  "meta": {
    "mocha": {
      "version": "7.0.1"
    },
    "mochawesome": {
      "options": {
        "quiet": false,
        "reportFilename": "mochawesome",
        "saveHtml": false,
        "saveJson": true,
        "consoleReporter": "spec",
        "useInlineDiffs": false,
        "code": true
      },
      "version": "7.1.2"
    },
    "marge": {
      "options": {
        "reportDir": "cypress/reports/mocha",
        "configFile": "reporterOpts.json",
        "overwrite": false,
        "html": false,
        "json": true
      },
      "version": "6.1.1"
    }
  }
}