{
  "stats": {
    "suites": 1,
    "tests": 1,
    "passes": 1,
    "pending": 0,
    "failures": 0,
    "start": "2022-03-14T09:39:29.339Z",
    "end": "2022-03-14T09:39:30.057Z",
    "duration": 718,
    "testsRegistered": 1,
    "passPercent": 100,
    "pendingPercent": 0,
    "other": 0,
    "hasOther": false,
    "skipped": 0,
    "hasSkipped": false
  },
  "results": [
    {
      "uuid": "194d2a81-7eb1-47ec-bffc-41928d21632f",
      "title": "",
      "fullFile": "cypress/integration/uniresolver_fixtures_spec.js",
      "file": "cypress/integration/uniresolver_fixtures_spec.js",
      "beforeHooks": [],
      "afterHooks": [],
      "tests": [],
      "suites": [
        {
          "uuid": "f8bb5ace-b749-4e48-b1f6-60ed8198ed52",
          "title": "Test Scenario 1: DID Resolution Result fixtures",
          "fullFile": "",
          "file": "",
          "beforeHooks": [],
          "afterHooks": [],
          "tests": [
            {
              "title": "A correct DID can be resolved",
              "fullTitle": "Test Scenario 1: DID Resolution Result fixtures A correct DID can be resolved",
              "timedOut": null,
              "duration": 702,
              "state": "passed",
              "speed": "fast",
              "pass": true,
              "fail": false,
              "pending": false,
              "context": null,
              "code": "cy.fixture(\"../fixtures/example_dids.json\").its(\"normalDids\").then(list => {\n  Object.keys(list).forEach(key => {\n    const normalDid = list[key];\n    cy.request({\n      method: \"GET\",\n      url: \"https://dev.uniresolver.io/1.0/identifiers/\" + normalDid\n    }).as(\"request\");\n    cy.get(\"@request\").then(response => {\n      expect(response.status).to.eq(200);\n    }); // cy.get(\"@request\").then((response) => {\n    //   expect(response.headers[\"content-type\"]).to.contain(\n    //     'application/ld+json;profile=\"https://w3id.org/did-resolution'\n    //   );\n    // });\n    //\n    // cy.get(\"@request\").then((response) => {\n    //   expect(response.body).to.have.property(\"didDocument\");\n    // });\n    //\n    // cy.get(\"@request\").then((response) => {\n    //   expect(response.body).to.have.property(\"didResolutionMetadata\");\n    // });\n    //\n    // cy.get(\"@request\").then((response) => {\n    //   expect(response.body).to.have.property(\"didDocumentMetadata\");\n    // });\n  });\n});",
              "err": {},
              "uuid": "a1e5826a-e601-4dcd-a2c7-2ebf96e4bb9d",
              "parentUUID": "f8bb5ace-b749-4e48-b1f6-60ed8198ed52",
              "isHook": false,
              "skipped": false
            }
          ],
          "suites": [],
          "passes": [
            "a1e5826a-e601-4dcd-a2c7-2ebf96e4bb9d"
          ],
          "failures": [],
          "pending": [],
          "skipped": [],
          "duration": 702,
          "root": false,
          "rootEmpty": false,
          "_timeout": 2000
        }
      ],
      "passes": [],
      "failures": [],
      "pending": [],
      "skipped": [],
      "duration": 0,
      "root": true,
      "rootEmpty": true,
      "_timeout": 2000
    }
  ],
  "meta": {
    "mocha": {
      "version": "7.0.1"
    },
    "mochawesome": {
      "options": {
        "quiet": false,
        "reportFilename": "mochawesome",
        "saveHtml": false,
        "saveJson": true,
        "consoleReporter": "spec",
        "useInlineDiffs": false,
        "code": true
      },
      "version": "7.1.2"
    },
    "marge": {
      "options": {
        "reportDir": "cypress/reports/mocha",
        "configFile": "reporterOpts.json",
        "overwrite": false,
        "html": false,
        "json": true
      },
      "version": "6.1.1"
    }
  }
}