{
  "stats": {
    "suites": 7,
    "tests": 7,
    "passes": 2,
    "pending": 0,
    "failures": 5,
    "start": "2022-03-15T14:46:08.114Z",
    "end": "2022-03-15T14:46:11.374Z",
    "duration": 3260,
    "testsRegistered": 7,
    "passPercent": 28.57142857142857,
    "pendingPercent": 0,
    "other": 0,
    "hasOther": false,
    "skipped": 0,
    "hasSkipped": false
  },
  "results": [
    {
      "uuid": "6216b5d4-886c-4048-bc07-1390bd42d297",
      "title": "",
      "fullFile": "cypress/integration/uniresolver_fixtures_spec.js",
      "file": "cypress/integration/uniresolver_fixtures_spec.js",
      "beforeHooks": [],
      "afterHooks": [],
      "tests": [],
      "suites": [
        {
          "uuid": "fce07b9f-fbd5-4c3b-8bf9-cca87aa18d38",
          "title": "Test Scenario 1: DID Resolution Result fixtures: https://api.godiddy.com/0.1.0/universal-resolver/identifiers/",
          "fullFile": "",
          "file": "",
          "beforeHooks": [],
          "afterHooks": [],
          "tests": [
            {
              "title": "A correct DID can be resolved",
              "fullTitle": "Test Scenario 1: DID Resolution Result fixtures: https://api.godiddy.com/0.1.0/universal-resolver/identifiers/ A correct DID can be resolved",
              "timedOut": null,
              "duration": 544,
              "state": "failed",
              "speed": null,
              "pass": false,
              "fail": true,
              "pending": false,
              "context": null,
              "code": "cy.fixture(\"../fixtures/example_dids.json\").its(\"normalDids\").then(list => {\n  Object.keys(list).forEach(key => {\n    const normalDid = list[key];\n    cy.request({\n      method: \"GET\",\n      url: endpoint + normalDid\n    }).as(\"request\");\n    cy.get(\"@request\").then(response => {\n      expect(response.status).to.eq(200);\n    });\n    cy.get(\"@request\").then(response => {\n      expect(response.headers[\"content-type\"]).to.contain('application/ld+json;profile=\"https://w3id.org/did-resolution');\n    });\n    cy.get(\"@request\").then(response => {\n      expect(response.body).to.have.property(\"didDocument\");\n    });\n    cy.get(\"@request\").then(response => {\n      expect(response.body).to.have.property(\"didResolutionMetadata\");\n    });\n    cy.get(\"@request\").then(response => {\n      expect(response.body).to.have.property(\"didDocumentMetadata\");\n    });\n  });\n});",
              "err": {
                "message": "AssertionError: expected 'application/ld+json; profile=\"https://w3id.org/did-resolution\";charset=utf-8' to include 'application/ld+json;profile=\"https://w3id.org/did-resolution'",
                "estack": "AssertionError: expected 'application/ld+json; profile=\"https://w3id.org/did-resolution\";charset=utf-8' to include 'application/ld+json;profile=\"https://w3id.org/did-resolution'\n    at Context.eval (http://localhost:52645/__cypress/tests?p=cypress/integration/uniresolver_fixtures_spec.js:113:55)",
                "diff": null
              },
              "uuid": "dfc2fd17-ee9e-478b-aa4e-840b03e925a2",
              "parentUUID": "fce07b9f-fbd5-4c3b-8bf9-cca87aa18d38",
              "isHook": false,
              "skipped": false
            }
          ],
          "suites": [],
          "passes": [],
          "failures": [
            "dfc2fd17-ee9e-478b-aa4e-840b03e925a2"
          ],
          "pending": [],
          "skipped": [],
          "duration": 544,
          "root": false,
          "rootEmpty": false,
          "_timeout": 2000
        },
        {
          "uuid": "4f052ac7-ad17-4da6-a18e-681bac74a350",
          "title": "Test Scenario 2: JSON-LD DID document",
          "fullFile": "",
          "file": "",
          "beforeHooks": [],
          "afterHooks": [],
          "tests": [
            {
              "title": "A correct DID can be resolved with header input",
              "fullTitle": "Test Scenario 2: JSON-LD DID document A correct DID can be resolved with header input",
              "timedOut": null,
              "duration": 1707,
              "state": "passed",
              "speed": "fast",
              "pass": true,
              "fail": false,
              "pending": false,
              "context": null,
              "code": "cy.fixture(\"../fixtures/example_dids.json\").its(\"normalDids\").then(list => {\n  Object.keys(list).forEach(key => {\n    const normalDid = list[key];\n    cy.request({\n      method: \"GET\",\n      url: endpoint + normalDid,\n      headers: {\n        Accept: \"application/did+ld+json\"\n      }\n    }).as(\"headers\");\n    cy.get(\"@headers\").then(response => {\n      expect(response.status).to.eq(200);\n      expect(response.headers[\"content-type\"]).to.contain(\"application/did+ld+json\");\n      expect(response.body).not.to.have.property(\"didDocument\");\n      expect(response.body).to.have.property(\"@context\");\n    });\n  });\n});",
              "err": {},
              "uuid": "8b7054c8-5f94-4781-8397-6af0a6066216",
              "parentUUID": "4f052ac7-ad17-4da6-a18e-681bac74a350",
              "isHook": false,
              "skipped": false
            }
          ],
          "suites": [],
          "passes": [
            "8b7054c8-5f94-4781-8397-6af0a6066216"
          ],
          "failures": [],
          "pending": [],
          "skipped": [],
          "duration": 1707,
          "root": false,
          "rootEmpty": false,
          "_timeout": 2000
        },
        {
          "uuid": "4375aac5-7456-4cf4-8d18-b3f6438f4fe9",
          "title": "Test Scenario 3: Representation not supported",
          "fullFile": "",
          "file": "",
          "beforeHooks": [],
          "afterHooks": [],
          "tests": [
            {
              "title": "Shows an error when a representation is prompted",
              "fullTitle": "Test Scenario 3: Representation not supported Shows an error when a representation is prompted",
              "timedOut": null,
              "duration": 181,
              "state": "passed",
              "speed": "fast",
              "pass": true,
              "fail": false,
              "pending": false,
              "context": null,
              "code": "cy.fixture(\"../fixtures/example_dids.json\").its(\"normalDids\").then(list => {\n  Object.keys(list).forEach(key => {\n    const normalDid = list[key];\n    cy.request({\n      method: \"GET\",\n      url: endpoint + normalDid,\n      headers: {\n        Accept: \"image/png\"\n      },\n      failOnStatusCode: false\n    }).then(response => {\n      expect(response.status).to.eq(406);\n    });\n  });\n});",
              "err": {},
              "uuid": "e9d4f16f-21f1-46c2-a263-c136a4aac4a5",
              "parentUUID": "4375aac5-7456-4cf4-8d18-b3f6438f4fe9",
              "isHook": false,
              "skipped": false
            }
          ],
          "suites": [],
          "passes": [
            "e9d4f16f-21f1-46c2-a263-c136a4aac4a5"
          ],
          "failures": [],
          "pending": [],
          "skipped": [],
          "duration": 181,
          "root": false,
          "rootEmpty": false,
          "_timeout": 2000
        },
        {
          "uuid": "b729232e-adc4-4ff3-91ea-9326d534cb7b",
          "title": "Test Scenario 4: Deactivated",
          "fullFile": "",
          "file": "",
          "beforeHooks": [],
          "afterHooks": [],
          "tests": [
            {
              "title": "Returns an HTTP code of 410 for deactivated DIDs",
              "fullTitle": "Test Scenario 4: Deactivated Returns an HTTP code of 410 for deactivated DIDs",
              "timedOut": null,
              "duration": 68,
              "state": "failed",
              "speed": null,
              "pass": false,
              "fail": true,
              "pending": false,
              "context": null,
              "code": "cy.fixture(\"../fixtures/example_dids.json\").its(\"deacDids\").then(list => {\n  Object.keys(list).forEach(key => {\n    const deacDid = list[key];\n    cy.request({\n      method: \"GET\",\n      url: endpoint + deacDid,\n      failOnStatusCode: false\n    }).then(response => {\n      expect(response.status).to.eq(410);\n      expect(response.headers[\"content-type\"]).to.contain('application/ld+json;profile=\"https://w3id.org/did-resolution\"'); //FAILS\n      expect(response.body.didDocumentMetadata.deactivated).to.eq(true);\n    });\n  });\n});",
              "err": {
                "message": "AssertionError: expected 404 to equal 410",
                "estack": "AssertionError: expected 404 to equal 410\n    at Context.eval (http://localhost:52645/__cypress/tests?p=cypress/integration/uniresolver_fixtures_spec.js:179:38)",
                "diff": "- 404\n+ 410\n"
              },
              "uuid": "94795674-99bb-4d94-814e-954e201dba09",
              "parentUUID": "b729232e-adc4-4ff3-91ea-9326d534cb7b",
              "isHook": false,
              "skipped": false
            }
          ],
          "suites": [],
          "passes": [],
          "failures": [
            "94795674-99bb-4d94-814e-954e201dba09"
          ],
          "pending": [],
          "skipped": [],
          "duration": 68,
          "root": false,
          "rootEmpty": false,
          "_timeout": 2000
        },
        {
          "uuid": "a18654b8-6002-4ae9-b0fc-1641744f2326",
          "title": "Test Scenario 5: Not found",
          "fullFile": "",
          "file": "",
          "beforeHooks": [],
          "afterHooks": [],
          "tests": [
            {
              "title": "Returns an HTTP code of 404 for non-existent DIDs",
              "fullTitle": "Test Scenario 5: Not found Returns an HTTP code of 404 for non-existent DIDs",
              "timedOut": null,
              "duration": 81,
              "state": "failed",
              "speed": null,
              "pass": false,
              "fail": true,
              "pending": false,
              "context": null,
              "code": "cy.fixture(\"../fixtures/example_dids.json\").its(\"nonExisDids\").then(list => {\n  Object.keys(list).forEach(key => {\n    const nonExDid = list[key];\n    cy.request({\n      method: \"GET\",\n      url: endpoint + nonExDid,\n      failOnStatusCode: false\n    }).then(response => {\n      expect(response.status).to.eq(404);\n      expect(response.headers[\"content-type\"]).to.contain('application/ld+json;profile=\"https://w3id.org/did-resolution\"');\n      expect(response.body.didResolutionMetadata.error).to.eq(\"notFound\");\n    });\n  });\n});",
              "err": {
                "message": "AssertionError: expected 'text/plain;charset=UTF-8' to include 'application/ld+json;profile=\"https://w3id.org/did-resolution\"'",
                "estack": "AssertionError: expected 'text/plain;charset=UTF-8' to include 'application/ld+json;profile=\"https://w3id.org/did-resolution\"'\n    at Context.eval (http://localhost:52645/__cypress/tests?p=cypress/integration/uniresolver_fixtures_spec.js:199:55)",
                "diff": null
              },
              "uuid": "0542d759-03de-4d9d-a3ee-353805ef2cc9",
              "parentUUID": "a18654b8-6002-4ae9-b0fc-1641744f2326",
              "isHook": false,
              "skipped": false
            }
          ],
          "suites": [],
          "passes": [],
          "failures": [
            "0542d759-03de-4d9d-a3ee-353805ef2cc9"
          ],
          "pending": [],
          "skipped": [],
          "duration": 81,
          "root": false,
          "rootEmpty": false,
          "_timeout": 2000
        },
        {
          "uuid": "4106e0df-6076-43f2-8c5c-f2f1c6f455a3",
          "title": "Test Scenario 6: Invalid DID",
          "fullFile": "",
          "file": "",
          "beforeHooks": [],
          "afterHooks": [],
          "tests": [
            {
              "title": "Returns a HTTP code of 400 for an invalid DID",
              "fullTitle": "Test Scenario 6: Invalid DID Returns a HTTP code of 400 for an invalid DID",
              "timedOut": null,
              "duration": 73,
              "state": "failed",
              "speed": null,
              "pass": false,
              "fail": true,
              "pending": false,
              "context": null,
              "code": "cy.fixture(\"../fixtures/example_dids.json\").its(\"invalidDids\").then(list => {\n  Object.keys(list).forEach(key => {\n    const invalidDid = list[key];\n    cy.request({\n      method: \"GET\",\n      url: endpoint + invalidDid,\n      failOnStatusCode: false\n    }).then(response => {\n      expect(response.status).to.eq(400);\n      expect(response.headers[\"content-type\"]).to.contain('application/ld+json;profile=\"https://w3id.org/did-resolution\"');\n      expect(response.body.didResolutionMetadata.error).to.eq(\"invalidDid\");\n    });\n  });\n});",
              "err": {
                "message": "AssertionError: expected 500 to equal 400",
                "estack": "AssertionError: expected 500 to equal 400\n    at Context.eval (http://localhost:52645/__cypress/tests?p=cypress/integration/uniresolver_fixtures_spec.js:216:38)",
                "diff": "- 500\n+ 400\n"
              },
              "uuid": "bdeaa1e6-a475-4039-994f-2fa250b693b4",
              "parentUUID": "4106e0df-6076-43f2-8c5c-f2f1c6f455a3",
              "isHook": false,
              "skipped": false
            }
          ],
          "suites": [],
          "passes": [],
          "failures": [
            "bdeaa1e6-a475-4039-994f-2fa250b693b4"
          ],
          "pending": [],
          "skipped": [],
          "duration": 73,
          "root": false,
          "rootEmpty": false,
          "_timeout": 2000
        },
        {
          "uuid": "86018378-c4c6-45af-944b-7168ceb19ae9",
          "title": "Test Scenario 7: DID URLs with fragments",
          "fullFile": "",
          "file": "",
          "beforeHooks": [],
          "afterHooks": [],
          "tests": [
            {
              "title": "Can resolve a DID with a fragment",
              "fullTitle": "Test Scenario 7: DID URLs with fragments Can resolve a DID with a fragment",
              "timedOut": null,
              "duration": 465,
              "state": "failed",
              "speed": null,
              "pass": false,
              "fail": true,
              "pending": false,
              "context": null,
              "code": "cy.fixture(\"../fixtures/example_dids.json\").its(\"fragmentDids\").then(list => {\n  Object.keys(list).forEach(key => {\n    const fragmentDid = list[key];\n    cy.request({\n      method: \"GET\",\n      url: endpoint + fragmentDid,\n      failOnStatusCode: false,\n      headers: {\n        Accept: \"application/did+ld+json\"\n      }\n    }).as(\"request\");\n    cy.get(\"@request\").then(response => {\n      console.log(response);\n      expect(response.status).to.eq(200);\n      expect(response.headers[\"content-type\"]).to.contain(\"application/did+ld+json\");\n      expect(response.body).not.to.have.property(\"didDocument\");\n      expect(response.body).to.have.property(\"@context\"); //FAILS\n      expect(response.body).to.have.property(\"type\");\n      expect(response.body).to.have.property(\"id\"); // FAILS\n      expect(response.body[\"id\"]).to.contain(fragmentDid.split(\"#\")[0]);\n    });\n  });\n});",
              "err": {
                "message": "AssertionError: expected 'did:sov:WRfXPg8dantKVubE3HX8pw#key-1' to include 'did%3Asov%3AWRfXPg8dantKVubE3HX8pw%23key-1'",
                "estack": "AssertionError: expected 'did:sov:WRfXPg8dantKVubE3HX8pw#key-1' to include 'did%3Asov%3AWRfXPg8dantKVubE3HX8pw%23key-1'\n    at Context.eval (http://localhost:52645/__cypress/tests?p=cypress/integration/uniresolver_fixtures_spec.js:247:42)",
                "diff": null
              },
              "uuid": "0b0ce8ce-c009-46c9-88ed-17b6ba9f40ea",
              "parentUUID": "86018378-c4c6-45af-944b-7168ceb19ae9",
              "isHook": false,
              "skipped": false
            }
          ],
          "suites": [],
          "passes": [],
          "failures": [
            "0b0ce8ce-c009-46c9-88ed-17b6ba9f40ea"
          ],
          "pending": [],
          "skipped": [],
          "duration": 465,
          "root": false,
          "rootEmpty": false,
          "_timeout": 2000
        }
      ],
      "passes": [],
      "failures": [],
      "pending": [],
      "skipped": [],
      "duration": 0,
      "root": true,
      "rootEmpty": true,
      "_timeout": 2000
    }
  ],
  "meta": {
    "mocha": {
      "version": "7.0.1"
    },
    "mochawesome": {
      "options": {
        "quiet": false,
        "reportFilename": "mochawesome",
        "saveHtml": false,
        "saveJson": true,
        "consoleReporter": "spec",
        "useInlineDiffs": false,
        "code": true
      },
      "version": "7.1.2"
    },
    "marge": {
      "options": {
        "reportDir": "cypress/reports/mocha",
        "configFile": "reporterOpts.json",
        "overwrite": false,
        "html": false,
        "json": true
      },
      "version": "6.1.1"
    }
  }
}