{
  "stats": {
    "suites": 1,
    "tests": 7,
    "passes": 7,
    "pending": 0,
    "failures": 0,
    "start": "2022-03-07T13:32:15.650Z",
    "end": "2022-03-07T13:32:20.894Z",
    "duration": 5205,
    "testsRegistered": 7,
    "passPercent": 100,
    "pendingPercent": 0,
    "other": 0,
    "hasOther": false,
    "skipped": 0,
    "hasSkipped": false
  },
  "results": [
    {
      "uuid": "bf1d09b0-1407-4266-9613-bea65935aeb5",
      "title": "",
      "fullFile": "cypress/integration/resolver_spec.js",
      "file": "cypress/integration/resolver_spec.js",
      "beforeHooks": [],
      "afterHooks": [],
      "tests": [],
      "suites": [
        {
          "uuid": "fe0980e4-f4c8-4796-9416-442f4c697198",
          "title": "Test 1: Normal DID Resolution Result",
          "fullFile": "",
          "file": "",
          "beforeHooks": [],
          "afterHooks": [],
          "tests": [
            {
              "title": "Should have response status 200",
              "fullTitle": "Test 1: Normal DID Resolution Result Should have response status 200",
              "timedOut": null,
              "duration": 1497,
              "state": "passed",
              "speed": "fast",
              "pass": true,
              "fail": false,
              "pending": false,
              "context": null,
              "code": "cy.get(\"@request\").then(response => {\n  expect(response.status).to.eq(200);\n});",
              "err": {},
              "uuid": "f3657d57-9ebf-466b-8e59-4c7ce66d48e9",
              "parentUUID": "fe0980e4-f4c8-4796-9416-442f4c697198",
              "isHook": false,
              "skipped": false
            },
            {
              "title": "Should have property didDocument",
              "fullTitle": "Test 1: Normal DID Resolution Result Should have property didDocument",
              "timedOut": null,
              "duration": 401,
              "state": "passed",
              "speed": "fast",
              "pass": true,
              "fail": false,
              "pending": false,
              "context": null,
              "code": "cy.get(\"@request\").then(response => {\n  expect(response.body).to.have.property(\"didDocument\");\n});",
              "err": {},
              "uuid": "2b7f85f0-4dac-429c-b014-0b3b1e6a9791",
              "parentUUID": "fe0980e4-f4c8-4796-9416-442f4c697198",
              "isHook": false,
              "skipped": false
            },
            {
              "title": "Should have property didResolutionMetadata",
              "fullTitle": "Test 1: Normal DID Resolution Result Should have property didResolutionMetadata",
              "timedOut": null,
              "duration": 976,
              "state": "passed",
              "speed": "fast",
              "pass": true,
              "fail": false,
              "pending": false,
              "context": null,
              "code": "cy.get(\"@request\").then(response => {\n  expect(response.body).to.have.property(\"didResolutionMetadata\");\n});",
              "err": {},
              "uuid": "48985087-550f-43ee-a181-c4b5f5318556",
              "parentUUID": "fe0980e4-f4c8-4796-9416-442f4c697198",
              "isHook": false,
              "skipped": false
            },
            {
              "title": "Should have property didDocumentMetadata",
              "fullTitle": "Test 1: Normal DID Resolution Result Should have property didDocumentMetadata",
              "timedOut": null,
              "duration": 588,
              "state": "passed",
              "speed": "fast",
              "pass": true,
              "fail": false,
              "pending": false,
              "context": null,
              "code": "cy.get(\"@request\").then(response => {\n  expect(response.body).to.have.property(\"didDocumentMetadata\");\n});",
              "err": {},
              "uuid": "4fe77e6c-fafb-4e34-9d66-033105d29dc7",
              "parentUUID": "fe0980e4-f4c8-4796-9416-442f4c697198",
              "isHook": false,
              "skipped": false
            }
          ],
          "suites": [],
          "passes": [
            "f3657d57-9ebf-466b-8e59-4c7ce66d48e9",
            "2b7f85f0-4dac-429c-b014-0b3b1e6a9791",
            "48985087-550f-43ee-a181-c4b5f5318556",
            "4fe77e6c-fafb-4e34-9d66-033105d29dc7"
          ],
          "failures": [],
          "pending": [],
          "skipped": [],
          "duration": 3462,
          "root": false,
          "rootEmpty": false,
          "_timeout": 2000
        },
        {
          "uuid": "280beb89-9e7d-45a6-9eda-c7624999e364",
          "title": "Test 2: Only DID document",
          "fullFile": "",
          "file": "",
          "beforeHooks": [],
          "afterHooks": [],
          "tests": [
            {
              "title": "Should have response status 200",
              "fullTitle": "Test 2: Only DID document Should have response status 200",
              "timedOut": null,
              "duration": 608,
              "state": "passed",
              "speed": "fast",
              "pass": true,
              "fail": false,
              "pending": false,
              "context": null,
              "code": "cy.get(\"@headers\").then(response => {\n  console.log(response.body);\n  expect(response.status).to.eq(200);\n});",
              "err": {},
              "uuid": "42791ab0-b06a-4f4e-ba37-465ddda3caf2",
              "parentUUID": "280beb89-9e7d-45a6-9eda-c7624999e364",
              "isHook": false,
              "skipped": false
            },
            {
              "title": "Should not have property didDocument",
              "fullTitle": "Test 2: Only DID document Should not have property didDocument",
              "timedOut": null,
              "duration": 985,
              "state": "passed",
              "speed": "fast",
              "pass": true,
              "fail": false,
              "pending": false,
              "context": null,
              "code": "cy.get(\"@headers\").then(response => {\n  expect(response.body).not.to.have.property(\"didDocument\");\n});",
              "err": {},
              "uuid": "30de506e-616b-46b1-b05f-94a4fbf3d5ea",
              "parentUUID": "280beb89-9e7d-45a6-9eda-c7624999e364",
              "isHook": false,
              "skipped": false
            }
          ],
          "suites": [],
          "passes": [
            "42791ab0-b06a-4f4e-ba37-465ddda3caf2",
            "30de506e-616b-46b1-b05f-94a4fbf3d5ea"
          ],
          "failures": [],
          "pending": [],
          "skipped": [],
          "duration": 1593,
          "root": false,
          "rootEmpty": false,
          "_timeout": 2000
        },
        {
          "uuid": "a4806347-26c6-4ed8-8113-cf59feaf4253",
          "title": "Test 3: Not found",
          "fullFile": "",
          "file": "",
          "beforeHooks": [],
          "afterHooks": [],
          "tests": [
            {
              "title": "Tests an error",
              "fullTitle": "Test 3: Not found Tests an error",
              "timedOut": null,
              "duration": 150,
              "state": "passed",
              "speed": "fast",
              "pass": true,
              "fail": false,
              "pending": false,
              "context": null,
              "code": "cy.request({\n  method: \"GET\",\n  url: \"https://dev.uniresolver.io/1.0/identifiers/did:sov:WRfXPg8dantKVubE3HX8pwtest\",\n  failOnStatusCode: false\n}).then(response => {\n  expect(response.status).to.eq(404);\n});",
              "err": {},
              "uuid": "9115f2d4-67ef-4e74-a2cb-8a722700b678",
              "parentUUID": "a4806347-26c6-4ed8-8113-cf59feaf4253",
              "isHook": false,
              "skipped": false
            }
          ],
          "suites": [],
          "passes": [
            "9115f2d4-67ef-4e74-a2cb-8a722700b678"
          ],
          "failures": [],
          "pending": [],
          "skipped": [],
          "duration": 150,
          "root": false,
          "rootEmpty": false,
          "_timeout": 2000
        }
      ],
      "passes": [],
      "failures": [],
      "pending": [],
      "skipped": [],
      "duration": 0,
      "root": true,
      "rootEmpty": true,
      "_timeout": 2000
    }
  ],
  "meta": {
    "mocha": {
      "version": "7.0.1"
    },
    "mochawesome": {
      "options": {
        "quiet": false,
        "reportFilename": "mochawesome",
        "saveHtml": false,
        "saveJson": true,
        "consoleReporter": "spec",
        "useInlineDiffs": false,
        "code": true
      },
      "version": "7.1.2"
    },
    "marge": {
      "options": {
        "reportDir": "cypress/results",
        "overwrite": true,
        "html": false,
        "json": true
      },
      "version": "6.1.1"
    }
  }
}