{
  "stats": {
    "suites": 2,
    "tests": 32,
    "passes": 4,
    "pending": 0,
    "failures": 20,
    "start": "2022-03-15T10:35:33.611Z",
    "end": "2022-03-15T10:37:08.869Z",
    "duration": 93927,
    "testsRegistered": 32,
    "passPercent": 12.5,
    "pendingPercent": 0,
    "other": 0,
    "hasOther": false,
    "skipped": 8,
    "hasSkipped": true
  },
  "results": [
    {
      "uuid": "8316e948-f8d9-4d4b-88bd-58d901632e87",
      "title": "",
      "fullFile": "cypress/integration/resolver_spec.js",
      "file": "cypress/integration/resolver_spec.js",
      "beforeHooks": [],
      "afterHooks": [],
      "tests": [],
      "suites": [
        {
          "uuid": "f64035b5-baa5-4a0d-bc64-83bf64912d0c",
          "title": "Test Scenario 1: DID Resolution Result overview: dev uniresolver",
          "fullFile": "",
          "file": "",
          "beforeHooks": [],
          "afterHooks": [],
          "tests": [
            {
              "title": "MUST return HTTP code 200",
              "fullTitle": "Test Scenario 1: DID Resolution Result overview: dev uniresolver MUST return HTTP code 200",
              "timedOut": null,
              "duration": 549,
              "state": "passed",
              "speed": "fast",
              "pass": true,
              "fail": false,
              "pending": false,
              "context": null,
              "code": "cy.get(\"@request\").then(response => {\n  expect(response.status).to.eq(200);\n});",
              "err": {},
              "uuid": "e0a9787e-b73b-427f-82b7-bf51ed47bd7e",
              "parentUUID": "f64035b5-baa5-4a0d-bc64-83bf64912d0c",
              "isHook": false,
              "skipped": false
            },
            {
              "title": "Should have header with Content-Type with value application/ld+json;profile=\"https://w3id.org/did-resolution\" ",
              "fullTitle": "Test Scenario 1: DID Resolution Result overview: dev uniresolver Should have header with Content-Type with value application/ld+json;profile=\"https://w3id.org/did-resolution\" ",
              "timedOut": null,
              "duration": 146,
              "state": "failed",
              "speed": null,
              "pass": false,
              "fail": true,
              "pending": false,
              "context": null,
              "code": "cy.get(\"@request\").then(response => {\n  expect(response.headers[\"content-type\"]).to.contain('application/ld+json;profile=\"https://w3id.org/did-resolution');\n});",
              "err": {
                "message": "AssertionError: expected 'application/ld+json; profile=\"https://w3id.org/did-resolution\";charset=utf-8' to include 'application/ld+json;profile=\"https://w3id.org/did-resolution'",
                "estack": "AssertionError: expected 'application/ld+json; profile=\"https://w3id.org/did-resolution\";charset=utf-8' to include 'application/ld+json;profile=\"https://w3id.org/did-resolution'\n    at Context.eval (http://localhost:49961/__cypress/tests?p=cypress/integration/resolver_spec.js:115:51)",
                "diff": null
              },
              "uuid": "50dcab32-05ad-4ec5-9ee5-4bd91e5ad433",
              "parentUUID": "f64035b5-baa5-4a0d-bc64-83bf64912d0c",
              "isHook": false,
              "skipped": false
            },
            {
              "title": "Must contain property didDocument",
              "fullTitle": "Test Scenario 1: DID Resolution Result overview: dev uniresolver Must contain property didDocument",
              "timedOut": null,
              "duration": 1168,
              "state": "passed",
              "speed": "fast",
              "pass": true,
              "fail": false,
              "pending": false,
              "context": null,
              "code": "cy.get(\"@request\").then(response => {\n  expect(response.body).to.have.property(\"didDocument\");\n});",
              "err": {},
              "uuid": "3d4f05c8-c536-4b97-9fa4-92c98191d3fd",
              "parentUUID": "f64035b5-baa5-4a0d-bc64-83bf64912d0c",
              "isHook": false,
              "skipped": false
            },
            {
              "title": "Must contain property didResolutionMetadata",
              "fullTitle": "Test Scenario 1: DID Resolution Result overview: dev uniresolver Must contain property didResolutionMetadata",
              "timedOut": null,
              "duration": 456,
              "state": "passed",
              "speed": "fast",
              "pass": true,
              "fail": false,
              "pending": false,
              "context": null,
              "code": "cy.get(\"@request\").then(response => {\n  expect(response.body).to.have.property(\"didResolutionMetadata\");\n});",
              "err": {},
              "uuid": "5011a197-6ba3-4019-a902-8876edf97a01",
              "parentUUID": "f64035b5-baa5-4a0d-bc64-83bf64912d0c",
              "isHook": false,
              "skipped": false
            },
            {
              "title": "Must contain property didDocumentMetadata",
              "fullTitle": "Test Scenario 1: DID Resolution Result overview: dev uniresolver Must contain property didDocumentMetadata",
              "timedOut": null,
              "duration": 454,
              "state": "passed",
              "speed": "fast",
              "pass": true,
              "fail": false,
              "pending": false,
              "context": null,
              "code": "cy.get(\"@request\").then(response => {\n  expect(response.body).to.have.property(\"didDocumentMetadata\");\n});",
              "err": {},
              "uuid": "23b7134b-d103-4c3f-89b3-368d1bc1d754",
              "parentUUID": "f64035b5-baa5-4a0d-bc64-83bf64912d0c",
              "isHook": false,
              "skipped": false
            }
          ],
          "suites": [],
          "passes": [
            "e0a9787e-b73b-427f-82b7-bf51ed47bd7e",
            "3d4f05c8-c536-4b97-9fa4-92c98191d3fd",
            "5011a197-6ba3-4019-a902-8876edf97a01",
            "23b7134b-d103-4c3f-89b3-368d1bc1d754"
          ],
          "failures": [
            "50dcab32-05ad-4ec5-9ee5-4bd91e5ad433"
          ],
          "pending": [],
          "skipped": [],
          "duration": 2773,
          "root": false,
          "rootEmpty": false,
          "_timeout": 2000
        },
        {
          "uuid": "64411585-e161-4a51-9ac9-79a9027ca5c5",
          "title": "Test Scenario 2: JSON-LD DID document",
          "fullFile": "",
          "file": "",
          "beforeHooks": [],
          "afterHooks": [],
          "tests": [
            {
              "title": "Should have response status 200",
              "fullTitle": "Test Scenario 2: JSON-LD DID document Should have response status 200",
              "timedOut": null,
              "duration": 5045,
              "state": "failed",
              "speed": null,
              "pass": false,
              "fail": true,
              "pending": false,
              "context": null,
              "code": "cy.get(\"@headers\").then(response => {\n  expect(response.status).to.eq(200);\n});",
              "err": {
                "message": "CypressError: `cy.request()` timed out waiting `5000ms` for a response from your server.\n\nThe request we sent was:\n\nMethod: GET\nURL: https://dev.uniresolver.io/1.0/identifiers/did:sov:WRfXPg8dantKVubE3HX8pw\n\nNo response was received within the timeout.\n\nhttps://on.cypress.io/request\n\nBecause this error occurred during a `before each` hook we are skipping the remaining tests in the current suite: `Test Scenario 2: JSON-LD DI...`",
                "estack": "CypressError: `cy.request()` timed out waiting `5000ms` for a response from your server.\n\nThe request we sent was:\n\nMethod: GET\nURL: https://dev.uniresolver.io/1.0/identifiers/did:sov:WRfXPg8dantKVubE3HX8pw\n\nNo response was received within the timeout.\n\nhttps://on.cypress.io/request\n\nBecause this error occurred during a `before each` hook we are skipping the remaining tests in the current suite: `Test Scenario 2: JSON-LD DI...`\n    at http://localhost:49961/__cypress/runner/cypress_runner.js:160652:78\n    at tryCatcher (http://localhost:49961/__cypress/runner/cypress_runner.js:13022:23)\n    at http://localhost:49961/__cypress/runner/cypress_runner.js:8144:41\n    at tryCatcher (http://localhost:49961/__cypress/runner/cypress_runner.js:13022:23)\n    at Promise._settlePromiseFromHandler (http://localhost:49961/__cypress/runner/cypress_runner.js:10957:31)\n    at Promise._settlePromise (http://localhost:49961/__cypress/runner/cypress_runner.js:11014:18)\n    at Promise._settlePromise0 (http://localhost:49961/__cypress/runner/cypress_runner.js:11059:10)\n    at Promise._settlePromises (http://localhost:49961/__cypress/runner/cypress_runner.js:11135:18)\n    at _drainQueueStep (http://localhost:49961/__cypress/runner/cypress_runner.js:7729:12)\n    at _drainQueue (http://localhost:49961/__cypress/runner/cypress_runner.js:7722:9)\n    at Async.../../node_modules/bluebird/js/release/async.js.Async._drainQueues (http://localhost:49961/__cypress/runner/cypress_runner.js:7738:5)\n    at Async.drainQueues (http://localhost:49961/__cypress/runner/cypress_runner.js:7608:14)\nFrom Your Spec Code:\n    at Context.eval (http://localhost:49961/__cypress/tests?p=cypress/integration/resolver_spec.js:136:8)",
                "diff": null
              },
              "uuid": "75a365ad-af50-48c8-a94e-2a3d3e543b53",
              "parentUUID": "64411585-e161-4a51-9ac9-79a9027ca5c5",
              "isHook": false,
              "skipped": false
            },
            {
              "title": "Should have header with content type",
              "fullTitle": "Test Scenario 2: JSON-LD DID document Should have header with content type",
              "timedOut": null,
              "duration": 0,
              "state": "skipped",
              "speed": null,
              "pass": false,
              "fail": false,
              "pending": false,
              "context": null,
              "code": "cy.get(\"@headers\").then(response => {\n  expect(response.headers[\"content-type\"]).to.contain(\"application/did+ld+json\");\n});",
              "err": {},
              "uuid": "4e208569-059d-472a-81b2-a0d837deb02f",
              "parentUUID": "64411585-e161-4a51-9ac9-79a9027ca5c5",
              "isHook": false,
              "skipped": true
            },
            {
              "title": "Should not have property didDocument",
              "fullTitle": "Test Scenario 2: JSON-LD DID document Should not have property didDocument",
              "timedOut": null,
              "duration": 0,
              "state": "skipped",
              "speed": null,
              "pass": false,
              "fail": false,
              "pending": false,
              "context": null,
              "code": "cy.get(\"@headers\").then(response => {\n  expect(response.body).not.to.have.property(\"didDocument\");\n});",
              "err": {},
              "uuid": "74f907df-29a8-4282-ab10-c5d43a8f2216",
              "parentUUID": "64411585-e161-4a51-9ac9-79a9027ca5c5",
              "isHook": false,
              "skipped": true
            },
            {
              "title": "Should have property @context",
              "fullTitle": "Test Scenario 2: JSON-LD DID document Should have property @context",
              "timedOut": null,
              "duration": 0,
              "state": "skipped",
              "speed": null,
              "pass": false,
              "fail": false,
              "pending": false,
              "context": null,
              "code": "cy.get(\"@headers\").then(response => {\n  expect(response.body).to.have.property(\"@context\");\n});",
              "err": {},
              "uuid": "78b816ed-6e99-4af6-b4be-d196c9d07b0c",
              "parentUUID": "64411585-e161-4a51-9ac9-79a9027ca5c5",
              "isHook": false,
              "skipped": true
            }
          ],
          "suites": [],
          "passes": [],
          "failures": [
            "75a365ad-af50-48c8-a94e-2a3d3e543b53"
          ],
          "pending": [],
          "skipped": [
            "4e208569-059d-472a-81b2-a0d837deb02f",
            "74f907df-29a8-4282-ab10-c5d43a8f2216",
            "78b816ed-6e99-4af6-b4be-d196c9d07b0c"
          ],
          "duration": 5045,
          "root": false,
          "rootEmpty": false,
          "_timeout": 2000
        },
        {
          "uuid": "423501a9-6cc4-4f77-99d8-a745930d7d0b",
          "title": "Test Scenario 3: Representation not supported",
          "fullFile": "",
          "file": "",
          "beforeHooks": [],
          "afterHooks": [],
          "tests": [
            {
              "title": "MUST return HTTP code 406",
              "fullTitle": "Test Scenario 3: Representation not supported MUST return HTTP code 406",
              "timedOut": null,
              "duration": 5052,
              "state": "failed",
              "speed": null,
              "pass": false,
              "fail": true,
              "pending": false,
              "context": null,
              "code": "cy.request({\n  method: \"GET\",\n  url: \"https://dev.uniresolver.io/1.0/identifiers/did:sov:WRfXPg8dantKVubE3HX8pw\",\n  failOnStatusCode: false,\n  headers: {\n    Accept: \"image/png\"\n  }\n}).then(response => {\n  expect(response.status).to.eq(406);\n});",
              "err": {
                "message": "CypressError: `cy.request()` timed out waiting `5000ms` for a response from your server.\n\nThe request we sent was:\n\nMethod: GET\nURL: https://dev.uniresolver.io/1.0/identifiers/did:sov:WRfXPg8dantKVubE3HX8pw\n\nNo response was received within the timeout.\n\nhttps://on.cypress.io/request",
                "estack": "CypressError: `cy.request()` timed out waiting `5000ms` for a response from your server.\n\nThe request we sent was:\n\nMethod: GET\nURL: https://dev.uniresolver.io/1.0/identifiers/did:sov:WRfXPg8dantKVubE3HX8pw\n\nNo response was received within the timeout.\n\nhttps://on.cypress.io/request\n    at http://localhost:49961/__cypress/runner/cypress_runner.js:160652:78\n    at tryCatcher (http://localhost:49961/__cypress/runner/cypress_runner.js:13022:23)\n    at http://localhost:49961/__cypress/runner/cypress_runner.js:8144:41\n    at tryCatcher (http://localhost:49961/__cypress/runner/cypress_runner.js:13022:23)\n    at Promise._settlePromiseFromHandler (http://localhost:49961/__cypress/runner/cypress_runner.js:10957:31)\n    at Promise._settlePromise (http://localhost:49961/__cypress/runner/cypress_runner.js:11014:18)\n    at Promise._settlePromise0 (http://localhost:49961/__cypress/runner/cypress_runner.js:11059:10)\n    at Promise._settlePromises (http://localhost:49961/__cypress/runner/cypress_runner.js:11135:18)\n    at _drainQueueStep (http://localhost:49961/__cypress/runner/cypress_runner.js:7729:12)\n    at _drainQueue (http://localhost:49961/__cypress/runner/cypress_runner.js:7722:9)\n    at Async.../../node_modules/bluebird/js/release/async.js.Async._drainQueues (http://localhost:49961/__cypress/runner/cypress_runner.js:7738:5)\n    at Async.drainQueues (http://localhost:49961/__cypress/runner/cypress_runner.js:7608:14)\nFrom Your Spec Code:\n    at Context.eval (http://localhost:49961/__cypress/tests?p=cypress/integration/resolver_spec.js:167:8)",
                "diff": null
              },
              "uuid": "5b729d50-1e66-4a5e-86a4-f3f311b34ea0",
              "parentUUID": "423501a9-6cc4-4f77-99d8-a745930d7d0b",
              "isHook": false,
              "skipped": false
            }
          ],
          "suites": [],
          "passes": [],
          "failures": [
            "5b729d50-1e66-4a5e-86a4-f3f311b34ea0"
          ],
          "pending": [],
          "skipped": [],
          "duration": 5052,
          "root": false,
          "rootEmpty": false,
          "_timeout": 2000
        },
        {
          "uuid": "39f31fdc-9082-4d9d-afe6-5db6642b9816",
          "title": "Test Scenario 4: Deactivated",
          "fullFile": "",
          "file": "",
          "beforeHooks": [],
          "afterHooks": [],
          "tests": [
            {
              "title": "MUST return HTTP code 410",
              "fullTitle": "Test Scenario 4: Deactivated MUST return HTTP code 410",
              "timedOut": null,
              "duration": 5050,
              "state": "failed",
              "speed": null,
              "pass": false,
              "fail": true,
              "pending": false,
              "context": null,
              "code": "cy.request({\n  method: \"GET\",\n  url: \"https://dev.uniresolver.io/1.0/identifiers/did:kilt:4r6RdVMNes2eEobxyxH7aVsesUqR2X175sUAXJfo7dEWxHUS\",\n  failOnStatusCode: false\n}).then(response => {\n  expect(response.status).to.eq(410);\n});",
              "err": {
                "message": "CypressError: `cy.request()` timed out waiting `5000ms` for a response from your server.\n\nThe request we sent was:\n\nMethod: GET\nURL: https://dev.uniresolver.io/1.0/identifiers/did:kilt:4r6RdVMNes2eEobxyxH7aVsesUqR2X175sUAXJfo7dEWxHUS\n\nNo response was received within the timeout.\n\nhttps://on.cypress.io/request",
                "estack": "CypressError: `cy.request()` timed out waiting `5000ms` for a response from your server.\n\nThe request we sent was:\n\nMethod: GET\nURL: https://dev.uniresolver.io/1.0/identifiers/did:kilt:4r6RdVMNes2eEobxyxH7aVsesUqR2X175sUAXJfo7dEWxHUS\n\nNo response was received within the timeout.\n\nhttps://on.cypress.io/request\n    at http://localhost:49961/__cypress/runner/cypress_runner.js:160652:78\n    at tryCatcher (http://localhost:49961/__cypress/runner/cypress_runner.js:13022:23)\n    at http://localhost:49961/__cypress/runner/cypress_runner.js:8144:41\n    at tryCatcher (http://localhost:49961/__cypress/runner/cypress_runner.js:13022:23)\n    at Promise._settlePromiseFromHandler (http://localhost:49961/__cypress/runner/cypress_runner.js:10957:31)\n    at Promise._settlePromise (http://localhost:49961/__cypress/runner/cypress_runner.js:11014:18)\n    at Promise._settlePromise0 (http://localhost:49961/__cypress/runner/cypress_runner.js:11059:10)\n    at Promise._settlePromises (http://localhost:49961/__cypress/runner/cypress_runner.js:11135:18)\n    at _drainQueueStep (http://localhost:49961/__cypress/runner/cypress_runner.js:7729:12)\n    at _drainQueue (http://localhost:49961/__cypress/runner/cypress_runner.js:7722:9)\n    at Async.../../node_modules/bluebird/js/release/async.js.Async._drainQueues (http://localhost:49961/__cypress/runner/cypress_runner.js:7738:5)\n    at Async.drainQueues (http://localhost:49961/__cypress/runner/cypress_runner.js:7608:14)\nFrom Your Spec Code:\n    at Context.eval (http://localhost:49961/__cypress/tests?p=cypress/integration/resolver_spec.js:181:8)",
                "diff": null
              },
              "uuid": "4a4cf707-34f5-4841-bd91-2e8eef3acaf9",
              "parentUUID": "39f31fdc-9082-4d9d-afe6-5db6642b9816",
              "isHook": false,
              "skipped": false
            },
            {
              "title": "MUST return HTTP header Content-Type",
              "fullTitle": "Test Scenario 4: Deactivated MUST return HTTP header Content-Type",
              "timedOut": null,
              "duration": 5051,
              "state": "failed",
              "speed": null,
              "pass": false,
              "fail": true,
              "pending": false,
              "context": null,
              "code": "cy.request({\n  method: \"GET\",\n  url: \"https://dev.uniresolver.io/1.0/identifiers/did:kilt:4r6RdVMNes2eEobxyxH7aVsesUqR2X175sUAXJfo7dEWxHUS\",\n  failOnStatusCode: false\n}).then(response => {\n  expect(response.headers[\"content-type\"]).to.contain('application/ld+json;profile=\"https://w3id.org/did-resolution\"');\n});",
              "err": {
                "message": "CypressError: `cy.request()` timed out waiting `5000ms` for a response from your server.\n\nThe request we sent was:\n\nMethod: GET\nURL: https://dev.uniresolver.io/1.0/identifiers/did:kilt:4r6RdVMNes2eEobxyxH7aVsesUqR2X175sUAXJfo7dEWxHUS\n\nNo response was received within the timeout.\n\nhttps://on.cypress.io/request",
                "estack": "CypressError: `cy.request()` timed out waiting `5000ms` for a response from your server.\n\nThe request we sent was:\n\nMethod: GET\nURL: https://dev.uniresolver.io/1.0/identifiers/did:kilt:4r6RdVMNes2eEobxyxH7aVsesUqR2X175sUAXJfo7dEWxHUS\n\nNo response was received within the timeout.\n\nhttps://on.cypress.io/request\n    at http://localhost:49961/__cypress/runner/cypress_runner.js:160652:78\n    at tryCatcher (http://localhost:49961/__cypress/runner/cypress_runner.js:13022:23)\n    at http://localhost:49961/__cypress/runner/cypress_runner.js:8144:41\n    at tryCatcher (http://localhost:49961/__cypress/runner/cypress_runner.js:13022:23)\n    at Promise._settlePromiseFromHandler (http://localhost:49961/__cypress/runner/cypress_runner.js:10957:31)\n    at Promise._settlePromise (http://localhost:49961/__cypress/runner/cypress_runner.js:11014:18)\n    at Promise._settlePromise0 (http://localhost:49961/__cypress/runner/cypress_runner.js:11059:10)\n    at Promise._settlePromises (http://localhost:49961/__cypress/runner/cypress_runner.js:11135:18)\n    at _drainQueueStep (http://localhost:49961/__cypress/runner/cypress_runner.js:7729:12)\n    at _drainQueue (http://localhost:49961/__cypress/runner/cypress_runner.js:7722:9)\n    at Async.../../node_modules/bluebird/js/release/async.js.Async._drainQueues (http://localhost:49961/__cypress/runner/cypress_runner.js:7738:5)\n    at Async.drainQueues (http://localhost:49961/__cypress/runner/cypress_runner.js:7608:14)\nFrom Your Spec Code:\n    at Context.eval (http://localhost:49961/__cypress/tests?p=cypress/integration/resolver_spec.js:190:8)",
                "diff": null
              },
              "uuid": "c7d3edec-73dd-4976-be39-268611cf79ae",
              "parentUUID": "39f31fdc-9082-4d9d-afe6-5db6642b9816",
              "isHook": false,
              "skipped": false
            },
            {
              "title": "JSON object MUST contain property didResolutionMetdadata.deactivated = true",
              "fullTitle": "Test Scenario 4: Deactivated JSON object MUST contain property didResolutionMetdadata.deactivated = true",
              "timedOut": null,
              "duration": 5052,
              "state": "failed",
              "speed": null,
              "pass": false,
              "fail": true,
              "pending": false,
              "context": null,
              "code": "cy.request({\n  method: \"GET\",\n  url: \"https://dev.uniresolver.io/1.0/identifiers/did:kilt:4r6RdVMNes2eEobxyxH7aVsesUqR2X175sUAXJfo7dEWxHUS\",\n  failOnStatusCode: false\n}).then(response => {\n  expect(response.body.didResolutionMetadata.deactivated).to.eq(true);\n});",
              "err": {
                "message": "CypressError: `cy.request()` timed out waiting `5000ms` for a response from your server.\n\nThe request we sent was:\n\nMethod: GET\nURL: https://dev.uniresolver.io/1.0/identifiers/did:kilt:4r6RdVMNes2eEobxyxH7aVsesUqR2X175sUAXJfo7dEWxHUS\n\nNo response was received within the timeout.\n\nhttps://on.cypress.io/request",
                "estack": "CypressError: `cy.request()` timed out waiting `5000ms` for a response from your server.\n\nThe request we sent was:\n\nMethod: GET\nURL: https://dev.uniresolver.io/1.0/identifiers/did:kilt:4r6RdVMNes2eEobxyxH7aVsesUqR2X175sUAXJfo7dEWxHUS\n\nNo response was received within the timeout.\n\nhttps://on.cypress.io/request\n    at http://localhost:49961/__cypress/runner/cypress_runner.js:160652:78\n    at tryCatcher (http://localhost:49961/__cypress/runner/cypress_runner.js:13022:23)\n    at http://localhost:49961/__cypress/runner/cypress_runner.js:8144:41\n    at tryCatcher (http://localhost:49961/__cypress/runner/cypress_runner.js:13022:23)\n    at Promise._settlePromiseFromHandler (http://localhost:49961/__cypress/runner/cypress_runner.js:10957:31)\n    at Promise._settlePromise (http://localhost:49961/__cypress/runner/cypress_runner.js:11014:18)\n    at Promise._settlePromise0 (http://localhost:49961/__cypress/runner/cypress_runner.js:11059:10)\n    at Promise._settlePromises (http://localhost:49961/__cypress/runner/cypress_runner.js:11135:18)\n    at _drainQueueStep (http://localhost:49961/__cypress/runner/cypress_runner.js:7729:12)\n    at _drainQueue (http://localhost:49961/__cypress/runner/cypress_runner.js:7722:9)\n    at Async.../../node_modules/bluebird/js/release/async.js.Async._drainQueues (http://localhost:49961/__cypress/runner/cypress_runner.js:7738:5)\n    at Async.drainQueues (http://localhost:49961/__cypress/runner/cypress_runner.js:7608:14)\nFrom Your Spec Code:\n    at Context.eval (http://localhost:49961/__cypress/tests?p=cypress/integration/resolver_spec.js:199:8)",
                "diff": null
              },
              "uuid": "1dc76790-ec97-426f-a26b-4256a2f4a338",
              "parentUUID": "39f31fdc-9082-4d9d-afe6-5db6642b9816",
              "isHook": false,
              "skipped": false
            }
          ],
          "suites": [],
          "passes": [],
          "failures": [
            "4a4cf707-34f5-4841-bd91-2e8eef3acaf9",
            "c7d3edec-73dd-4976-be39-268611cf79ae",
            "1dc76790-ec97-426f-a26b-4256a2f4a338"
          ],
          "pending": [],
          "skipped": [],
          "duration": 15153,
          "root": false,
          "rootEmpty": false,
          "_timeout": 2000
        },
        {
          "uuid": "e1211496-7474-45aa-86f2-83f28fe7c30f",
          "title": "Test Scenario 5: Not found",
          "fullFile": "",
          "file": "",
          "beforeHooks": [],
          "afterHooks": [],
          "tests": [
            {
              "title": "MUST return HTTP code 404",
              "fullTitle": "Test Scenario 5: Not found MUST return HTTP code 404",
              "timedOut": null,
              "duration": 5050,
              "state": "failed",
              "speed": null,
              "pass": false,
              "fail": true,
              "pending": false,
              "context": null,
              "code": "cy.request({\n  method: \"GET\",\n  url: \"https://dev.uniresolver.io/1.0/identifiers/did:sov:0000000000000000000000\",\n  failOnStatusCode: false\n}).then(response => {\n  expect(response.status).to.eq(404);\n});",
              "err": {
                "message": "CypressError: `cy.request()` timed out waiting `5000ms` for a response from your server.\n\nThe request we sent was:\n\nMethod: GET\nURL: https://dev.uniresolver.io/1.0/identifiers/did:sov:0000000000000000000000\n\nNo response was received within the timeout.\n\nhttps://on.cypress.io/request",
                "estack": "CypressError: `cy.request()` timed out waiting `5000ms` for a response from your server.\n\nThe request we sent was:\n\nMethod: GET\nURL: https://dev.uniresolver.io/1.0/identifiers/did:sov:0000000000000000000000\n\nNo response was received within the timeout.\n\nhttps://on.cypress.io/request\n    at http://localhost:49961/__cypress/runner/cypress_runner.js:160652:78\n    at tryCatcher (http://localhost:49961/__cypress/runner/cypress_runner.js:13022:23)\n    at http://localhost:49961/__cypress/runner/cypress_runner.js:8144:41\n    at tryCatcher (http://localhost:49961/__cypress/runner/cypress_runner.js:13022:23)\n    at Promise._settlePromiseFromHandler (http://localhost:49961/__cypress/runner/cypress_runner.js:10957:31)\n    at Promise._settlePromise (http://localhost:49961/__cypress/runner/cypress_runner.js:11014:18)\n    at Promise._settlePromise0 (http://localhost:49961/__cypress/runner/cypress_runner.js:11059:10)\n    at Promise._settlePromises (http://localhost:49961/__cypress/runner/cypress_runner.js:11135:18)\n    at _drainQueueStep (http://localhost:49961/__cypress/runner/cypress_runner.js:7729:12)\n    at _drainQueue (http://localhost:49961/__cypress/runner/cypress_runner.js:7722:9)\n    at Async.../../node_modules/bluebird/js/release/async.js.Async._drainQueues (http://localhost:49961/__cypress/runner/cypress_runner.js:7738:5)\n    at Async.drainQueues (http://localhost:49961/__cypress/runner/cypress_runner.js:7608:14)\nFrom Your Spec Code:\n    at Context.eval (http://localhost:49961/__cypress/tests?p=cypress/integration/resolver_spec.js:210:8)",
                "diff": null
              },
              "uuid": "1ceb5825-f4c1-4d1d-b136-8d48fc927621",
              "parentUUID": "e1211496-7474-45aa-86f2-83f28fe7c30f",
              "isHook": false,
              "skipped": false
            },
            {
              "title": "MUST return HTTP header Content-Type with value application/ld+json;profile=\"https://w3id.org/did-resolution\"",
              "fullTitle": "Test Scenario 5: Not found MUST return HTTP header Content-Type with value application/ld+json;profile=\"https://w3id.org/did-resolution\"",
              "timedOut": null,
              "duration": 5046,
              "state": "failed",
              "speed": null,
              "pass": false,
              "fail": true,
              "pending": false,
              "context": null,
              "code": "cy.request({\n  method: \"GET\",\n  url: \"https://dev.uniresolver.io/1.0/identifiers/did:sov:0000000000000000000000\",\n  failOnStatusCode: false\n}).then(response => {\n  expect(response.headers[\"content-type\"]).to.contain('application/ld+json;profile=\"https://w3id.org/did-resolution\"');\n});",
              "err": {
                "message": "CypressError: `cy.request()` timed out waiting `5000ms` for a response from your server.\n\nThe request we sent was:\n\nMethod: GET\nURL: https://dev.uniresolver.io/1.0/identifiers/did:sov:0000000000000000000000\n\nNo response was received within the timeout.\n\nhttps://on.cypress.io/request",
                "estack": "CypressError: `cy.request()` timed out waiting `5000ms` for a response from your server.\n\nThe request we sent was:\n\nMethod: GET\nURL: https://dev.uniresolver.io/1.0/identifiers/did:sov:0000000000000000000000\n\nNo response was received within the timeout.\n\nhttps://on.cypress.io/request\n    at http://localhost:49961/__cypress/runner/cypress_runner.js:160652:78\n    at tryCatcher (http://localhost:49961/__cypress/runner/cypress_runner.js:13022:23)\n    at http://localhost:49961/__cypress/runner/cypress_runner.js:8144:41\n    at tryCatcher (http://localhost:49961/__cypress/runner/cypress_runner.js:13022:23)\n    at Promise._settlePromiseFromHandler (http://localhost:49961/__cypress/runner/cypress_runner.js:10957:31)\n    at Promise._settlePromise (http://localhost:49961/__cypress/runner/cypress_runner.js:11014:18)\n    at Promise._settlePromise0 (http://localhost:49961/__cypress/runner/cypress_runner.js:11059:10)\n    at Promise._settlePromises (http://localhost:49961/__cypress/runner/cypress_runner.js:11135:18)\n    at _drainQueueStep (http://localhost:49961/__cypress/runner/cypress_runner.js:7729:12)\n    at _drainQueue (http://localhost:49961/__cypress/runner/cypress_runner.js:7722:9)\n    at Async.../../node_modules/bluebird/js/release/async.js.Async._drainQueues (http://localhost:49961/__cypress/runner/cypress_runner.js:7738:5)\n    at Async.drainQueues (http://localhost:49961/__cypress/runner/cypress_runner.js:7608:14)\nFrom Your Spec Code:\n    at Context.eval (http://localhost:49961/__cypress/tests?p=cypress/integration/resolver_spec.js:219:8)",
                "diff": null
              },
              "uuid": "52199dae-ac24-4413-a018-0404caa71ece",
              "parentUUID": "e1211496-7474-45aa-86f2-83f28fe7c30f",
              "isHook": false,
              "skipped": false
            },
            {
              "title": "JSON object MUST contain property didResolutionMetadata.error = \"notFound\"",
              "fullTitle": "Test Scenario 5: Not found JSON object MUST contain property didResolutionMetadata.error = \"notFound\"",
              "timedOut": null,
              "duration": 5049,
              "state": "failed",
              "speed": null,
              "pass": false,
              "fail": true,
              "pending": false,
              "context": null,
              "code": "cy.request({\n  method: \"GET\",\n  url: \"https://dev.uniresolver.io/1.0/identifiers/did:sov:0000000000000000000000\",\n  failOnStatusCode: false\n}).then(response => {\n  expect(response.body.didResolutionMetadata.error).to.eq(\"notFound\");\n});",
              "err": {
                "message": "CypressError: `cy.request()` timed out waiting `5000ms` for a response from your server.\n\nThe request we sent was:\n\nMethod: GET\nURL: https://dev.uniresolver.io/1.0/identifiers/did:sov:0000000000000000000000\n\nNo response was received within the timeout.\n\nhttps://on.cypress.io/request",
                "estack": "CypressError: `cy.request()` timed out waiting `5000ms` for a response from your server.\n\nThe request we sent was:\n\nMethod: GET\nURL: https://dev.uniresolver.io/1.0/identifiers/did:sov:0000000000000000000000\n\nNo response was received within the timeout.\n\nhttps://on.cypress.io/request\n    at http://localhost:49961/__cypress/runner/cypress_runner.js:160652:78\n    at tryCatcher (http://localhost:49961/__cypress/runner/cypress_runner.js:13022:23)\n    at http://localhost:49961/__cypress/runner/cypress_runner.js:8144:41\n    at tryCatcher (http://localhost:49961/__cypress/runner/cypress_runner.js:13022:23)\n    at Promise._settlePromiseFromHandler (http://localhost:49961/__cypress/runner/cypress_runner.js:10957:31)\n    at Promise._settlePromise (http://localhost:49961/__cypress/runner/cypress_runner.js:11014:18)\n    at Promise._settlePromise0 (http://localhost:49961/__cypress/runner/cypress_runner.js:11059:10)\n    at Promise._settlePromises (http://localhost:49961/__cypress/runner/cypress_runner.js:11135:18)\n    at _drainQueueStep (http://localhost:49961/__cypress/runner/cypress_runner.js:7729:12)\n    at _drainQueue (http://localhost:49961/__cypress/runner/cypress_runner.js:7722:9)\n    at Async.../../node_modules/bluebird/js/release/async.js.Async._drainQueues (http://localhost:49961/__cypress/runner/cypress_runner.js:7738:5)\n    at Async.drainQueues (http://localhost:49961/__cypress/runner/cypress_runner.js:7608:14)\nFrom Your Spec Code:\n    at Context.eval (http://localhost:49961/__cypress/tests?p=cypress/integration/resolver_spec.js:228:8)",
                "diff": null
              },
              "uuid": "0be95a5a-3074-472b-96f2-b1d84370b8b8",
              "parentUUID": "e1211496-7474-45aa-86f2-83f28fe7c30f",
              "isHook": false,
              "skipped": false
            }
          ],
          "suites": [],
          "passes": [],
          "failures": [
            "1ceb5825-f4c1-4d1d-b136-8d48fc927621",
            "52199dae-ac24-4413-a018-0404caa71ece",
            "0be95a5a-3074-472b-96f2-b1d84370b8b8"
          ],
          "pending": [],
          "skipped": [],
          "duration": 15145,
          "root": false,
          "rootEmpty": false,
          "_timeout": 2000
        },
        {
          "uuid": "eef94088-a11e-431d-8677-aa30a74b4df3",
          "title": "Test Scenario 6: Invalid DID",
          "fullFile": "",
          "file": "",
          "beforeHooks": [],
          "afterHooks": [],
          "tests": [
            {
              "title": "MUST return HTTP code 400",
              "fullTitle": "Test Scenario 6: Invalid DID MUST return HTTP code 400",
              "timedOut": null,
              "duration": 5044,
              "state": "failed",
              "speed": null,
              "pass": false,
              "fail": true,
              "pending": false,
              "context": null,
              "code": "cy.request({\n  method: \"GET\",\n  url: \"https://dev.uniresolver.io/1.0/identifiers/did:example_222\",\n  failOnStatusCode: false\n}).then(response => {\n  expect(response.status).to.eq(400);\n});",
              "err": {
                "message": "CypressError: `cy.request()` timed out waiting `5000ms` for a response from your server.\n\nThe request we sent was:\n\nMethod: GET\nURL: https://dev.uniresolver.io/1.0/identifiers/did:example_222\n\nNo response was received within the timeout.\n\nhttps://on.cypress.io/request",
                "estack": "CypressError: `cy.request()` timed out waiting `5000ms` for a response from your server.\n\nThe request we sent was:\n\nMethod: GET\nURL: https://dev.uniresolver.io/1.0/identifiers/did:example_222\n\nNo response was received within the timeout.\n\nhttps://on.cypress.io/request\n    at http://localhost:49961/__cypress/runner/cypress_runner.js:160652:78\n    at tryCatcher (http://localhost:49961/__cypress/runner/cypress_runner.js:13022:23)\n    at http://localhost:49961/__cypress/runner/cypress_runner.js:8144:41\n    at tryCatcher (http://localhost:49961/__cypress/runner/cypress_runner.js:13022:23)\n    at Promise._settlePromiseFromHandler (http://localhost:49961/__cypress/runner/cypress_runner.js:10957:31)\n    at Promise._settlePromise (http://localhost:49961/__cypress/runner/cypress_runner.js:11014:18)\n    at Promise._settlePromise0 (http://localhost:49961/__cypress/runner/cypress_runner.js:11059:10)\n    at Promise._settlePromises (http://localhost:49961/__cypress/runner/cypress_runner.js:11135:18)\n    at _drainQueueStep (http://localhost:49961/__cypress/runner/cypress_runner.js:7729:12)\n    at _drainQueue (http://localhost:49961/__cypress/runner/cypress_runner.js:7722:9)\n    at Async.../../node_modules/bluebird/js/release/async.js.Async._drainQueues (http://localhost:49961/__cypress/runner/cypress_runner.js:7738:5)\n    at Async.drainQueues (http://localhost:49961/__cypress/runner/cypress_runner.js:7608:14)\nFrom Your Spec Code:\n    at Context.eval (http://localhost:49961/__cypress/tests?p=cypress/integration/resolver_spec.js:239:8)",
                "diff": null
              },
              "uuid": "8ce92558-26a6-4fb3-9383-2b85c24d23ba",
              "parentUUID": "eef94088-a11e-431d-8677-aa30a74b4df3",
              "isHook": false,
              "skipped": false
            },
            {
              "title": "MUST return HTTP header Content-Type with value application/ld+json;profile=\"https://w3id.org/did-resolution\"",
              "fullTitle": "Test Scenario 6: Invalid DID MUST return HTTP header Content-Type with value application/ld+json;profile=\"https://w3id.org/did-resolution\"",
              "timedOut": null,
              "duration": 5048,
              "state": "failed",
              "speed": null,
              "pass": false,
              "fail": true,
              "pending": false,
              "context": null,
              "code": "cy.request({\n  method: \"GET\",\n  url: \"https://dev.uniresolver.io/1.0/identifiers/did:example_222\",\n  failOnStatusCode: false\n}).then(response => {\n  expect(response.headers[\"content-type\"]).to.contain('application/ld+json;profile=\"https://w3id.org/did-resolution\"');\n});",
              "err": {
                "message": "CypressError: `cy.request()` timed out waiting `5000ms` for a response from your server.\n\nThe request we sent was:\n\nMethod: GET\nURL: https://dev.uniresolver.io/1.0/identifiers/did:example_222\n\nNo response was received within the timeout.\n\nhttps://on.cypress.io/request",
                "estack": "CypressError: `cy.request()` timed out waiting `5000ms` for a response from your server.\n\nThe request we sent was:\n\nMethod: GET\nURL: https://dev.uniresolver.io/1.0/identifiers/did:example_222\n\nNo response was received within the timeout.\n\nhttps://on.cypress.io/request\n    at http://localhost:49961/__cypress/runner/cypress_runner.js:160652:78\n    at tryCatcher (http://localhost:49961/__cypress/runner/cypress_runner.js:13022:23)\n    at http://localhost:49961/__cypress/runner/cypress_runner.js:8144:41\n    at tryCatcher (http://localhost:49961/__cypress/runner/cypress_runner.js:13022:23)\n    at Promise._settlePromiseFromHandler (http://localhost:49961/__cypress/runner/cypress_runner.js:10957:31)\n    at Promise._settlePromise (http://localhost:49961/__cypress/runner/cypress_runner.js:11014:18)\n    at Promise._settlePromise0 (http://localhost:49961/__cypress/runner/cypress_runner.js:11059:10)\n    at Promise._settlePromises (http://localhost:49961/__cypress/runner/cypress_runner.js:11135:18)\n    at _drainQueueStep (http://localhost:49961/__cypress/runner/cypress_runner.js:7729:12)\n    at _drainQueue (http://localhost:49961/__cypress/runner/cypress_runner.js:7722:9)\n    at Async.../../node_modules/bluebird/js/release/async.js.Async._drainQueues (http://localhost:49961/__cypress/runner/cypress_runner.js:7738:5)\n    at Async.drainQueues (http://localhost:49961/__cypress/runner/cypress_runner.js:7608:14)\nFrom Your Spec Code:\n    at Context.eval (http://localhost:49961/__cypress/tests?p=cypress/integration/resolver_spec.js:248:8)",
                "diff": null
              },
              "uuid": "2dad4537-bba0-4941-9954-302f96e9b3be",
              "parentUUID": "eef94088-a11e-431d-8677-aa30a74b4df3",
              "isHook": false,
              "skipped": false
            },
            {
              "title": "JSON object MUST contain property didResolutionMetadata.error = \"invalidDid\"",
              "fullTitle": "Test Scenario 6: Invalid DID JSON object MUST contain property didResolutionMetadata.error = \"invalidDid\"",
              "timedOut": null,
              "duration": 5049,
              "state": "failed",
              "speed": null,
              "pass": false,
              "fail": true,
              "pending": false,
              "context": null,
              "code": "cy.request({\n  method: \"GET\",\n  url: \"https://dev.uniresolver.io/1.0/identifiers/did:example_222\",\n  failOnStatusCode: false\n}).then(response => {\n  expect(response.body.didResolutionMetadata.error).to.eq(\"invalidDid\");\n});",
              "err": {
                "message": "CypressError: `cy.request()` timed out waiting `5000ms` for a response from your server.\n\nThe request we sent was:\n\nMethod: GET\nURL: https://dev.uniresolver.io/1.0/identifiers/did:example_222\n\nNo response was received within the timeout.\n\nhttps://on.cypress.io/request",
                "estack": "CypressError: `cy.request()` timed out waiting `5000ms` for a response from your server.\n\nThe request we sent was:\n\nMethod: GET\nURL: https://dev.uniresolver.io/1.0/identifiers/did:example_222\n\nNo response was received within the timeout.\n\nhttps://on.cypress.io/request\n    at http://localhost:49961/__cypress/runner/cypress_runner.js:160652:78\n    at tryCatcher (http://localhost:49961/__cypress/runner/cypress_runner.js:13022:23)\n    at http://localhost:49961/__cypress/runner/cypress_runner.js:8144:41\n    at tryCatcher (http://localhost:49961/__cypress/runner/cypress_runner.js:13022:23)\n    at Promise._settlePromiseFromHandler (http://localhost:49961/__cypress/runner/cypress_runner.js:10957:31)\n    at Promise._settlePromise (http://localhost:49961/__cypress/runner/cypress_runner.js:11014:18)\n    at Promise._settlePromise0 (http://localhost:49961/__cypress/runner/cypress_runner.js:11059:10)\n    at Promise._settlePromises (http://localhost:49961/__cypress/runner/cypress_runner.js:11135:18)\n    at _drainQueueStep (http://localhost:49961/__cypress/runner/cypress_runner.js:7729:12)\n    at _drainQueue (http://localhost:49961/__cypress/runner/cypress_runner.js:7722:9)\n    at Async.../../node_modules/bluebird/js/release/async.js.Async._drainQueues (http://localhost:49961/__cypress/runner/cypress_runner.js:7738:5)\n    at Async.drainQueues (http://localhost:49961/__cypress/runner/cypress_runner.js:7608:14)\nFrom Your Spec Code:\n    at Context.eval (http://localhost:49961/__cypress/tests?p=cypress/integration/resolver_spec.js:257:8)",
                "diff": null
              },
              "uuid": "71437f71-e363-4829-88a9-94b5853d8c47",
              "parentUUID": "eef94088-a11e-431d-8677-aa30a74b4df3",
              "isHook": false,
              "skipped": false
            }
          ],
          "suites": [],
          "passes": [],
          "failures": [
            "8ce92558-26a6-4fb3-9383-2b85c24d23ba",
            "2dad4537-bba0-4941-9954-302f96e9b3be",
            "71437f71-e363-4829-88a9-94b5853d8c47"
          ],
          "pending": [],
          "skipped": [],
          "duration": 15141,
          "root": false,
          "rootEmpty": false,
          "_timeout": 2000
        },
        {
          "uuid": "426b4c49-83b4-4418-9b65-53dcf18f800a",
          "title": "Test Scenario 7: DID URLs with fragments",
          "fullFile": "",
          "file": "",
          "beforeHooks": [],
          "afterHooks": [],
          "tests": [
            {
              "title": "Must return HTTP code 200",
              "fullTitle": "Test Scenario 7: DID URLs with fragments Must return HTTP code 200",
              "timedOut": null,
              "duration": 5045,
              "state": "failed",
              "speed": null,
              "pass": false,
              "fail": true,
              "pending": false,
              "context": null,
              "code": "cy.get(\"@headers\").then(response => {\n  expect(response.status).to.eq(200);\n});",
              "err": {
                "message": "CypressError: `cy.request()` timed out waiting `5000ms` for a response from your server.\n\nThe request we sent was:\n\nMethod: GET\nURL: https://dev.uniresolver.io/1.0/identifiers/did%3Asov%3AWRfXPg8dantKVubE3HX8pw%23key-1\n\nNo response was received within the timeout.\n\nhttps://on.cypress.io/request\n\nBecause this error occurred during a `before each` hook we are skipping the remaining tests in the current suite: `Test Scenario 7: DID URLs w...`",
                "estack": "CypressError: `cy.request()` timed out waiting `5000ms` for a response from your server.\n\nThe request we sent was:\n\nMethod: GET\nURL: https://dev.uniresolver.io/1.0/identifiers/did%3Asov%3AWRfXPg8dantKVubE3HX8pw%23key-1\n\nNo response was received within the timeout.\n\nhttps://on.cypress.io/request\n\nBecause this error occurred during a `before each` hook we are skipping the remaining tests in the current suite: `Test Scenario 7: DID URLs w...`\n    at http://localhost:49961/__cypress/runner/cypress_runner.js:160652:78\n    at tryCatcher (http://localhost:49961/__cypress/runner/cypress_runner.js:13022:23)\n    at http://localhost:49961/__cypress/runner/cypress_runner.js:8144:41\n    at tryCatcher (http://localhost:49961/__cypress/runner/cypress_runner.js:13022:23)\n    at Promise._settlePromiseFromHandler (http://localhost:49961/__cypress/runner/cypress_runner.js:10957:31)\n    at Promise._settlePromise (http://localhost:49961/__cypress/runner/cypress_runner.js:11014:18)\n    at Promise._settlePromise0 (http://localhost:49961/__cypress/runner/cypress_runner.js:11059:10)\n    at Promise._settlePromises (http://localhost:49961/__cypress/runner/cypress_runner.js:11135:18)\n    at _drainQueueStep (http://localhost:49961/__cypress/runner/cypress_runner.js:7729:12)\n    at _drainQueue (http://localhost:49961/__cypress/runner/cypress_runner.js:7722:9)\n    at Async.../../node_modules/bluebird/js/release/async.js.Async._drainQueues (http://localhost:49961/__cypress/runner/cypress_runner.js:7738:5)\n    at Async.drainQueues (http://localhost:49961/__cypress/runner/cypress_runner.js:7608:14)\nFrom Your Spec Code:\n    at Context.eval (http://localhost:49961/__cypress/tests?p=cypress/integration/resolver_spec.js:269:8)",
                "diff": null
              },
              "uuid": "4eae98de-7d70-4f13-8278-fc6b270a2251",
              "parentUUID": "426b4c49-83b4-4418-9b65-53dcf18f800a",
              "isHook": false,
              "skipped": false
            },
            {
              "title": "MUST return HTTP header Content-Type with value application/did+ld+json",
              "fullTitle": "Test Scenario 7: DID URLs with fragments MUST return HTTP header Content-Type with value application/did+ld+json",
              "timedOut": null,
              "duration": 0,
              "state": "skipped",
              "speed": null,
              "pass": false,
              "fail": false,
              "pending": false,
              "context": null,
              "code": "cy.get(\"@headers\").then(response => {\n  expect(response.headers[\"content-type\"]).to.contain(\"did:sov:WRfXPg8dantKVubE3HX8pw#key-1\");\n});",
              "err": {},
              "uuid": "535c987a-21fe-4f1c-be8e-aa8159a20b33",
              "parentUUID": "426b4c49-83b4-4418-9b65-53dcf18f800a",
              "isHook": false,
              "skipped": true
            },
            {
              "title": "JSON object MUST NOT contain property didDocument",
              "fullTitle": "Test Scenario 7: DID URLs with fragments JSON object MUST NOT contain property didDocument",
              "timedOut": null,
              "duration": 0,
              "state": "skipped",
              "speed": null,
              "pass": false,
              "fail": false,
              "pending": false,
              "context": null,
              "code": "cy.get(\"@headers\").then(response => {\n  expect(response.body).not.to.have.property(\"didDocument\");\n});",
              "err": {},
              "uuid": "629ac318-0001-4f09-88ba-1b923a2b4946",
              "parentUUID": "426b4c49-83b4-4418-9b65-53dcf18f800a",
              "isHook": false,
              "skipped": true
            },
            {
              "title": "JSON object MUST contain property @context",
              "fullTitle": "Test Scenario 7: DID URLs with fragments JSON object MUST contain property @context",
              "timedOut": null,
              "duration": 0,
              "state": "skipped",
              "speed": null,
              "pass": false,
              "fail": false,
              "pending": false,
              "context": null,
              "code": "cy.get(\"@headers\").then(response => {\n  expect(response.body).to.have.property(\"@context\");\n});",
              "err": {},
              "uuid": "e923d62a-b81c-44e9-bbe6-4821e7278a8f",
              "parentUUID": "426b4c49-83b4-4418-9b65-53dcf18f800a",
              "isHook": false,
              "skipped": true
            },
            {
              "title": "JSON object MUST contain property type",
              "fullTitle": "Test Scenario 7: DID URLs with fragments JSON object MUST contain property type",
              "timedOut": null,
              "duration": 0,
              "state": "skipped",
              "speed": null,
              "pass": false,
              "fail": false,
              "pending": false,
              "context": null,
              "code": "cy.get(\"@headers\").then(response => {\n  expect(response.body).to.have.property(\"type\");\n});",
              "err": {},
              "uuid": "31cbc807-3a34-4605-8d7a-80bda8f6c032",
              "parentUUID": "426b4c49-83b4-4418-9b65-53dcf18f800a",
              "isHook": false,
              "skipped": true
            },
            {
              "title": "JSON object MUST contain property id with value application/did+ld+json",
              "fullTitle": "Test Scenario 7: DID URLs with fragments JSON object MUST contain property id with value application/did+ld+json",
              "timedOut": null,
              "duration": 0,
              "state": "skipped",
              "speed": null,
              "pass": false,
              "fail": false,
              "pending": false,
              "context": null,
              "code": "cy.get(\"@headers\").then(response => {\n  expect(response.body).to.have.property(\"id\");\n  expect(response.body[\"id\"]).to.contain(\"application/did+ld+json\");\n});",
              "err": {},
              "uuid": "d0433c16-5d23-491f-b591-8213032b83ba",
              "parentUUID": "426b4c49-83b4-4418-9b65-53dcf18f800a",
              "isHook": false,
              "skipped": true
            }
          ],
          "suites": [],
          "passes": [],
          "failures": [
            "4eae98de-7d70-4f13-8278-fc6b270a2251"
          ],
          "pending": [],
          "skipped": [
            "535c987a-21fe-4f1c-be8e-aa8159a20b33",
            "629ac318-0001-4f09-88ba-1b923a2b4946",
            "e923d62a-b81c-44e9-bbe6-4821e7278a8f",
            "31cbc807-3a34-4605-8d7a-80bda8f6c032",
            "d0433c16-5d23-491f-b591-8213032b83ba"
          ],
          "duration": 5045,
          "root": false,
          "rootEmpty": false,
          "_timeout": 2000
        }
      ],
      "passes": [],
      "failures": [],
      "pending": [],
      "skipped": [],
      "duration": 0,
      "root": true,
      "rootEmpty": true,
      "_timeout": 2000
    },
    {
      "uuid": "f97e852d-e242-4d42-8b3b-aaba44ba29b6",
      "title": "",
      "fullFile": "cypress/integration/uniresolver_fixtures_spec.js",
      "file": "cypress/integration/uniresolver_fixtures_spec.js",
      "beforeHooks": [],
      "afterHooks": [],
      "tests": [],
      "suites": [
        {
          "uuid": "64f45130-b25f-45fe-9094-512246a5e5fe",
          "title": "Test Scenario 1: DID Resolution Result fixtures: dev uniresolver",
          "fullFile": "",
          "file": "",
          "beforeHooks": [],
          "afterHooks": [],
          "tests": [
            {
              "title": "A correct DID can be resolved",
              "fullTitle": "Test Scenario 1: DID Resolution Result fixtures: dev uniresolver A correct DID can be resolved",
              "timedOut": null,
              "duration": 258,
              "state": "failed",
              "speed": null,
              "pass": false,
              "fail": true,
              "pending": false,
              "context": null,
              "code": "cy.fixture(\"../fixtures/example_dids.json\").its(\"normalDids\").then(list => {\n  Object.keys(list).forEach(key => {\n    const normalDid = list[key];\n    cy.request({\n      method: \"GET\",\n      url: endpoint + normalDid\n    }).as(\"request\");\n    cy.get(\"@request\").then(response => {\n      cy.log(Cypress.env(\"apiUrl\"));\n      expect(response.status).to.eq(200);\n    });\n    cy.get(\"@request\").then(response => {\n      expect(response.headers[\"content-type\"]).to.contain('application/ld+json;profile=\"https://w3id.org/did-resolution');\n    });\n    cy.get(\"@request\").then(response => {\n      expect(response.body).to.have.property(\"didDocument\");\n    });\n    cy.get(\"@request\").then(response => {\n      expect(response.body).to.have.property(\"didResolutionMetadata\");\n    });\n    cy.get(\"@request\").then(response => {\n      expect(response.body).to.have.property(\"didDocumentMetadata\");\n    });\n  });\n});",
              "err": {
                "message": "AssertionError: expected 'application/ld+json; profile=\"https://w3id.org/did-resolution\";charset=utf-8' to include 'application/ld+json;profile=\"https://w3id.org/did-resolution'",
                "estack": "AssertionError: expected 'application/ld+json; profile=\"https://w3id.org/did-resolution\";charset=utf-8' to include 'application/ld+json;profile=\"https://w3id.org/did-resolution'\n    at Context.eval (http://localhost:49961/__cypress/tests?p=cypress/integration/uniresolver_fixtures_spec.js:115:55)",
                "diff": null
              },
              "uuid": "9c623046-1bdb-4888-8b56-24a1d707bc1b",
              "parentUUID": "64f45130-b25f-45fe-9094-512246a5e5fe",
              "isHook": false,
              "skipped": false
            }
          ],
          "suites": [],
          "passes": [],
          "failures": [
            "9c623046-1bdb-4888-8b56-24a1d707bc1b"
          ],
          "pending": [],
          "skipped": [],
          "duration": 258,
          "root": false,
          "rootEmpty": false,
          "_timeout": 2000
        },
        {
          "uuid": "2dd06d01-3b4d-40ea-8865-b5b68f14ab9d",
          "title": "Test Scenario 2: JSON-LD DID document",
          "fullFile": "",
          "file": "",
          "beforeHooks": [],
          "afterHooks": [],
          "tests": [
            {
              "title": "A correct DID can be resolved with header input",
              "fullTitle": "Test Scenario 2: JSON-LD DID document A correct DID can be resolved with header input",
              "timedOut": null,
              "duration": 5069,
              "state": "failed",
              "speed": null,
              "pass": false,
              "fail": true,
              "pending": false,
              "context": null,
              "code": "cy.fixture(\"../fixtures/example_dids.json\").its(\"normalDids\").then(list => {\n  Object.keys(list).forEach(key => {\n    const normalDid = list[key];\n    cy.request({\n      method: \"GET\",\n      url: \"https://dev.uniresolver.io/1.0/identifiers/\" + normalDid,\n      headers: {\n        Accept: \"application/did+ld+json\"\n      }\n    }).as(\"headers\");\n    cy.get(\"@headers\").then(response => {\n      expect(response.status).to.eq(200);\n      expect(response.headers[\"content-type\"]).to.contain(\"application/did+ld+json\");\n      expect(response.body).not.to.have.property(\"didDocument\");\n      expect(response.body).to.have.property(\"@context\");\n    });\n  });\n});",
              "err": {
                "message": "CypressError: `cy.request()` timed out waiting `5000ms` for a response from your server.\n\nThe request we sent was:\n\nMethod: GET\nURL: https://dev.uniresolver.io/1.0/identifiers/did:sov:WRfXPg8dantKVubE3HX8pw\n\nNo response was received within the timeout.\n\nhttps://on.cypress.io/request",
                "estack": "CypressError: `cy.request()` timed out waiting `5000ms` for a response from your server.\n\nThe request we sent was:\n\nMethod: GET\nURL: https://dev.uniresolver.io/1.0/identifiers/did:sov:WRfXPg8dantKVubE3HX8pw\n\nNo response was received within the timeout.\n\nhttps://on.cypress.io/request\n    at http://localhost:49961/__cypress/runner/cypress_runner.js:160652:78\n    at tryCatcher (http://localhost:49961/__cypress/runner/cypress_runner.js:13022:23)\n    at http://localhost:49961/__cypress/runner/cypress_runner.js:8144:41\n    at tryCatcher (http://localhost:49961/__cypress/runner/cypress_runner.js:13022:23)\n    at Promise._settlePromiseFromHandler (http://localhost:49961/__cypress/runner/cypress_runner.js:10957:31)\n    at Promise._settlePromise (http://localhost:49961/__cypress/runner/cypress_runner.js:11014:18)\n    at Promise._settlePromise0 (http://localhost:49961/__cypress/runner/cypress_runner.js:11059:10)\n    at Promise._settlePromises (http://localhost:49961/__cypress/runner/cypress_runner.js:11135:18)\n    at _drainQueueStep (http://localhost:49961/__cypress/runner/cypress_runner.js:7729:12)\n    at _drainQueue (http://localhost:49961/__cypress/runner/cypress_runner.js:7722:9)\n    at Async.../../node_modules/bluebird/js/release/async.js.Async._drainQueues (http://localhost:49961/__cypress/runner/cypress_runner.js:7738:5)\n    at Async.drainQueues (http://localhost:49961/__cypress/runner/cypress_runner.js:7608:14)\nFrom Your Spec Code:\n    at eval (http://localhost:49961/__cypress/tests?p=cypress/integration/uniresolver_fixtures_spec.js:135:12)\nat Array.forEach (<anonymous>)\n    at Context.eval (http://localhost:49961/__cypress/tests?p=cypress/integration/uniresolver_fixtures_spec.js:133:25)",
                "diff": null
              },
              "uuid": "a3b29abf-0fb7-4f97-897e-16b3bfbac426",
              "parentUUID": "2dd06d01-3b4d-40ea-8865-b5b68f14ab9d",
              "isHook": false,
              "skipped": false
            }
          ],
          "suites": [],
          "passes": [],
          "failures": [
            "a3b29abf-0fb7-4f97-897e-16b3bfbac426"
          ],
          "pending": [],
          "skipped": [],
          "duration": 5069,
          "root": false,
          "rootEmpty": false,
          "_timeout": 2000
        },
        {
          "uuid": "401c4b41-08d6-4731-87ae-d74d14e58b33",
          "title": "Test Scenario 3: Representation not supported",
          "fullFile": "",
          "file": "",
          "beforeHooks": [],
          "afterHooks": [],
          "tests": [
            {
              "title": "Shows an error when a representation is prompted",
              "fullTitle": "Test Scenario 3: Representation not supported Shows an error when a representation is prompted",
              "timedOut": null,
              "duration": 5043,
              "state": "failed",
              "speed": null,
              "pass": false,
              "fail": true,
              "pending": false,
              "context": null,
              "code": "cy.fixture(\"../fixtures/example_dids.json\").its(\"normalDids\").then(list => {\n  Object.keys(list).forEach(key => {\n    const normalDid = list[key];\n    cy.request({\n      method: \"GET\",\n      url: \"https://dev.uniresolver.io/1.0/identifiers/\" + normalDid,\n      headers: {\n        Accept: \"image/png\"\n      },\n      failOnStatusCode: false\n    }).then(response => {\n      expect(response.status).to.eq(406);\n    });\n  });\n});",
              "err": {
                "message": "CypressError: `cy.request()` timed out waiting `5000ms` for a response from your server.\n\nThe request we sent was:\n\nMethod: GET\nURL: https://dev.uniresolver.io/1.0/identifiers/did:sov:WRfXPg8dantKVubE3HX8pw\n\nNo response was received within the timeout.\n\nhttps://on.cypress.io/request",
                "estack": "CypressError: `cy.request()` timed out waiting `5000ms` for a response from your server.\n\nThe request we sent was:\n\nMethod: GET\nURL: https://dev.uniresolver.io/1.0/identifiers/did:sov:WRfXPg8dantKVubE3HX8pw\n\nNo response was received within the timeout.\n\nhttps://on.cypress.io/request\n    at http://localhost:49961/__cypress/runner/cypress_runner.js:160652:78\n    at tryCatcher (http://localhost:49961/__cypress/runner/cypress_runner.js:13022:23)\n    at http://localhost:49961/__cypress/runner/cypress_runner.js:8144:41\n    at tryCatcher (http://localhost:49961/__cypress/runner/cypress_runner.js:13022:23)\n    at Promise._settlePromiseFromHandler (http://localhost:49961/__cypress/runner/cypress_runner.js:10957:31)\n    at Promise._settlePromise (http://localhost:49961/__cypress/runner/cypress_runner.js:11014:18)\n    at Promise._settlePromise0 (http://localhost:49961/__cypress/runner/cypress_runner.js:11059:10)\n    at Promise._settlePromises (http://localhost:49961/__cypress/runner/cypress_runner.js:11135:18)\n    at _drainQueueStep (http://localhost:49961/__cypress/runner/cypress_runner.js:7729:12)\n    at _drainQueue (http://localhost:49961/__cypress/runner/cypress_runner.js:7722:9)\n    at Async.../../node_modules/bluebird/js/release/async.js.Async._drainQueues (http://localhost:49961/__cypress/runner/cypress_runner.js:7738:5)\n    at Async.drainQueues (http://localhost:49961/__cypress/runner/cypress_runner.js:7608:14)\nFrom Your Spec Code:\n    at eval (http://localhost:49961/__cypress/tests?p=cypress/integration/uniresolver_fixtures_spec.js:157:12)\nat Array.forEach (<anonymous>)\n    at Context.eval (http://localhost:49961/__cypress/tests?p=cypress/integration/uniresolver_fixtures_spec.js:155:25)",
                "diff": null
              },
              "uuid": "de394b00-d78c-4e54-9eed-3f8d9e68744a",
              "parentUUID": "401c4b41-08d6-4731-87ae-d74d14e58b33",
              "isHook": false,
              "skipped": false
            }
          ],
          "suites": [],
          "passes": [],
          "failures": [
            "de394b00-d78c-4e54-9eed-3f8d9e68744a"
          ],
          "pending": [],
          "skipped": [],
          "duration": 5043,
          "root": false,
          "rootEmpty": false,
          "_timeout": 2000
        },
        {
          "uuid": "fe3fd63e-a445-4cff-8f20-84973e9af520",
          "title": "Test Scenario 4: Deactivated",
          "fullFile": "",
          "file": "",
          "beforeHooks": [],
          "afterHooks": [],
          "tests": [
            {
              "title": "Returns an HTTP code of 410 for deactivated DIDs",
              "fullTitle": "Test Scenario 4: Deactivated Returns an HTTP code of 410 for deactivated DIDs",
              "timedOut": null,
              "duration": 5054,
              "state": "failed",
              "speed": null,
              "pass": false,
              "fail": true,
              "pending": false,
              "context": null,
              "code": "cy.fixture(\"../fixtures/example_dids.json\").its(\"deacDids\").then(list => {\n  Object.keys(list).forEach(key => {\n    const deacDid = list[key];\n    cy.request({\n      method: \"GET\",\n      url: \"https://dev.uniresolver.io/1.0/identifiers/\" + deacDid,\n      failOnStatusCode: false\n    }).then(response => {\n      expect(response.status).to.eq(410);\n      expect(response.headers[\"content-type\"]).to.contain('application/ld+json;profile=\"https://w3id.org/did-resolution\"');\n      expect(response.body.didResolutionMetadata.deactivated).to.eq(true);\n    });\n  });\n});",
              "err": {
                "message": "CypressError: `cy.request()` timed out waiting `5000ms` for a response from your server.\n\nThe request we sent was:\n\nMethod: GET\nURL: https://dev.uniresolver.io/1.0/identifiers/did:kilt:4r6RdVMNes2eEobxyxH7aVsesUqR2X175sUAXJfo7dEWxHUS\n\nNo response was received within the timeout.\n\nhttps://on.cypress.io/request",
                "estack": "CypressError: `cy.request()` timed out waiting `5000ms` for a response from your server.\n\nThe request we sent was:\n\nMethod: GET\nURL: https://dev.uniresolver.io/1.0/identifiers/did:kilt:4r6RdVMNes2eEobxyxH7aVsesUqR2X175sUAXJfo7dEWxHUS\n\nNo response was received within the timeout.\n\nhttps://on.cypress.io/request\n    at http://localhost:49961/__cypress/runner/cypress_runner.js:160652:78\n    at tryCatcher (http://localhost:49961/__cypress/runner/cypress_runner.js:13022:23)\n    at http://localhost:49961/__cypress/runner/cypress_runner.js:8144:41\n    at tryCatcher (http://localhost:49961/__cypress/runner/cypress_runner.js:13022:23)\n    at Promise._settlePromiseFromHandler (http://localhost:49961/__cypress/runner/cypress_runner.js:10957:31)\n    at Promise._settlePromise (http://localhost:49961/__cypress/runner/cypress_runner.js:11014:18)\n    at Promise._settlePromise0 (http://localhost:49961/__cypress/runner/cypress_runner.js:11059:10)\n    at Promise._settlePromises (http://localhost:49961/__cypress/runner/cypress_runner.js:11135:18)\n    at _drainQueueStep (http://localhost:49961/__cypress/runner/cypress_runner.js:7729:12)\n    at _drainQueue (http://localhost:49961/__cypress/runner/cypress_runner.js:7722:9)\n    at Async.../../node_modules/bluebird/js/release/async.js.Async._drainQueues (http://localhost:49961/__cypress/runner/cypress_runner.js:7738:5)\n    at Async.drainQueues (http://localhost:49961/__cypress/runner/cypress_runner.js:7608:14)\nFrom Your Spec Code:\n    at eval (http://localhost:49961/__cypress/tests?p=cypress/integration/uniresolver_fixtures_spec.js:176:12)\nat Array.forEach (<anonymous>)\n    at Context.eval (http://localhost:49961/__cypress/tests?p=cypress/integration/uniresolver_fixtures_spec.js:174:25)",
                "diff": null
              },
              "uuid": "5501c9d5-bdf3-4a96-96ef-832baa2cb1d6",
              "parentUUID": "fe3fd63e-a445-4cff-8f20-84973e9af520",
              "isHook": false,
              "skipped": false
            }
          ],
          "suites": [],
          "passes": [],
          "failures": [
            "5501c9d5-bdf3-4a96-96ef-832baa2cb1d6"
          ],
          "pending": [],
          "skipped": [],
          "duration": 5054,
          "root": false,
          "rootEmpty": false,
          "_timeout": 2000
        },
        {
          "uuid": "7d4295c7-81d2-49eb-9579-5268d59497be",
          "title": "Test Scenario 5: Not found",
          "fullFile": "",
          "file": "",
          "beforeHooks": [],
          "afterHooks": [],
          "tests": [
            {
              "title": "Returns an HTTP code of 404 for non-existent DIDs",
              "fullTitle": "Test Scenario 5: Not found Returns an HTTP code of 404 for non-existent DIDs",
              "timedOut": null,
              "duration": 5050,
              "state": "failed",
              "speed": null,
              "pass": false,
              "fail": true,
              "pending": false,
              "context": null,
              "code": "cy.fixture(\"../fixtures/example_dids.json\").its(\"nonExisDids\").then(list => {\n  Object.keys(list).forEach(key => {\n    const nonExDid = list[key];\n    cy.request({\n      method: \"GET\",\n      url: \"https://dev.uniresolver.io/1.0/identifiers/\" + nonExDid,\n      failOnStatusCode: false\n    }).then(response => {\n      expect(response.status).to.eq(404);\n      expect(response.headers[\"content-type\"]).to.contain('application/ld+json;profile=\"https://w3id.org/did-resolution\"');\n      expect(response.body.didResolutionMetadata.error).to.eq(\"notFound\");\n    });\n  });\n});",
              "err": {
                "message": "CypressError: `cy.request()` timed out waiting `5000ms` for a response from your server.\n\nThe request we sent was:\n\nMethod: GET\nURL: https://dev.uniresolver.io/1.0/identifiers/did:sov:0000000000000000000000\n\nNo response was received within the timeout.\n\nhttps://on.cypress.io/request",
                "estack": "CypressError: `cy.request()` timed out waiting `5000ms` for a response from your server.\n\nThe request we sent was:\n\nMethod: GET\nURL: https://dev.uniresolver.io/1.0/identifiers/did:sov:0000000000000000000000\n\nNo response was received within the timeout.\n\nhttps://on.cypress.io/request\n    at http://localhost:49961/__cypress/runner/cypress_runner.js:160652:78\n    at tryCatcher (http://localhost:49961/__cypress/runner/cypress_runner.js:13022:23)\n    at http://localhost:49961/__cypress/runner/cypress_runner.js:8144:41\n    at tryCatcher (http://localhost:49961/__cypress/runner/cypress_runner.js:13022:23)\n    at Promise._settlePromiseFromHandler (http://localhost:49961/__cypress/runner/cypress_runner.js:10957:31)\n    at Promise._settlePromise (http://localhost:49961/__cypress/runner/cypress_runner.js:11014:18)\n    at Promise._settlePromise0 (http://localhost:49961/__cypress/runner/cypress_runner.js:11059:10)\n    at Promise._settlePromises (http://localhost:49961/__cypress/runner/cypress_runner.js:11135:18)\n    at _drainQueueStep (http://localhost:49961/__cypress/runner/cypress_runner.js:7729:12)\n    at _drainQueue (http://localhost:49961/__cypress/runner/cypress_runner.js:7722:9)\n    at Async.../../node_modules/bluebird/js/release/async.js.Async._drainQueues (http://localhost:49961/__cypress/runner/cypress_runner.js:7738:5)\n    at Async.drainQueues (http://localhost:49961/__cypress/runner/cypress_runner.js:7608:14)\nFrom Your Spec Code:\n    at eval (http://localhost:49961/__cypress/tests?p=cypress/integration/uniresolver_fixtures_spec.js:194:12)\nat Array.forEach (<anonymous>)\n    at Context.eval (http://localhost:49961/__cypress/tests?p=cypress/integration/uniresolver_fixtures_spec.js:192:25)",
                "diff": null
              },
              "uuid": "7766bdd5-1aac-496f-bcc2-746c68a154ee",
              "parentUUID": "7d4295c7-81d2-49eb-9579-5268d59497be",
              "isHook": false,
              "skipped": false
            }
          ],
          "suites": [],
          "passes": [],
          "failures": [
            "7766bdd5-1aac-496f-bcc2-746c68a154ee"
          ],
          "pending": [],
          "skipped": [],
          "duration": 5050,
          "root": false,
          "rootEmpty": false,
          "_timeout": 2000
        },
        {
          "uuid": "a8db4d8c-6458-4917-a5b5-b7092cc57bed",
          "title": "Test Scenario 6: Invalid DID",
          "fullFile": "",
          "file": "",
          "beforeHooks": [],
          "afterHooks": [],
          "tests": [
            {
              "title": "Returns a HTTP code of 400 for an invalid DID",
              "fullTitle": "Test Scenario 6: Invalid DID Returns a HTTP code of 400 for an invalid DID",
              "timedOut": null,
              "duration": 5051,
              "state": "failed",
              "speed": null,
              "pass": false,
              "fail": true,
              "pending": false,
              "context": null,
              "code": "cy.fixture(\"../fixtures/example_dids.json\").its(\"invalidDids\").then(list => {\n  Object.keys(list).forEach(key => {\n    const invalidDid = list[key];\n    cy.request({\n      method: \"GET\",\n      url: \"https://dev.uniresolver.io/1.0/identifiers/\" + invalidDid,\n      failOnStatusCode: false\n    }).then(response => {\n      expect(response.status).to.eq(400);\n      expect(response.headers[\"content-type\"]).to.contain('application/ld+json;profile=\"https://w3id.org/did-resolution\"');\n      expect(response.body.didResolutionMetadata.error).to.eq(\"invalidDid\");\n    });\n  });\n});",
              "err": {
                "message": "CypressError: `cy.request()` timed out waiting `5000ms` for a response from your server.\n\nThe request we sent was:\n\nMethod: GET\nURL: https://dev.uniresolver.io/1.0/identifiers/did:example_222\n\nNo response was received within the timeout.\n\nhttps://on.cypress.io/request",
                "estack": "CypressError: `cy.request()` timed out waiting `5000ms` for a response from your server.\n\nThe request we sent was:\n\nMethod: GET\nURL: https://dev.uniresolver.io/1.0/identifiers/did:example_222\n\nNo response was received within the timeout.\n\nhttps://on.cypress.io/request\n    at http://localhost:49961/__cypress/runner/cypress_runner.js:160652:78\n    at tryCatcher (http://localhost:49961/__cypress/runner/cypress_runner.js:13022:23)\n    at http://localhost:49961/__cypress/runner/cypress_runner.js:8144:41\n    at tryCatcher (http://localhost:49961/__cypress/runner/cypress_runner.js:13022:23)\n    at Promise._settlePromiseFromHandler (http://localhost:49961/__cypress/runner/cypress_runner.js:10957:31)\n    at Promise._settlePromise (http://localhost:49961/__cypress/runner/cypress_runner.js:11014:18)\n    at Promise._settlePromise0 (http://localhost:49961/__cypress/runner/cypress_runner.js:11059:10)\n    at Promise._settlePromises (http://localhost:49961/__cypress/runner/cypress_runner.js:11135:18)\n    at _drainQueueStep (http://localhost:49961/__cypress/runner/cypress_runner.js:7729:12)\n    at _drainQueue (http://localhost:49961/__cypress/runner/cypress_runner.js:7722:9)\n    at Async.../../node_modules/bluebird/js/release/async.js.Async._drainQueues (http://localhost:49961/__cypress/runner/cypress_runner.js:7738:5)\n    at Async.drainQueues (http://localhost:49961/__cypress/runner/cypress_runner.js:7608:14)\nFrom Your Spec Code:\n    at eval (http://localhost:49961/__cypress/tests?p=cypress/integration/uniresolver_fixtures_spec.js:212:12)\nat Array.forEach (<anonymous>)\n    at Context.eval (http://localhost:49961/__cypress/tests?p=cypress/integration/uniresolver_fixtures_spec.js:210:25)",
                "diff": null
              },
              "uuid": "258e026e-6b97-4d3c-b5c4-d9464160f607",
              "parentUUID": "a8db4d8c-6458-4917-a5b5-b7092cc57bed",
              "isHook": false,
              "skipped": false
            }
          ],
          "suites": [],
          "passes": [],
          "failures": [
            "258e026e-6b97-4d3c-b5c4-d9464160f607"
          ],
          "pending": [],
          "skipped": [],
          "duration": 5051,
          "root": false,
          "rootEmpty": false,
          "_timeout": 2000
        },
        {
          "uuid": "81372028-90f7-4a2f-878f-68127eaa5ce5",
          "title": "Test Scenario 7: DID URLs with fragments",
          "fullFile": "",
          "file": "",
          "beforeHooks": [],
          "afterHooks": [],
          "tests": [
            {
              "title": "Can resolve a DID with a fragment",
              "fullTitle": "Test Scenario 7: DID URLs with fragments Can resolve a DID with a fragment",
              "timedOut": null,
              "duration": 5048,
              "state": "failed",
              "speed": null,
              "pass": false,
              "fail": true,
              "pending": false,
              "context": null,
              "code": "cy.fixture(\"../fixtures/example_dids.json\").its(\"fragmentDids\").then(list => {\n  Object.keys(list).forEach(key => {\n    const fragmentDid = list[key];\n    cy.request({\n      method: \"GET\",\n      url: \"https://dev.uniresolver.io/1.0/identifiers/\" + fragmentDid,\n      failOnStatusCode: false,\n      headers: {\n        Accept: \"application/did+ld+json\"\n      }\n    }).as(\"request\");\n    cy.get(\"@request\").then(response => {\n      console.log(response);\n      expect(response.status).to.eq(200);\n      expect(response.headers[\"content-type\"]).to.contain(\"application/did+ld+json\");\n      expect(response.body).not.to.have.property(\"didDocument\");\n      expect(response.body).to.have.property(\"@context\"); //FAILS\n      expect(response.body).to.have.property(\"type\");\n      expect(response.body).to.have.property(\"id\"); // FAILS\n      expect(response.body[\"id\"]).to.contain(fragmentDid.split(\"#\")[0]);\n    });\n  });\n});",
              "err": {
                "message": "CypressError: `cy.request()` timed out waiting `5000ms` for a response from your server.\n\nThe request we sent was:\n\nMethod: GET\nURL: https://dev.uniresolver.io/1.0/identifiers/did%3Asov%3AWRfXPg8dantKVubE3HX8pw%23key-1\n\nNo response was received within the timeout.\n\nhttps://on.cypress.io/request",
                "estack": "CypressError: `cy.request()` timed out waiting `5000ms` for a response from your server.\n\nThe request we sent was:\n\nMethod: GET\nURL: https://dev.uniresolver.io/1.0/identifiers/did%3Asov%3AWRfXPg8dantKVubE3HX8pw%23key-1\n\nNo response was received within the timeout.\n\nhttps://on.cypress.io/request\n    at http://localhost:49961/__cypress/runner/cypress_runner.js:160652:78\n    at tryCatcher (http://localhost:49961/__cypress/runner/cypress_runner.js:13022:23)\n    at http://localhost:49961/__cypress/runner/cypress_runner.js:8144:41\n    at tryCatcher (http://localhost:49961/__cypress/runner/cypress_runner.js:13022:23)\n    at Promise._settlePromiseFromHandler (http://localhost:49961/__cypress/runner/cypress_runner.js:10957:31)\n    at Promise._settlePromise (http://localhost:49961/__cypress/runner/cypress_runner.js:11014:18)\n    at Promise._settlePromise0 (http://localhost:49961/__cypress/runner/cypress_runner.js:11059:10)\n    at Promise._settlePromises (http://localhost:49961/__cypress/runner/cypress_runner.js:11135:18)\n    at _drainQueueStep (http://localhost:49961/__cypress/runner/cypress_runner.js:7729:12)\n    at _drainQueue (http://localhost:49961/__cypress/runner/cypress_runner.js:7722:9)\n    at Async.../../node_modules/bluebird/js/release/async.js.Async._drainQueues (http://localhost:49961/__cypress/runner/cypress_runner.js:7738:5)\n    at Async.drainQueues (http://localhost:49961/__cypress/runner/cypress_runner.js:7608:14)\nFrom Your Spec Code:\n    at eval (http://localhost:49961/__cypress/tests?p=cypress/integration/uniresolver_fixtures_spec.js:230:12)\nat Array.forEach (<anonymous>)\n    at Context.eval (http://localhost:49961/__cypress/tests?p=cypress/integration/uniresolver_fixtures_spec.js:228:25)",
                "diff": null
              },
              "uuid": "592dffea-e217-425b-a36e-2aa0db512e01",
              "parentUUID": "81372028-90f7-4a2f-878f-68127eaa5ce5",
              "isHook": false,
              "skipped": false
            }
          ],
          "suites": [],
          "passes": [],
          "failures": [
            "592dffea-e217-425b-a36e-2aa0db512e01"
          ],
          "pending": [],
          "skipped": [],
          "duration": 5048,
          "root": false,
          "rootEmpty": false,
          "_timeout": 2000
        }
      ],
      "passes": [],
      "failures": [],
      "pending": [],
      "skipped": [],
      "duration": 0,
      "root": true,
      "rootEmpty": true,
      "_timeout": 2000
    }
  ],
  "meta": {
    "mocha": {
      "version": "7.0.1"
    },
    "mochawesome": {
      "options": {
        "quiet": false,
        "reportFilename": "mochawesome",
        "saveHtml": false,
        "saveJson": true,
        "consoleReporter": "spec",
        "useInlineDiffs": false,
        "code": true
      },
      "version": "7.1.2"
    },
    "marge": {
      "options": {
        "reportDir": "cypress/reports/mocha",
        "configFile": "reporterOpts.json",
        "overwrite": false,
        "html": false,
        "json": true
      },
      "version": "6.1.1"
    }
  }
}