{
  "stats": {
    "suites": 2,
    "tests": 2,
    "passes": 0,
    "pending": 0,
    "failures": 2,
    "start": "2022-03-11T14:32:58.238Z",
    "end": "2022-03-11T14:33:59.592Z",
    "duration": 60158,
    "testsRegistered": 2,
    "passPercent": 0,
    "pendingPercent": 0,
    "other": 0,
    "hasOther": false,
    "skipped": 0,
    "hasSkipped": false
  },
  "results": [
    {
      "uuid": "5c284457-e36c-4f09-bcb7-8d8e181679a5",
      "title": "",
      "fullFile": "cypress/integration/resolver_spec.js",
      "file": "cypress/integration/resolver_spec.js",
      "beforeHooks": [],
      "afterHooks": [],
      "tests": [],
      "suites": [
        {
          "uuid": "b1c1a5a5-0cea-42a1-a3e4-9cca50b944da",
          "title": "Test Scenario 1: DID Resolution Result overview",
          "fullFile": "",
          "file": "",
          "beforeHooks": [],
          "afterHooks": [],
          "tests": [
            {
              "title": "MUST return HTTP code 200",
              "fullTitle": "Test Scenario 1: DID Resolution Result overview MUST return HTTP code 200",
              "timedOut": null,
              "duration": 30073,
              "state": "failed",
              "speed": null,
              "pass": false,
              "fail": true,
              "pending": false,
              "context": null,
              "code": "cy.get(\"@request\").then(response => {\n  expect(response.status).to.eq(200);\n});",
              "err": {
                "message": "CypressError: `cy.request()` timed out waiting `30000ms` for a response from your server.\n\nThe request we sent was:\n\nMethod: GET\nURL: https://dev.uniresolver.io/1.0/identifiers/did:sov:WRfXPg8dantKVubE3HX8pw\n\nNo response was received within the timeout.\n\nhttps://on.cypress.io/request\n\nBecause this error occurred during a `before each` hook we are skipping the remaining tests in the current suite: `Test Scenario 1: DID Resolu...`",
                "estack": "CypressError: `cy.request()` timed out waiting `30000ms` for a response from your server.\n\nThe request we sent was:\n\nMethod: GET\nURL: https://dev.uniresolver.io/1.0/identifiers/did:sov:WRfXPg8dantKVubE3HX8pw\n\nNo response was received within the timeout.\n\nhttps://on.cypress.io/request\n\nBecause this error occurred during a `before each` hook we are skipping the remaining tests in the current suite: `Test Scenario 1: DID Resolu...`\n    at http://localhost:61876/__cypress/runner/cypress_runner.js:160652:78\n    at tryCatcher (http://localhost:61876/__cypress/runner/cypress_runner.js:13022:23)\n    at http://localhost:61876/__cypress/runner/cypress_runner.js:8144:41\n    at tryCatcher (http://localhost:61876/__cypress/runner/cypress_runner.js:13022:23)\n    at Promise._settlePromiseFromHandler (http://localhost:61876/__cypress/runner/cypress_runner.js:10957:31)\n    at Promise._settlePromise (http://localhost:61876/__cypress/runner/cypress_runner.js:11014:18)\n    at Promise._settlePromise0 (http://localhost:61876/__cypress/runner/cypress_runner.js:11059:10)\n    at Promise._settlePromises (http://localhost:61876/__cypress/runner/cypress_runner.js:11135:18)\n    at _drainQueueStep (http://localhost:61876/__cypress/runner/cypress_runner.js:7729:12)\n    at _drainQueue (http://localhost:61876/__cypress/runner/cypress_runner.js:7722:9)\n    at Async.../../node_modules/bluebird/js/release/async.js.Async._drainQueues (http://localhost:61876/__cypress/runner/cypress_runner.js:7738:5)\n    at Async.drainQueues (http://localhost:61876/__cypress/runner/cypress_runner.js:7608:14)\nFrom Your Spec Code:\n    at Context.eval (http://localhost:61876/__cypress/tests?p=cypress/integration/resolver_spec.js:101:8)",
                "diff": null
              },
              "uuid": "88287229-662d-4032-b1d5-b8e1db0f93e2",
              "parentUUID": "b1c1a5a5-0cea-42a1-a3e4-9cca50b944da",
              "isHook": false,
              "skipped": false
            }
          ],
          "suites": [],
          "passes": [],
          "failures": [
            "88287229-662d-4032-b1d5-b8e1db0f93e2"
          ],
          "pending": [],
          "skipped": [],
          "duration": 30073,
          "root": false,
          "rootEmpty": false,
          "_timeout": 2000
        }
      ],
      "passes": [],
      "failures": [],
      "pending": [],
      "skipped": [],
      "duration": 0,
      "root": true,
      "rootEmpty": true,
      "_timeout": 2000
    },
    {
      "uuid": "9e9cde5a-940f-4e3f-bb61-16cfd19674b5",
      "title": "",
      "fullFile": "cypress/integration/uniresolver_fixtures_spec.js",
      "file": "cypress/integration/uniresolver_fixtures_spec.js",
      "beforeHooks": [],
      "afterHooks": [],
      "tests": [],
      "suites": [
        {
          "uuid": "cd4cee0d-bbdc-45c0-93d6-d42bf2b48657",
          "title": "Test Scenario 1: DID Resolution Result fixtures",
          "fullFile": "",
          "file": "",
          "beforeHooks": [],
          "afterHooks": [],
          "tests": [
            {
              "title": "A correct DID can be resolved",
              "fullTitle": "Test Scenario 1: DID Resolution Result fixtures A correct DID can be resolved",
              "timedOut": null,
              "duration": 30085,
              "state": "failed",
              "speed": null,
              "pass": false,
              "fail": true,
              "pending": false,
              "context": null,
              "code": "cy.fixture(\"../fixtures/example_dids.json\").its(\"normalDids\").then(list => {\n  Object.keys(list).forEach(key => {\n    const normalDid = list[key];\n    cy.request({\n      method: \"GET\",\n      url: \"https://dev.uniresolver.io/1.0/identifiers/\" + normalDid\n    }).as(\"request\");\n    cy.get(\"@request\").then(response => {\n      expect(response.status).to.eq(200);\n    });\n    cy.get(\"@request\").then(response => {\n      expect(response.headers[\"content-type\"]).to.contain('application/ld+json;profile=\"https://w3id.org/did-resolution');\n    });\n    cy.get(\"@request\").then(response => {\n      expect(response.body).to.have.property(\"didDocument\");\n    });\n    cy.get(\"@request\").then(response => {\n      expect(response.body).to.have.property(\"didResolutionMetadata\");\n    });\n    cy.get(\"@request\").then(response => {\n      expect(response.body).to.have.property(\"didDocumentMetadata\");\n    });\n  });\n});",
              "err": {
                "message": "CypressError: `cy.request()` timed out waiting `30000ms` for a response from your server.\n\nThe request we sent was:\n\nMethod: GET\nURL: https://dev.uniresolver.io/1.0/identifiers/did:sov:WRfXPg8dantKVubE3HX8pw\n\nNo response was received within the timeout.\n\nhttps://on.cypress.io/request",
                "estack": "CypressError: `cy.request()` timed out waiting `30000ms` for a response from your server.\n\nThe request we sent was:\n\nMethod: GET\nURL: https://dev.uniresolver.io/1.0/identifiers/did:sov:WRfXPg8dantKVubE3HX8pw\n\nNo response was received within the timeout.\n\nhttps://on.cypress.io/request\n    at http://localhost:61876/__cypress/runner/cypress_runner.js:160652:78\n    at tryCatcher (http://localhost:61876/__cypress/runner/cypress_runner.js:13022:23)\n    at http://localhost:61876/__cypress/runner/cypress_runner.js:8144:41\n    at tryCatcher (http://localhost:61876/__cypress/runner/cypress_runner.js:13022:23)\n    at Promise._settlePromiseFromHandler (http://localhost:61876/__cypress/runner/cypress_runner.js:10957:31)\n    at Promise._settlePromise (http://localhost:61876/__cypress/runner/cypress_runner.js:11014:18)\n    at Promise._settlePromise0 (http://localhost:61876/__cypress/runner/cypress_runner.js:11059:10)\n    at Promise._settlePromises (http://localhost:61876/__cypress/runner/cypress_runner.js:11135:18)\n    at _drainQueueStep (http://localhost:61876/__cypress/runner/cypress_runner.js:7729:12)\n    at _drainQueue (http://localhost:61876/__cypress/runner/cypress_runner.js:7722:9)\n    at Async.../../node_modules/bluebird/js/release/async.js.Async._drainQueues (http://localhost:61876/__cypress/runner/cypress_runner.js:7738:5)\n    at Async.drainQueues (http://localhost:61876/__cypress/runner/cypress_runner.js:7608:14)\nFrom Your Spec Code:\n    at eval (http://localhost:61876/__cypress/tests?p=cypress/integration/uniresolver_fixtures_spec.js:104:12)\nat Array.forEach (<anonymous>)\n    at Context.eval (http://localhost:61876/__cypress/tests?p=cypress/integration/uniresolver_fixtures_spec.js:102:25)",
                "diff": null
              },
              "uuid": "53d0c14c-bdec-4104-ad00-0fc5f7729d63",
              "parentUUID": "cd4cee0d-bbdc-45c0-93d6-d42bf2b48657",
              "isHook": false,
              "skipped": false
            }
          ],
          "suites": [],
          "passes": [],
          "failures": [
            "53d0c14c-bdec-4104-ad00-0fc5f7729d63"
          ],
          "pending": [],
          "skipped": [],
          "duration": 30085,
          "root": false,
          "rootEmpty": false,
          "_timeout": 2000
        }
      ],
      "passes": [],
      "failures": [],
      "pending": [],
      "skipped": [],
      "duration": 0,
      "root": true,
      "rootEmpty": true,
      "_timeout": 2000
    }
  ],
  "meta": {
    "mocha": {
      "version": "7.0.1"
    },
    "mochawesome": {
      "options": {
        "quiet": false,
        "reportFilename": "mochawesome",
        "saveHtml": false,
        "saveJson": true,
        "consoleReporter": "spec",
        "useInlineDiffs": false,
        "code": true
      },
      "version": "7.1.2"
    },
    "marge": {
      "options": {
        "reportDir": "cypress/reports/mocha",
        "configFile": "reporterOpts.json",
        "overwrite": false,
        "html": false,
        "json": true
      },
      "version": "6.1.1"
    }
  }
}