{
  "stats": {
    "suites": 1,
    "tests": 5,
    "passes": 5,
    "pending": 0,
    "failures": 0,
    "start": "2022-03-10T09:21:03.106Z",
    "end": "2022-03-10T09:21:06.199Z",
    "duration": 3093,
    "testsRegistered": 5,
    "passPercent": 100,
    "pendingPercent": 0,
    "other": 0,
    "hasOther": false,
    "skipped": 0,
    "hasSkipped": false
  },
  "results": [
    {
      "uuid": "989c6ac0-7d8e-4c3c-8b85-5c57f59a44b8",
      "title": "",
      "fullFile": "cypress/integration/resolver_spec.js",
      "file": "cypress/integration/resolver_spec.js",
      "beforeHooks": [],
      "afterHooks": [],
      "tests": [],
      "suites": [
        {
          "uuid": "cc82ca3d-9795-450b-8628-af19540218f2",
          "title": "Test Scenario 1: DID Resolution Result..",
          "fullFile": "",
          "file": "",
          "beforeHooks": [],
          "afterHooks": [],
          "tests": [
            {
              "title": "MUST return HTTP code 200",
              "fullTitle": "Test Scenario 1: DID Resolution Result.. MUST return HTTP code 200",
              "timedOut": null,
              "duration": 1458,
              "state": "passed",
              "speed": "fast",
              "pass": true,
              "fail": false,
              "pending": false,
              "context": null,
              "code": "cy.get(\"@request\").then(response => {\n  expect(response.status).to.eq(200);\n});",
              "err": {},
              "uuid": "546f8651-58cf-4c7d-9fba-ce990e85f25d",
              "parentUUID": "cc82ca3d-9795-450b-8628-af19540218f2",
              "isHook": false,
              "skipped": false
            },
            {
              "title": "Should have header with Content-Type with value application/ld+json;profile=\"https://w3id.org/did-resolution\" ",
              "fullTitle": "Test Scenario 1: DID Resolution Result.. Should have header with Content-Type with value application/ld+json;profile=\"https://w3id.org/did-resolution\" ",
              "timedOut": null,
              "duration": 319,
              "state": "passed",
              "speed": "fast",
              "pass": true,
              "fail": false,
              "pending": false,
              "context": null,
              "code": "cy.get(\"@request\").then(response => {\n  expect(response.headers[\"content-type\"]).to.contain('application/ld+json;profile=\"https://w3id.org/did-resolution');\n});",
              "err": {},
              "uuid": "147c8aa7-a1fe-4df1-8eb4-bc30af54d446",
              "parentUUID": "cc82ca3d-9795-450b-8628-af19540218f2",
              "isHook": false,
              "skipped": false
            },
            {
              "title": "Must contain property didDocument",
              "fullTitle": "Test Scenario 1: DID Resolution Result.. Must contain property didDocument",
              "timedOut": null,
              "duration": 683,
              "state": "passed",
              "speed": "fast",
              "pass": true,
              "fail": false,
              "pending": false,
              "context": null,
              "code": "cy.get(\"@request\").then(response => {\n  expect(response.body).to.have.property(\"didDocument\");\n});",
              "err": {},
              "uuid": "856b7797-153d-4518-a3e2-f08a65977249",
              "parentUUID": "cc82ca3d-9795-450b-8628-af19540218f2",
              "isHook": false,
              "skipped": false
            },
            {
              "title": "Must contain property didResolutionMetadata",
              "fullTitle": "Test Scenario 1: DID Resolution Result.. Must contain property didResolutionMetadata",
              "timedOut": null,
              "duration": 294,
              "state": "passed",
              "speed": "fast",
              "pass": true,
              "fail": false,
              "pending": false,
              "context": null,
              "code": "cy.get(\"@request\").then(response => {\n  expect(response.body).to.have.property(\"didResolutionMetadata\");\n});",
              "err": {},
              "uuid": "15f2656a-fc70-4fd5-a4a2-97ab2ae18ef1",
              "parentUUID": "cc82ca3d-9795-450b-8628-af19540218f2",
              "isHook": false,
              "skipped": false
            },
            {
              "title": "Must contain property didDocumentMetadata",
              "fullTitle": "Test Scenario 1: DID Resolution Result.. Must contain property didDocumentMetadata",
              "timedOut": null,
              "duration": 307,
              "state": "passed",
              "speed": "fast",
              "pass": true,
              "fail": false,
              "pending": false,
              "context": null,
              "code": "cy.get(\"@request\").then(response => {\n  expect(response.body).to.have.property(\"didDocumentMetadata\");\n});",
              "err": {},
              "uuid": "fc89033a-125f-468f-9e69-d80d23225e16",
              "parentUUID": "cc82ca3d-9795-450b-8628-af19540218f2",
              "isHook": false,
              "skipped": false
            }
          ],
          "suites": [],
          "passes": [
            "546f8651-58cf-4c7d-9fba-ce990e85f25d",
            "147c8aa7-a1fe-4df1-8eb4-bc30af54d446",
            "856b7797-153d-4518-a3e2-f08a65977249",
            "15f2656a-fc70-4fd5-a4a2-97ab2ae18ef1",
            "fc89033a-125f-468f-9e69-d80d23225e16"
          ],
          "failures": [],
          "pending": [],
          "skipped": [],
          "duration": 3061,
          "root": false,
          "rootEmpty": false,
          "_timeout": 2000
        }
      ],
      "passes": [],
      "failures": [],
      "pending": [],
      "skipped": [],
      "duration": 0,
      "root": true,
      "rootEmpty": true,
      "_timeout": 2000
    }
  ],
  "meta": {
    "mocha": {
      "version": "7.0.1"
    },
    "mochawesome": {
      "options": {
        "quiet": false,
        "reportFilename": "mochawesome",
        "saveHtml": false,
        "saveJson": true,
        "consoleReporter": "spec",
        "useInlineDiffs": false,
        "code": true
      },
      "version": "7.1.2"
    },
    "marge": {
      "options": {
        "reportDir": "cypress/results",
        "overwrite": false,
        "html": false,
        "json": true
      },
      "version": "6.1.1"
    }
  }
}