{
  "stats": {
    "suites": 3,
    "tests": 7,
    "passes": 7,
    "pending": 0,
    "failures": 0,
    "start": "2022-03-07T13:23:21.484Z",
    "end": "2022-03-07T13:23:26.137Z",
    "duration": 4653,
    "testsRegistered": 7,
    "passPercent": 100,
    "pendingPercent": 0,
    "other": 0,
    "hasOther": false,
    "skipped": 0,
    "hasSkipped": false
  },
  "results": [
    {
      "uuid": "8a5becfe-7b48-4953-9309-7ab12ec9318c",
      "title": "",
      "fullFile": "cypress/integration/resolver_spec.js",
      "file": "cypress/integration/resolver_spec.js",
      "beforeHooks": [],
      "afterHooks": [],
      "tests": [],
      "suites": [
        {
          "uuid": "a338b4a1-9b70-4b45-b91e-9f695596015c",
          "title": "Test 1: Normal DID Resolution Result",
          "fullFile": "",
          "file": "",
          "beforeHooks": [],
          "afterHooks": [],
          "tests": [
            {
              "title": "Should have response status 200",
              "fullTitle": "Test 1: Normal DID Resolution Result Should have response status 200",
              "timedOut": null,
              "duration": 1193,
              "state": "passed",
              "speed": "fast",
              "pass": true,
              "fail": false,
              "pending": false,
              "context": null,
              "code": "cy.get(\"@request\").then(response => {\n  expect(response.status).to.eq(200);\n});",
              "err": {},
              "uuid": "17642473-e59c-450d-83e1-5699adb81351",
              "parentUUID": "a338b4a1-9b70-4b45-b91e-9f695596015c",
              "isHook": false,
              "skipped": false
            },
            {
              "title": "Should have property didDocument",
              "fullTitle": "Test 1: Normal DID Resolution Result Should have property didDocument",
              "timedOut": null,
              "duration": 296,
              "state": "passed",
              "speed": "fast",
              "pass": true,
              "fail": false,
              "pending": false,
              "context": null,
              "code": "cy.get(\"@request\").then(response => {\n  expect(response.body).to.have.property(\"didDocument\");\n});",
              "err": {},
              "uuid": "10cd2cdb-2584-43c5-b2b2-b26b81cd4775",
              "parentUUID": "a338b4a1-9b70-4b45-b91e-9f695596015c",
              "isHook": false,
              "skipped": false
            },
            {
              "title": "Should have property didResolutionMetadata",
              "fullTitle": "Test 1: Normal DID Resolution Result Should have property didResolutionMetadata",
              "timedOut": null,
              "duration": 992,
              "state": "passed",
              "speed": "fast",
              "pass": true,
              "fail": false,
              "pending": false,
              "context": null,
              "code": "cy.get(\"@request\").then(response => {\n  expect(response.body).to.have.property(\"didResolutionMetadata\");\n});",
              "err": {},
              "uuid": "93362e5f-0638-415c-aa86-864f146d59a7",
              "parentUUID": "a338b4a1-9b70-4b45-b91e-9f695596015c",
              "isHook": false,
              "skipped": false
            },
            {
              "title": "Should have property didDocumentMetadata",
              "fullTitle": "Test 1: Normal DID Resolution Result Should have property didDocumentMetadata",
              "timedOut": null,
              "duration": 619,
              "state": "passed",
              "speed": "fast",
              "pass": true,
              "fail": false,
              "pending": false,
              "context": null,
              "code": "cy.get(\"@request\").then(response => {\n  expect(response.body).to.have.property(\"didDocumentMetadata\");\n});",
              "err": {},
              "uuid": "92ad14db-6791-4b52-bf02-854c97df81f8",
              "parentUUID": "a338b4a1-9b70-4b45-b91e-9f695596015c",
              "isHook": false,
              "skipped": false
            }
          ],
          "suites": [],
          "passes": [
            "17642473-e59c-450d-83e1-5699adb81351",
            "10cd2cdb-2584-43c5-b2b2-b26b81cd4775",
            "93362e5f-0638-415c-aa86-864f146d59a7",
            "92ad14db-6791-4b52-bf02-854c97df81f8"
          ],
          "failures": [],
          "pending": [],
          "skipped": [],
          "duration": 3100,
          "root": false,
          "rootEmpty": false,
          "_timeout": 2000
        },
        {
          "uuid": "9a375032-6bd6-4245-9d6c-23ca89480ac8",
          "title": "Test 2: Only DID document",
          "fullFile": "",
          "file": "",
          "beforeHooks": [],
          "afterHooks": [],
          "tests": [
            {
              "title": "Should have response status 200",
              "fullTitle": "Test 2: Only DID document Should have response status 200",
              "timedOut": null,
              "duration": 609,
              "state": "passed",
              "speed": "fast",
              "pass": true,
              "fail": false,
              "pending": false,
              "context": null,
              "code": "cy.get(\"@headers\").then(response => {\n  console.log(response.body);\n  expect(response.status).to.eq(200);\n});",
              "err": {},
              "uuid": "abaf6a0f-1d83-49e6-a09c-bc4d510aa1c4",
              "parentUUID": "9a375032-6bd6-4245-9d6c-23ca89480ac8",
              "isHook": false,
              "skipped": false
            },
            {
              "title": "Should not have property didDocument",
              "fullTitle": "Test 2: Only DID document Should not have property didDocument",
              "timedOut": null,
              "duration": 757,
              "state": "passed",
              "speed": "fast",
              "pass": true,
              "fail": false,
              "pending": false,
              "context": null,
              "code": "cy.get(\"@headers\").then(response => {\n  expect(response.body).not.to.have.property(\"didDocument\");\n});",
              "err": {},
              "uuid": "6689d0ba-b0c7-4e87-850c-82c52241422d",
              "parentUUID": "9a375032-6bd6-4245-9d6c-23ca89480ac8",
              "isHook": false,
              "skipped": false
            }
          ],
          "suites": [],
          "passes": [
            "abaf6a0f-1d83-49e6-a09c-bc4d510aa1c4",
            "6689d0ba-b0c7-4e87-850c-82c52241422d"
          ],
          "failures": [],
          "pending": [],
          "skipped": [],
          "duration": 1366,
          "root": false,
          "rootEmpty": false,
          "_timeout": 2000
        },
        {
          "uuid": "90e7536a-e288-4468-96d9-d8c7dcf84909",
          "title": "Test 3: Not found",
          "fullFile": "",
          "file": "",
          "beforeHooks": [],
          "afterHooks": [],
          "tests": [
            {
              "title": "Tests an error",
              "fullTitle": "Test 3: Not found Tests an error",
              "timedOut": null,
              "duration": 154,
              "state": "passed",
              "speed": "fast",
              "pass": true,
              "fail": false,
              "pending": false,
              "context": null,
              "code": "cy.request({\n  method: \"GET\",\n  url: \"https://dev.uniresolver.io/1.0/identifiers/did:sov:WRfXPg8dantKVubE3HX8pwtest\",\n  failOnStatusCode: false\n}).then(response => {\n  expect(response.status).to.eq(404);\n});",
              "err": {},
              "uuid": "e26f92e0-839a-4e85-a01b-3ee3e84f03ce",
              "parentUUID": "90e7536a-e288-4468-96d9-d8c7dcf84909",
              "isHook": false,
              "skipped": false
            }
          ],
          "suites": [],
          "passes": [
            "e26f92e0-839a-4e85-a01b-3ee3e84f03ce"
          ],
          "failures": [],
          "pending": [],
          "skipped": [],
          "duration": 154,
          "root": false,
          "rootEmpty": false,
          "_timeout": 2000
        }
      ],
      "passes": [],
      "failures": [],
      "pending": [],
      "skipped": [],
      "duration": 0,
      "root": true,
      "rootEmpty": true,
      "_timeout": 2000
    }
  ],
  "meta": {
    "mocha": {
      "version": "7.0.1"
    },
    "mochawesome": {
      "options": {
        "quiet": false,
        "reportFilename": "mochawesome",
        "saveHtml": false,
        "saveJson": true,
        "consoleReporter": "spec",
        "useInlineDiffs": false,
        "code": true
      },
      "version": "7.1.2"
    },
    "marge": {
      "options": {
        "reportDir": "cypress/results",
        "overwrite": false,
        "html": false,
        "json": true
      },
      "version": "6.1.1"
    }
  }
}